#
# There is insufficient memory for the Java Runtime Environment to continue.
# Native memory allocation (mmap) failed to map 91226112 bytes for G1 virtual space
# Possible reasons:
#   The system is out of physical RAM or swap space
#   The process is running with CompressedOops enabled, and the Java Heap may be blocking the growth of the native heap
# Possible solutions:
#   Reduce memory load on the system
#   Increase physical memory or swap space
#   Check if swap backing store is full
#   Decrease Java heap size (-Xmx/-Xms)
#   Decrease number of Java threads
#   Decrease Java thread stack sizes (-Xss)
#   Set larger code cache with -XX:ReservedCodeCacheSize=
#   JVM is running with Unscaled Compressed Oops mode in which the Java heap is
#     placed in the first 4GB address space. The Java Heap base address is the
#     maximum limit for the native heap growth. Please use -XX:HeapBaseMinAddress
#     to set the Java Heap base and to place the Java Heap above 4GB virtual address.
# This output file may be truncated or incomplete.
#
#  Out of Memory Error (os_windows.cpp:3603), pid=14792, tid=13216
#
# JRE version: Java(TM) SE Runtime Environment (21.0.8+12) (build 21.0.8+12-LTS-250)
# Java VM: Java HotSpot(TM) 64-Bit Server VM (21.0.8+12-LTS-250, mixed mode, sharing, tiered, compressed oops, compressed class ptrs, g1 gc, windows-amd64)
# No core dump will be written. Minidumps are not enabled by default on client versions of Windows
#

---------------  S U M M A R Y ------------

Command Line: -Dfile.encoding=UTF8 -ea -Xmx1024m 

Host: Intel(R) Core(TM) i7-6700 CPU @ 3.40GHz, 8 cores, 7G,  Windows 11 , 64 bit Build 22621 (10.0.22621.5415)
Time: Tue Oct 21 14:53:21 2025 대한민국 표준시 elapsed time: 2.501780 seconds (0d 0h 0m 2s)

---------------  T H R E A D  ---------------

Current thread (0x00000247803edeb0):  VMThread "VM Thread"          [id=13216, stack(0x00000063204e0000,0x00000063207c0000) (2944K)]

Stack: [0x00000063204e0000,0x00000063207c0000]
Native frames: (J=compiled Java code, j=interpreted, Vv=VM code, C=native code)
C  0x00007ff87175c179
C  0x00007ff8718e84c1
C  0x00007ff8718ea9ee
C  0x00007ff8718eb0c3
C  0x00007ff87130ebf6
C  0x00007ff8717588f5
C  0x00007ff87174d45a
C  0x00007ff8713e4b1a
C  0x00007ff8713ec796
C  0x00007ff87143f85e
C  0x00007ff87143fb08
C  0x00007ff8713b8e2c
C  0x00007ff8713bb686
C  0x00007ff8713c5638
C  0x00007ff8713fb965
C  0x00007ff8718f0e90
C  0x00007ff8718f2214
C  0x00007ff8718f2750
C  0x00007ff8718f29f3
C  0x00007ff87189279b
C  0x00007ff87175a85d
C  [ucrtbase.dll+0x29333]
C  [KERNEL32.DLL+0x1259d]
C  [ntdll.dll+0x5af78]

VM_Operation (0x000000631f95f770): G1PauseRemark, mode: safepoint, requested by thread 0x00000247ef7f5670


---------------  P R O C E S S  ---------------

Threads class SMR info:
_java_thread_list=0x0000024783737f90, length=12, elements={
0x00000247805c1140, 0x00000247805be350, 0x00000247805be9e0, 0x00000247805bc910,
0x00000247805c1e60, 0x00000247805c24f0, 0x00000247805c3210, 0x00000247803c49f0,
0x00000247803bf830, 0x00000247805c17d0, 0x00000247805c0ab0, 0x00000247805c0420
}

Java Threads: ( => current thread )
  0x00000247805c1140 JavaThread "main"                              [_thread_blocked, id=8844, stack(0x0000006319600000,0x00000063198e0000) (2944K)]
  0x00000247805be350 JavaThread "Reference Handler"          daemon [_thread_blocked, id=15656, stack(0x00000063207c0000,0x0000006320aa0000) (2944K)]
  0x00000247805be9e0 JavaThread "Finalizer"                  daemon [_thread_blocked, id=8244, stack(0x0000006320aa0000,0x0000006320d80000) (2944K)]
  0x00000247805bc910 JavaThread "Signal Dispatcher"          daemon [_thread_blocked, id=12688, stack(0x0000006320d80000,0x0000006321060000) (2944K)]
  0x00000247805c1e60 JavaThread "Attach Listener"            daemon [_thread_blocked, id=7808, stack(0x0000006321060000,0x0000006321340000) (2944K)]
  0x00000247805c24f0 JavaThread "Service Thread"             daemon [_thread_blocked, id=4008, stack(0x0000006321340000,0x0000006321620000) (2944K)]
  0x00000247805c3210 JavaThread "Monitor Deflation Thread"   daemon [_thread_blocked, id=4828, stack(0x0000006321620000,0x0000006321900000) (2944K)]
  0x00000247803c49f0 JavaThread "C2 CompilerThread0"         daemon [_thread_blocked, id=3860, stack(0x0000006321900000,0x0000006321be0000) (2944K)]
  0x00000247803bf830 JavaThread "C1 CompilerThread0"         daemon [_thread_blocked, id=7444, stack(0x0000006321be0000,0x0000006321ec0000) (2944K)]
  0x00000247805c17d0 JavaThread "Notification Thread"        daemon [_thread_blocked, id=12976, stack(0x0000006321ec0000,0x00000063221a0000) (2944K)]
  0x00000247805c0ab0 JavaThread "Common-Cleaner"             daemon [_thread_blocked, id=10104, stack(0x00000063221a0000,0x0000006322480000) (2944K)]
  0x00000247805c0420 JavaThread "Python Reference Queue"     daemon [_thread_blocked, id=13968, stack(0x0000006322480000,0x0000006322760000) (2944K)]
Total: 12

Other Threads:
=>0x00000247803edeb0 VMThread "VM Thread"                           [id=13216, stack(0x00000063204e0000,0x00000063207c0000) (2944K)]
  0x00000247803bdbe0 WatcherThread "VM Periodic Task Thread"        [id=13828, stack(0x0000006320200000,0x00000063204e0000) (2944K)]
  0x00000247803edb10 WorkerThread "GC Thread#0"                     [id=12396, stack(0x000000631f3a0000,0x000000631f680000) (2944K)]
  0x00000247803eb330 WorkerThread "GC Thread#1"                     [id=13816, stack(0x0000006322d20000,0x0000006323000000) (2944K)]
  0x00000247803ee250 WorkerThread "GC Thread#2"                     [id=12568, stack(0x0000006323000000,0x00000063232e0000) (2944K)]
  0x00000247803f1510 WorkerThread "GC Thread#3"                     [id=7860, stack(0x00000063232e0000,0x00000063235c0000) (2944K)]
  0x00000247803eb6d0 WorkerThread "GC Thread#4"                     [id=5436, stack(0x00000063235c0000,0x00000063238a0000) (2944K)]
  0x00000247803ec8f0 WorkerThread "GC Thread#5"                     [id=15148, stack(0x00000063238a0000,0x0000006323b80000) (2944K)]
  0x00000247ef7f5670 ConcurrentGCThread "G1 Main Marker"            [id=13012, stack(0x000000631f680000,0x000000631f960000) (2944K)]
  0x00000247803f1ff0 WorkerThread "G1 Conc#0"                       [id=9708, stack(0x000000631f960000,0x000000631fc40000) (2944K)]
  0x00000247803f18b0 WorkerThread "G1 Conc#1"                       [id=4260, stack(0x0000006323b80000,0x0000006323e60000) (2944K)]
  0x00000247803021e0 ConcurrentGCThread "G1 Refine#0"               [id=7580, stack(0x000000631fc40000,0x000000631ff20000) (2944K)]
  0x00000247801c6b60 ConcurrentGCThread "G1 Service"                [id=15724, stack(0x000000631ff20000,0x0000006320200000) (2944K)]
Total: 13

Threads with active compile tasks:
C2 CompilerThread0     3744 1468   !   4       java.io.ObjectInputStream::readObject0 (681 bytes)
C1 CompilerThread0     3745 1471       3       java.io.SerialCallbackContext::check (59 bytes)
Total: 2

VM state: at safepoint (normal execution)

VM Mutex/Monitor currently owned by a thread:  ([mutex/lock_event])
[0x00007ff871cd0e50] Threads_lock - owner thread: 0x00000247803edeb0
[0x00007ff871cd0f50] Heap_lock - owner thread: 0x00000247ef7f5670

Heap address: 0x00000000c0000000, size: 1024 MB, Compressed Oops mode: 32-bit

CDS archive(s) mapped at: [0x0000024800000000-0x0000024800c90000-0x0000024800c90000), size 13172736, SharedBaseAddress: 0x0000024800000000, ArchiveRelocationMode: 1.
Compressed class space mapped at: 0x0000024801000000-0x0000024841000000, reserved size: 1073741824
Narrow klass base: 0x0000024800000000, Narrow klass shift: 0, Narrow klass range: 0x100000000

GC Precious Log:
 CardTable entry size: 512
 Card Set container configuration: InlinePtr #cards 5 size 8 Array Of Cards #cards 12 size 40 Howl #buckets 4 coarsen threshold 1843 Howl Bitmap #cards 512 size 80 coarsen threshold 460 Card regions per heap region 1 cards per card region 2048
 CPUs: 8 total, 8 available
 Memory: 8129M
 Large Page Support: Disabled
 NUMA Support: Disabled
 Compressed Oops: Enabled (32-bit)
 Heap Region Size: 1M
 Heap Min Capacity: 8M
 Heap Initial Capacity: 128M
 Heap Max Capacity: 1G
 Pre-touch: Disabled
 Parallel Workers: 8
 Concurrent Workers: 2
 Concurrent Refinement Workers: 8
 Periodic GC: Disabled

Heap:
 garbage-first heap   total 273408K, used 215354K [0x00000000c0000000, 0x0000000100000000)
  region size 1024K, 34 young (34816K), 6 survivors (6144K)
 Metaspace       used 3707K, committed 3968K, reserved 1114112K
  class space    used 333K, committed 448K, reserved 1048576K

Heap Regions: E=young(eden), S=young(survivor), O=old, HS=humongous(starts), HC=humongous(continues), CS=collection set, F=free, TAMS=top-at-mark-start, PB=parsable bottom
|   0|0x00000000c0000000, 0x00000000c00ffff8, 0x00000000c0100000| 99%| O|  |TAMS 0x00000000c00ffff8| PB 0x00000000c00ffff8| Untracked 
|   1|0x00000000c0100000, 0x00000000c01fffd0, 0x00000000c0200000| 99%| O|  |TAMS 0x00000000c01fffd0| PB 0x00000000c01fffd0| Untracked 
|   2|0x00000000c0200000, 0x00000000c02ffff8, 0x00000000c0300000| 99%| O|  |TAMS 0x00000000c02ffff8| PB 0x00000000c02ffff8| Untracked 
|   3|0x00000000c0300000, 0x00000000c03fffe8, 0x00000000c0400000| 99%| O|  |TAMS 0x00000000c03fffe8| PB 0x00000000c03fffe8| Untracked 
|   4|0x00000000c0400000, 0x00000000c04ffff8, 0x00000000c0500000| 99%| O|  |TAMS 0x00000000c04ffff8| PB 0x00000000c04ffff8| Untracked 
|   5|0x00000000c0500000, 0x00000000c0600000, 0x00000000c0600000|100%| O|  |TAMS 0x00000000c0600000| PB 0x00000000c0600000| Untracked 
|   6|0x00000000c0600000, 0x00000000c0700000, 0x00000000c0700000|100%| O|  |TAMS 0x00000000c0700000| PB 0x00000000c0700000| Untracked 
|   7|0x00000000c0700000, 0x00000000c0800000, 0x00000000c0800000|100%| O|  |TAMS 0x00000000c0800000| PB 0x00000000c0800000| Untracked 
|   8|0x00000000c0800000, 0x00000000c0900000, 0x00000000c0900000|100%| O|  |TAMS 0x00000000c0900000| PB 0x00000000c0900000| Untracked 
|   9|0x00000000c0900000, 0x00000000c0a00000, 0x00000000c0a00000|100%| O|  |TAMS 0x00000000c0a00000| PB 0x00000000c0a00000| Untracked 
|  10|0x00000000c0a00000, 0x00000000c0affff8, 0x00000000c0b00000| 99%| O|  |TAMS 0x00000000c0affff8| PB 0x00000000c0affff8| Untracked 
|  11|0x00000000c0b00000, 0x00000000c0c00000, 0x00000000c0c00000|100%| O|  |TAMS 0x00000000c0c00000| PB 0x00000000c0c00000| Untracked 
|  12|0x00000000c0c00000, 0x00000000c0cffff0, 0x00000000c0d00000| 99%| O|  |TAMS 0x00000000c0cffff0| PB 0x00000000c0cffff0| Untracked 
|  13|0x00000000c0d00000, 0x00000000c0e00000, 0x00000000c0e00000|100%| O|  |TAMS 0x00000000c0e00000| PB 0x00000000c0e00000| Untracked 
|  14|0x00000000c0e00000, 0x00000000c0effff8, 0x00000000c0f00000| 99%| O|  |TAMS 0x00000000c0effff8| PB 0x00000000c0effff8| Untracked 
|  15|0x00000000c0f00000, 0x00000000c0fffff8, 0x00000000c1000000| 99%| O|  |TAMS 0x00000000c0fffff8| PB 0x00000000c0fffff8| Untracked 
|  16|0x00000000c1000000, 0x00000000c1100000, 0x00000000c1100000|100%| O|  |TAMS 0x00000000c1100000| PB 0x00000000c1100000| Untracked 
|  17|0x00000000c1100000, 0x00000000c11ffff8, 0x00000000c1200000| 99%| O|  |TAMS 0x00000000c11ffff8| PB 0x00000000c11ffff8| Untracked 
|  18|0x00000000c1200000, 0x00000000c1300000, 0x00000000c1300000|100%| O|  |TAMS 0x00000000c1300000| PB 0x00000000c1300000| Untracked 
|  19|0x00000000c1300000, 0x00000000c13ffff8, 0x00000000c1400000| 99%| O|  |TAMS 0x00000000c13ffff8| PB 0x00000000c13ffff8| Untracked 
|  20|0x00000000c1400000, 0x00000000c14fffe8, 0x00000000c1500000| 99%| O|  |TAMS 0x00000000c14fffe8| PB 0x00000000c14fffe8| Untracked 
|  21|0x00000000c1500000, 0x00000000c15fffe0, 0x00000000c1600000| 99%| O|  |TAMS 0x00000000c15fffe0| PB 0x00000000c15fffe0| Untracked 
|  22|0x00000000c1600000, 0x00000000c16ffff0, 0x00000000c1700000| 99%| O|  |TAMS 0x00000000c16ffff0| PB 0x00000000c16ffff0| Untracked 
|  23|0x00000000c1700000, 0x00000000c17ffff0, 0x00000000c1800000| 99%| O|  |TAMS 0x00000000c17ffff0| PB 0x00000000c17ffff0| Untracked 
|  24|0x00000000c1800000, 0x00000000c1900000, 0x00000000c1900000|100%| O|  |TAMS 0x00000000c1900000| PB 0x00000000c1900000| Untracked 
|  25|0x00000000c1900000, 0x00000000c19b61e8, 0x00000000c1a00000| 71%| O|  |TAMS 0x00000000c19b61e8| PB 0x00000000c19b61e8| Updating 
|  26|0x00000000c1a00000, 0x00000000c1a98ad0, 0x00000000c1b00000| 59%| O|  |TAMS 0x00000000c1a98ad0| PB 0x00000000c1a98ad0| Updating 
|  27|0x00000000c1b00000, 0x00000000c1c00000, 0x00000000c1c00000|100%| O|  |TAMS 0x00000000c1c00000| PB 0x00000000c1c00000| Untracked 
|  28|0x00000000c1c00000, 0x00000000c1d00000, 0x00000000c1d00000|100%| O|  |TAMS 0x00000000c1d00000| PB 0x00000000c1d00000| Untracked 
|  29|0x00000000c1d00000, 0x00000000c1e00000, 0x00000000c1e00000|100%| O|  |TAMS 0x00000000c1e00000| PB 0x00000000c1e00000| Untracked 
|  30|0x00000000c1e00000, 0x00000000c1f00000, 0x00000000c1f00000|100%| O|  |TAMS 0x00000000c1f00000| PB 0x00000000c1f00000| Untracked 
|  31|0x00000000c1f00000, 0x00000000c2000000, 0x00000000c2000000|100%| O|  |TAMS 0x00000000c2000000| PB 0x00000000c2000000| Untracked 
|  32|0x00000000c2000000, 0x00000000c2100000, 0x00000000c2100000|100%| O|  |TAMS 0x00000000c2100000| PB 0x00000000c2100000| Untracked 
|  33|0x00000000c2100000, 0x00000000c2200000, 0x00000000c2200000|100%| O|  |TAMS 0x00000000c2200000| PB 0x00000000c2200000| Untracked 
|  34|0x00000000c2200000, 0x00000000c2300000, 0x00000000c2300000|100%| O|  |TAMS 0x00000000c2300000| PB 0x00000000c2300000| Untracked 
|  35|0x00000000c2300000, 0x00000000c2400000, 0x00000000c2400000|100%| O|  |TAMS 0x00000000c2400000| PB 0x00000000c2400000| Untracked 
|  36|0x00000000c2400000, 0x00000000c2500000, 0x00000000c2500000|100%| O|  |TAMS 0x00000000c2500000| PB 0x00000000c2500000| Untracked 
|  37|0x00000000c2500000, 0x00000000c2600000, 0x00000000c2600000|100%| O|  |TAMS 0x00000000c2600000| PB 0x00000000c2600000| Untracked 
|  38|0x00000000c2600000, 0x00000000c2700000, 0x00000000c2700000|100%| O|  |TAMS 0x00000000c2700000| PB 0x00000000c2700000| Untracked 
|  39|0x00000000c2700000, 0x00000000c2800000, 0x00000000c2800000|100%| O|  |TAMS 0x00000000c2800000| PB 0x00000000c2800000| Untracked 
|  40|0x00000000c2800000, 0x00000000c2900000, 0x00000000c2900000|100%| O|  |TAMS 0x00000000c2900000| PB 0x00000000c2900000| Untracked 
|  41|0x00000000c2900000, 0x00000000c2a00000, 0x00000000c2a00000|100%| O|  |TAMS 0x00000000c2a00000| PB 0x00000000c2a00000| Untracked 
|  42|0x00000000c2a00000, 0x00000000c2b00000, 0x00000000c2b00000|100%| O|  |TAMS 0x00000000c2b00000| PB 0x00000000c2b00000| Untracked 
|  43|0x00000000c2b00000, 0x00000000c2c00000, 0x00000000c2c00000|100%| O|  |TAMS 0x00000000c2c00000| PB 0x00000000c2c00000| Untracked 
|  44|0x00000000c2c00000, 0x00000000c2d00000, 0x00000000c2d00000|100%| O|  |TAMS 0x00000000c2d00000| PB 0x00000000c2d00000| Untracked 
|  45|0x00000000c2d00000, 0x00000000c2e00000, 0x00000000c2e00000|100%| O|  |TAMS 0x00000000c2e00000| PB 0x00000000c2e00000| Untracked 
|  46|0x00000000c2e00000, 0x00000000c2f00000, 0x00000000c2f00000|100%| O|  |TAMS 0x00000000c2f00000| PB 0x00000000c2f00000| Untracked 
|  47|0x00000000c2f00000, 0x00000000c2f00000, 0x00000000c3000000|  0%| F|  |TAMS 0x00000000c2f00000| PB 0x00000000c2f00000| Untracked 
|  48|0x00000000c3000000, 0x00000000c3000000, 0x00000000c3100000|  0%| F|  |TAMS 0x00000000c3000000| PB 0x00000000c3000000| Untracked 
|  49|0x00000000c3100000, 0x00000000c3100000, 0x00000000c3200000|  0%| F|  |TAMS 0x00000000c3100000| PB 0x00000000c3100000| Untracked 
|  50|0x00000000c3200000, 0x00000000c3200000, 0x00000000c3300000|  0%| F|  |TAMS 0x00000000c3200000| PB 0x00000000c3200000| Untracked 
|  51|0x00000000c3300000, 0x00000000c3400000, 0x00000000c3400000|100%| O|  |TAMS 0x00000000c3400000| PB 0x00000000c3400000| Untracked 
|  52|0x00000000c3400000, 0x00000000c3500000, 0x00000000c3500000|100%| O|  |TAMS 0x00000000c3500000| PB 0x00000000c3500000| Untracked 
|  53|0x00000000c3500000, 0x00000000c3600000, 0x00000000c3600000|100%| O|  |TAMS 0x00000000c3600000| PB 0x00000000c3600000| Untracked 
|  54|0x00000000c3600000, 0x00000000c3700000, 0x00000000c3700000|100%| O|  |TAMS 0x00000000c3700000| PB 0x00000000c3700000| Untracked 
|  55|0x00000000c3700000, 0x00000000c3800000, 0x00000000c3800000|100%| O|  |TAMS 0x00000000c3700000| PB 0x00000000c3700000| Untracked 
|  56|0x00000000c3800000, 0x00000000c3900000, 0x00000000c3900000|100%| O|  |TAMS 0x00000000c3900000| PB 0x00000000c3900000| Untracked 
|  57|0x00000000c3900000, 0x00000000c3a00000, 0x00000000c3a00000|100%| O|  |TAMS 0x00000000c3a00000| PB 0x00000000c3a00000| Untracked 
|  58|0x00000000c3a00000, 0x00000000c3b00000, 0x00000000c3b00000|100%| O|  |TAMS 0x00000000c3b00000| PB 0x00000000c3b00000| Untracked 
|  59|0x00000000c3b00000, 0x00000000c3c00000, 0x00000000c3c00000|100%| O|  |TAMS 0x00000000c3c00000| PB 0x00000000c3c00000| Untracked 
|  60|0x00000000c3c00000, 0x00000000c3d00000, 0x00000000c3d00000|100%| O|  |TAMS 0x00000000c3d00000| PB 0x00000000c3d00000| Untracked 
|  61|0x00000000c3d00000, 0x00000000c3e00000, 0x00000000c3e00000|100%| O|  |TAMS 0x00000000c3e00000| PB 0x00000000c3e00000| Untracked 
|  62|0x00000000c3e00000, 0x00000000c3f00000, 0x00000000c3f00000|100%| O|  |TAMS 0x00000000c3f00000| PB 0x00000000c3f00000| Updating 
|  63|0x00000000c3f00000, 0x00000000c4000000, 0x00000000c4000000|100%|HS|  |TAMS 0x00000000c4000000| PB 0x00000000c3f00000| Complete 
|  64|0x00000000c4000000, 0x00000000c4100000, 0x00000000c4100000|100%|HS|  |TAMS 0x00000000c4100000| PB 0x00000000c4000000| Complete 
|  65|0x00000000c4100000, 0x00000000c4200000, 0x00000000c4200000|100%|HC|  |TAMS 0x00000000c4200000| PB 0x00000000c4100000| Complete 
|  66|0x00000000c4200000, 0x00000000c4300000, 0x00000000c4300000|100%|HC|  |TAMS 0x00000000c4300000| PB 0x00000000c4200000| Complete 
|  67|0x00000000c4300000, 0x00000000c4400000, 0x00000000c4400000|100%| O|  |TAMS 0x00000000c4400000| PB 0x00000000c4400000| Untracked 
|  68|0x00000000c4400000, 0x00000000c4500000, 0x00000000c4500000|100%| O|  |TAMS 0x00000000c4500000| PB 0x00000000c4500000| Untracked 
|  69|0x00000000c4500000, 0x00000000c4600000, 0x00000000c4600000|100%| O|  |TAMS 0x00000000c4600000| PB 0x00000000c4600000| Untracked 
|  70|0x00000000c4600000, 0x00000000c4700000, 0x00000000c4700000|100%| O|  |TAMS 0x00000000c4700000| PB 0x00000000c4700000| Updating 
|  71|0x00000000c4700000, 0x00000000c4800000, 0x00000000c4800000|100%|HS|  |TAMS 0x00000000c4800000| PB 0x00000000c4700000| Complete 
|  72|0x00000000c4800000, 0x00000000c4900000, 0x00000000c4900000|100%|HC|  |TAMS 0x00000000c4900000| PB 0x00000000c4800000| Complete 
|  73|0x00000000c4900000, 0x00000000c4a00000, 0x00000000c4a00000|100%|HC|  |TAMS 0x00000000c4a00000| PB 0x00000000c4900000| Complete 
|  74|0x00000000c4a00000, 0x00000000c4b00000, 0x00000000c4b00000|100%| O|  |TAMS 0x00000000c4b00000| PB 0x00000000c4b00000| Untracked 
|  75|0x00000000c4b00000, 0x00000000c4c00000, 0x00000000c4c00000|100%| O|  |TAMS 0x00000000c4c00000| PB 0x00000000c4c00000| Untracked 
|  76|0x00000000c4c00000, 0x00000000c4d00000, 0x00000000c4d00000|100%| O|  |TAMS 0x00000000c4d00000| PB 0x00000000c4d00000| Untracked 
|  77|0x00000000c4d00000, 0x00000000c4e00000, 0x00000000c4e00000|100%| O|  |TAMS 0x00000000c4e00000| PB 0x00000000c4e00000| Untracked 
|  78|0x00000000c4e00000, 0x00000000c4f00000, 0x00000000c4f00000|100%| O|  |TAMS 0x00000000c4f00000| PB 0x00000000c4f00000| Untracked 
|  79|0x00000000c4f00000, 0x00000000c5000000, 0x00000000c5000000|100%| O|  |TAMS 0x00000000c5000000| PB 0x00000000c5000000| Untracked 
|  80|0x00000000c5000000, 0x00000000c5100000, 0x00000000c5100000|100%| O|  |TAMS 0x00000000c5100000| PB 0x00000000c5100000| Untracked 
|  81|0x00000000c5100000, 0x00000000c5200000, 0x00000000c5200000|100%| O|  |TAMS 0x00000000c5200000| PB 0x00000000c5200000| Untracked 
|  82|0x00000000c5200000, 0x00000000c5300000, 0x00000000c5300000|100%| O|  |TAMS 0x00000000c5300000| PB 0x00000000c5300000| Untracked 
|  83|0x00000000c5300000, 0x00000000c5400000, 0x00000000c5400000|100%| O|  |TAMS 0x00000000c5400000| PB 0x00000000c5400000| Untracked 
|  84|0x00000000c5400000, 0x00000000c5500000, 0x00000000c5500000|100%| O|  |TAMS 0x00000000c5500000| PB 0x00000000c5500000| Untracked 
|  85|0x00000000c5500000, 0x00000000c5600000, 0x00000000c5600000|100%| O|  |TAMS 0x00000000c5600000| PB 0x00000000c5600000| Untracked 
|  86|0x00000000c5600000, 0x00000000c5700000, 0x00000000c5700000|100%| O|  |TAMS 0x00000000c5700000| PB 0x00000000c5700000| Untracked 
|  87|0x00000000c5700000, 0x00000000c5800000, 0x00000000c5800000|100%| O|  |TAMS 0x00000000c5800000| PB 0x00000000c5800000| Untracked 
|  88|0x00000000c5800000, 0x00000000c5900000, 0x00000000c5900000|100%| O|  |TAMS 0x00000000c5900000| PB 0x00000000c5900000| Untracked 
|  89|0x00000000c5900000, 0x00000000c5a00000, 0x00000000c5a00000|100%| O|  |TAMS 0x00000000c5a00000| PB 0x00000000c5a00000| Untracked 
|  90|0x00000000c5a00000, 0x00000000c5b00000, 0x00000000c5b00000|100%| O|  |TAMS 0x00000000c5b00000| PB 0x00000000c5b00000| Untracked 
|  91|0x00000000c5b00000, 0x00000000c5c00000, 0x00000000c5c00000|100%| O|  |TAMS 0x00000000c5c00000| PB 0x00000000c5c00000| Untracked 
|  92|0x00000000c5c00000, 0x00000000c5d00000, 0x00000000c5d00000|100%| O|  |TAMS 0x00000000c5d00000| PB 0x00000000c5d00000| Untracked 
|  93|0x00000000c5d00000, 0x00000000c5e00000, 0x00000000c5e00000|100%| O|  |TAMS 0x00000000c5e00000| PB 0x00000000c5e00000| Untracked 
|  94|0x00000000c5e00000, 0x00000000c5f00000, 0x00000000c5f00000|100%| O|  |TAMS 0x00000000c5f00000| PB 0x00000000c5f00000| Untracked 
|  95|0x00000000c5f00000, 0x00000000c6000000, 0x00000000c6000000|100%| O|  |TAMS 0x00000000c6000000| PB 0x00000000c6000000| Untracked 
|  96|0x00000000c6000000, 0x00000000c6100000, 0x00000000c6100000|100%| O|  |TAMS 0x00000000c6100000| PB 0x00000000c6100000| Untracked 
|  97|0x00000000c6100000, 0x00000000c6200000, 0x00000000c6200000|100%| O|  |TAMS 0x00000000c6200000| PB 0x00000000c6200000| Untracked 
|  98|0x00000000c6200000, 0x00000000c6300000, 0x00000000c6300000|100%| O|  |TAMS 0x00000000c6300000| PB 0x00000000c6300000| Untracked 
|  99|0x00000000c6300000, 0x00000000c6400000, 0x00000000c6400000|100%| O|  |TAMS 0x00000000c6400000| PB 0x00000000c6400000| Untracked 
| 100|0x00000000c6400000, 0x00000000c6500000, 0x00000000c6500000|100%| O|  |TAMS 0x00000000c6500000| PB 0x00000000c6500000| Untracked 
| 101|0x00000000c6500000, 0x00000000c6600000, 0x00000000c6600000|100%| O|  |TAMS 0x00000000c6600000| PB 0x00000000c6600000| Untracked 
| 102|0x00000000c6600000, 0x00000000c6700000, 0x00000000c6700000|100%| O|  |TAMS 0x00000000c6700000| PB 0x00000000c6700000| Untracked 
| 103|0x00000000c6700000, 0x00000000c6800000, 0x00000000c6800000|100%| O|  |TAMS 0x00000000c6800000| PB 0x00000000c6800000| Untracked 
| 104|0x00000000c6800000, 0x00000000c6900000, 0x00000000c6900000|100%| O|  |TAMS 0x00000000c6900000| PB 0x00000000c6900000| Untracked 
| 105|0x00000000c6900000, 0x00000000c6a00000, 0x00000000c6a00000|100%| O|  |TAMS 0x00000000c6a00000| PB 0x00000000c6a00000| Untracked 
| 106|0x00000000c6a00000, 0x00000000c6b00000, 0x00000000c6b00000|100%| O|  |TAMS 0x00000000c6b00000| PB 0x00000000c6b00000| Untracked 
| 107|0x00000000c6b00000, 0x00000000c6c00000, 0x00000000c6c00000|100%| O|  |TAMS 0x00000000c6c00000| PB 0x00000000c6c00000| Untracked 
| 108|0x00000000c6c00000, 0x00000000c6d00000, 0x00000000c6d00000|100%| O|  |TAMS 0x00000000c6d00000| PB 0x00000000c6d00000| Untracked 
| 109|0x00000000c6d00000, 0x00000000c6e00000, 0x00000000c6e00000|100%| O|  |TAMS 0x00000000c6e00000| PB 0x00000000c6e00000| Untracked 
| 110|0x00000000c6e00000, 0x00000000c6f00000, 0x00000000c6f00000|100%| O|  |TAMS 0x00000000c6f00000| PB 0x00000000c6f00000| Untracked 
| 111|0x00000000c6f00000, 0x00000000c7000000, 0x00000000c7000000|100%| O|  |TAMS 0x00000000c7000000| PB 0x00000000c7000000| Untracked 
| 112|0x00000000c7000000, 0x00000000c7100000, 0x00000000c7100000|100%| O|  |TAMS 0x00000000c7100000| PB 0x00000000c7100000| Untracked 
| 113|0x00000000c7100000, 0x00000000c7200000, 0x00000000c7200000|100%| O|  |TAMS 0x00000000c7200000| PB 0x00000000c7200000| Untracked 
| 114|0x00000000c7200000, 0x00000000c7300000, 0x00000000c7300000|100%| O|  |TAMS 0x00000000c7300000| PB 0x00000000c7300000| Untracked 
| 115|0x00000000c7300000, 0x00000000c7400000, 0x00000000c7400000|100%| O|  |TAMS 0x00000000c7400000| PB 0x00000000c7400000| Updating 
| 116|0x00000000c7400000, 0x00000000c7500000, 0x00000000c7500000|100%| O|  |TAMS 0x00000000c7500000| PB 0x00000000c7500000| Updating 
| 117|0x00000000c7500000, 0x00000000c7600000, 0x00000000c7600000|100%| O|  |TAMS 0x00000000c7600000| PB 0x00000000c7600000| Updating 
| 118|0x00000000c7600000, 0x00000000c7700000, 0x00000000c7700000|100%| O|  |TAMS 0x00000000c7700000| PB 0x00000000c7700000| Untracked 
| 119|0x00000000c7700000, 0x00000000c7800000, 0x00000000c7800000|100%| O|  |TAMS 0x00000000c7800000| PB 0x00000000c7800000| Untracked 
| 120|0x00000000c7800000, 0x00000000c7900000, 0x00000000c7900000|100%| O|  |TAMS 0x00000000c7900000| PB 0x00000000c7900000| Untracked 
| 121|0x00000000c7900000, 0x00000000c7a00000, 0x00000000c7a00000|100%| O|  |TAMS 0x00000000c7a00000| PB 0x00000000c7a00000| Untracked 
| 122|0x00000000c7a00000, 0x00000000c7b00000, 0x00000000c7b00000|100%| O|  |TAMS 0x00000000c7b00000| PB 0x00000000c7b00000| Untracked 
| 123|0x00000000c7b00000, 0x00000000c7c00000, 0x00000000c7c00000|100%| O|  |TAMS 0x00000000c7c00000| PB 0x00000000c7c00000| Untracked 
| 124|0x00000000c7c00000, 0x00000000c7d00000, 0x00000000c7d00000|100%| O|  |TAMS 0x00000000c7d00000| PB 0x00000000c7d00000| Untracked 
| 125|0x00000000c7d00000, 0x00000000c7e00000, 0x00000000c7e00000|100%| O|  |TAMS 0x00000000c7e00000| PB 0x00000000c7e00000| Untracked 
| 126|0x00000000c7e00000, 0x00000000c7f00000, 0x00000000c7f00000|100%| O|  |TAMS 0x00000000c7f00000| PB 0x00000000c7f00000| Untracked 
| 127|0x00000000c7f00000, 0x00000000c8000000, 0x00000000c8000000|100%| O|  |TAMS 0x00000000c8000000| PB 0x00000000c8000000| Untracked 
| 128|0x00000000c8000000, 0x00000000c8100000, 0x00000000c8100000|100%| O|  |TAMS 0x00000000c8100000| PB 0x00000000c8100000| Untracked 
| 129|0x00000000c8100000, 0x00000000c8200000, 0x00000000c8200000|100%| O|  |TAMS 0x00000000c8200000| PB 0x00000000c8200000| Untracked 
| 130|0x00000000c8200000, 0x00000000c8300000, 0x00000000c8300000|100%| O|  |TAMS 0x00000000c8300000| PB 0x00000000c8300000| Untracked 
| 131|0x00000000c8300000, 0x00000000c8400000, 0x00000000c8400000|100%| O|  |TAMS 0x00000000c8400000| PB 0x00000000c8400000| Untracked 
| 132|0x00000000c8400000, 0x00000000c8500000, 0x00000000c8500000|100%| O|  |TAMS 0x00000000c8500000| PB 0x00000000c8500000| Untracked 
| 133|0x00000000c8500000, 0x00000000c8600000, 0x00000000c8600000|100%| O|  |TAMS 0x00000000c8600000| PB 0x00000000c8600000| Untracked 
| 134|0x00000000c8600000, 0x00000000c8700000, 0x00000000c8700000|100%| O|  |TAMS 0x00000000c8700000| PB 0x00000000c8700000| Untracked 
| 135|0x00000000c8700000, 0x00000000c8800000, 0x00000000c8800000|100%| O|  |TAMS 0x00000000c8800000| PB 0x00000000c8800000| Untracked 
| 136|0x00000000c8800000, 0x00000000c8900000, 0x00000000c8900000|100%| O|  |TAMS 0x00000000c8900000| PB 0x00000000c8900000| Untracked 
| 137|0x00000000c8900000, 0x00000000c8a00000, 0x00000000c8a00000|100%| O|  |TAMS 0x00000000c8a00000| PB 0x00000000c8a00000| Untracked 
| 138|0x00000000c8a00000, 0x00000000c8b00000, 0x00000000c8b00000|100%| O|  |TAMS 0x00000000c8b00000| PB 0x00000000c8b00000| Untracked 
| 139|0x00000000c8b00000, 0x00000000c8c00000, 0x00000000c8c00000|100%| O|  |TAMS 0x00000000c8c00000| PB 0x00000000c8c00000| Untracked 
| 140|0x00000000c8c00000, 0x00000000c8d00000, 0x00000000c8d00000|100%| O|  |TAMS 0x00000000c8d00000| PB 0x00000000c8d00000| Untracked 
| 141|0x00000000c8d00000, 0x00000000c8e00000, 0x00000000c8e00000|100%| O|  |TAMS 0x00000000c8e00000| PB 0x00000000c8e00000| Untracked 
| 142|0x00000000c8e00000, 0x00000000c8f00000, 0x00000000c8f00000|100%| O|  |TAMS 0x00000000c8f00000| PB 0x00000000c8f00000| Untracked 
| 143|0x00000000c8f00000, 0x00000000c9000000, 0x00000000c9000000|100%| O|  |TAMS 0x00000000c9000000| PB 0x00000000c9000000| Untracked 
| 144|0x00000000c9000000, 0x00000000c9100000, 0x00000000c9100000|100%| O|  |TAMS 0x00000000c9100000| PB 0x00000000c9100000| Untracked 
| 145|0x00000000c9100000, 0x00000000c9200000, 0x00000000c9200000|100%| O|  |TAMS 0x00000000c9200000| PB 0x00000000c9200000| Untracked 
| 146|0x00000000c9200000, 0x00000000c9300000, 0x00000000c9300000|100%| O|  |TAMS 0x00000000c9300000| PB 0x00000000c9300000| Untracked 
| 147|0x00000000c9300000, 0x00000000c9400000, 0x00000000c9400000|100%| O|  |TAMS 0x00000000c9400000| PB 0x00000000c9400000| Updating 
| 148|0x00000000c9400000, 0x00000000c9500000, 0x00000000c9500000|100%| O|  |TAMS 0x00000000c9500000| PB 0x00000000c9500000| Updating 
| 149|0x00000000c9500000, 0x00000000c9600000, 0x00000000c9600000|100%| O|  |TAMS 0x00000000c9600000| PB 0x00000000c9600000| Updating 
| 150|0x00000000c9600000, 0x00000000c9700000, 0x00000000c9700000|100%| O|  |TAMS 0x00000000c9600000| PB 0x00000000c9600000| Untracked 
| 151|0x00000000c9700000, 0x00000000c9800000, 0x00000000c9800000|100%| O|  |TAMS 0x00000000c9700000| PB 0x00000000c9700000| Untracked 
| 152|0x00000000c9800000, 0x00000000c9900000, 0x00000000c9900000|100%| O|  |TAMS 0x00000000c9800000| PB 0x00000000c9800000| Untracked 
| 153|0x00000000c9900000, 0x00000000c9a00000, 0x00000000c9a00000|100%| O|  |TAMS 0x00000000c9900000| PB 0x00000000c9900000| Untracked 
| 154|0x00000000c9a00000, 0x00000000c9b00000, 0x00000000c9b00000|100%| O|  |TAMS 0x00000000c9a00000| PB 0x00000000c9a00000| Untracked 
| 155|0x00000000c9b00000, 0x00000000c9c00000, 0x00000000c9c00000|100%| O|  |TAMS 0x00000000c9b00000| PB 0x00000000c9b00000| Untracked 
| 156|0x00000000c9c00000, 0x00000000c9d00000, 0x00000000c9d00000|100%| O|  |TAMS 0x00000000c9c00000| PB 0x00000000c9c00000| Untracked 
| 157|0x00000000c9d00000, 0x00000000c9e00000, 0x00000000c9e00000|100%| O|  |TAMS 0x00000000c9d00000| PB 0x00000000c9d00000| Untracked 
| 158|0x00000000c9e00000, 0x00000000c9f00000, 0x00000000c9f00000|100%| O|  |TAMS 0x00000000c9e00000| PB 0x00000000c9e00000| Untracked 
| 159|0x00000000c9f00000, 0x00000000ca000000, 0x00000000ca000000|100%| O|  |TAMS 0x00000000c9f00000| PB 0x00000000c9f00000| Untracked 
| 160|0x00000000ca000000, 0x00000000ca100000, 0x00000000ca100000|100%| O|  |TAMS 0x00000000ca000000| PB 0x00000000ca000000| Untracked 
| 161|0x00000000ca100000, 0x00000000ca200000, 0x00000000ca200000|100%| O|  |TAMS 0x00000000ca100000| PB 0x00000000ca100000| Untracked 
| 162|0x00000000ca200000, 0x00000000ca300000, 0x00000000ca300000|100%| O|  |TAMS 0x00000000ca200000| PB 0x00000000ca200000| Untracked 
| 163|0x00000000ca300000, 0x00000000ca400000, 0x00000000ca400000|100%| O|  |TAMS 0x00000000ca300000| PB 0x00000000ca300000| Untracked 
| 164|0x00000000ca400000, 0x00000000ca500000, 0x00000000ca500000|100%| O|  |TAMS 0x00000000ca400000| PB 0x00000000ca400000| Untracked 
| 165|0x00000000ca500000, 0x00000000ca600000, 0x00000000ca600000|100%| O|  |TAMS 0x00000000ca500000| PB 0x00000000ca500000| Untracked 
| 166|0x00000000ca600000, 0x00000000ca700000, 0x00000000ca700000|100%| O|  |TAMS 0x00000000ca600000| PB 0x00000000ca600000| Untracked 
| 167|0x00000000ca700000, 0x00000000ca800000, 0x00000000ca800000|100%| O|  |TAMS 0x00000000ca700000| PB 0x00000000ca700000| Untracked 
| 168|0x00000000ca800000, 0x00000000ca900000, 0x00000000ca900000|100%|HS|  |TAMS 0x00000000ca800000| PB 0x00000000ca800000| Complete 
| 169|0x00000000ca900000, 0x00000000caa00000, 0x00000000caa00000|100%|HC|  |TAMS 0x00000000ca900000| PB 0x00000000ca900000| Complete 
| 170|0x00000000caa00000, 0x00000000cab00000, 0x00000000cab00000|100%|HS|  |TAMS 0x00000000caa00000| PB 0x00000000caa00000| Complete 
| 171|0x00000000cab00000, 0x00000000cac00000, 0x00000000cac00000|100%|HC|  |TAMS 0x00000000cab00000| PB 0x00000000cab00000| Complete 
| 172|0x00000000cac00000, 0x00000000cad00000, 0x00000000cad00000|100%|HC|  |TAMS 0x00000000cac00000| PB 0x00000000cac00000| Complete 
| 173|0x00000000cad00000, 0x00000000cae00000, 0x00000000cae00000|100%|HC|  |TAMS 0x00000000cad00000| PB 0x00000000cad00000| Complete 
| 174|0x00000000cae00000, 0x00000000caf00000, 0x00000000caf00000|100%|HC|  |TAMS 0x00000000cae00000| PB 0x00000000cae00000| Complete 
| 175|0x00000000caf00000, 0x00000000cb000000, 0x00000000cb000000|100%|HC|  |TAMS 0x00000000caf00000| PB 0x00000000caf00000| Complete 
| 176|0x00000000cb000000, 0x00000000cb100000, 0x00000000cb100000|100%|HS|  |TAMS 0x00000000cb000000| PB 0x00000000cb000000| Complete 
| 177|0x00000000cb100000, 0x00000000cb200000, 0x00000000cb200000|100%|HC|  |TAMS 0x00000000cb100000| PB 0x00000000cb100000| Complete 
| 178|0x00000000cb200000, 0x00000000cb300000, 0x00000000cb300000|100%|HC|  |TAMS 0x00000000cb200000| PB 0x00000000cb200000| Complete 
| 179|0x00000000cb300000, 0x00000000cb400000, 0x00000000cb400000|100%|HC|  |TAMS 0x00000000cb300000| PB 0x00000000cb300000| Complete 
| 180|0x00000000cb400000, 0x00000000cb500000, 0x00000000cb500000|100%|HC|  |TAMS 0x00000000cb400000| PB 0x00000000cb400000| Complete 
| 181|0x00000000cb500000, 0x00000000cb600000, 0x00000000cb600000|100%|HC|  |TAMS 0x00000000cb500000| PB 0x00000000cb500000| Complete 
| 182|0x00000000cb600000, 0x00000000cb600000, 0x00000000cb700000|  0%| F|  |TAMS 0x00000000cb600000| PB 0x00000000cb600000| Untracked 
| 183|0x00000000cb700000, 0x00000000cb700000, 0x00000000cb800000|  0%| F|  |TAMS 0x00000000cb700000| PB 0x00000000cb700000| Untracked 
| 184|0x00000000cb800000, 0x00000000cb800000, 0x00000000cb900000|  0%| F|  |TAMS 0x00000000cb800000| PB 0x00000000cb800000| Untracked 
| 185|0x00000000cb900000, 0x00000000cb900000, 0x00000000cba00000|  0%| F|  |TAMS 0x00000000cb900000| PB 0x00000000cb900000| Untracked 
| 186|0x00000000cba00000, 0x00000000cba00000, 0x00000000cbb00000|  0%| F|  |TAMS 0x00000000cba00000| PB 0x00000000cba00000| Untracked 
| 187|0x00000000cbb00000, 0x00000000cbb00000, 0x00000000cbc00000|  0%| F|  |TAMS 0x00000000cbb00000| PB 0x00000000cbb00000| Untracked 
| 188|0x00000000cbc00000, 0x00000000cbc00000, 0x00000000cbd00000|  0%| F|  |TAMS 0x00000000cbc00000| PB 0x00000000cbc00000| Untracked 
| 189|0x00000000cbd00000, 0x00000000cbd00000, 0x00000000cbe00000|  0%| F|  |TAMS 0x00000000cbd00000| PB 0x00000000cbd00000| Untracked 
| 190|0x00000000cbe00000, 0x00000000cbe00000, 0x00000000cbf00000|  0%| F|  |TAMS 0x00000000cbe00000| PB 0x00000000cbe00000| Untracked 
| 191|0x00000000cbf00000, 0x00000000cbf00000, 0x00000000cc000000|  0%| F|  |TAMS 0x00000000cbf00000| PB 0x00000000cbf00000| Untracked 
| 192|0x00000000cc000000, 0x00000000cc000000, 0x00000000cc100000|  0%| F|  |TAMS 0x00000000cc000000| PB 0x00000000cc000000| Untracked 
| 193|0x00000000cc100000, 0x00000000cc100000, 0x00000000cc200000|  0%| F|  |TAMS 0x00000000cc100000| PB 0x00000000cc100000| Untracked 
| 194|0x00000000cc200000, 0x00000000cc200000, 0x00000000cc300000|  0%| F|  |TAMS 0x00000000cc200000| PB 0x00000000cc200000| Untracked 
| 195|0x00000000cc300000, 0x00000000cc300000, 0x00000000cc400000|  0%| F|  |TAMS 0x00000000cc300000| PB 0x00000000cc300000| Untracked 
| 196|0x00000000cc400000, 0x00000000cc400000, 0x00000000cc500000|  0%| F|  |TAMS 0x00000000cc400000| PB 0x00000000cc400000| Untracked 
| 197|0x00000000cc500000, 0x00000000cc500000, 0x00000000cc600000|  0%| F|  |TAMS 0x00000000cc500000| PB 0x00000000cc500000| Untracked 
| 198|0x00000000cc600000, 0x00000000cc600000, 0x00000000cc700000|  0%| F|  |TAMS 0x00000000cc600000| PB 0x00000000cc600000| Untracked 
| 199|0x00000000cc700000, 0x00000000cc700000, 0x00000000cc800000|  0%| F|  |TAMS 0x00000000cc700000| PB 0x00000000cc700000| Untracked 
| 200|0x00000000cc800000, 0x00000000cc800000, 0x00000000cc900000|  0%| F|  |TAMS 0x00000000cc800000| PB 0x00000000cc800000| Untracked 
| 201|0x00000000cc900000, 0x00000000cc900000, 0x00000000cca00000|  0%| F|  |TAMS 0x00000000cc900000| PB 0x00000000cc900000| Untracked 
| 202|0x00000000cca00000, 0x00000000cca00000, 0x00000000ccb00000|  0%| F|  |TAMS 0x00000000cca00000| PB 0x00000000cca00000| Untracked 
| 203|0x00000000ccb00000, 0x00000000ccb00000, 0x00000000ccc00000|  0%| F|  |TAMS 0x00000000ccb00000| PB 0x00000000ccb00000| Untracked 
| 204|0x00000000ccc00000, 0x00000000ccc00000, 0x00000000ccd00000|  0%| F|  |TAMS 0x00000000ccc00000| PB 0x00000000ccc00000| Untracked 
| 205|0x00000000ccd00000, 0x00000000ccd00000, 0x00000000cce00000|  0%| F|  |TAMS 0x00000000ccd00000| PB 0x00000000ccd00000| Untracked 
| 206|0x00000000cce00000, 0x00000000cce00000, 0x00000000ccf00000|  0%| F|  |TAMS 0x00000000cce00000| PB 0x00000000cce00000| Untracked 
| 207|0x00000000ccf00000, 0x00000000ccf00000, 0x00000000cd000000|  0%| F|  |TAMS 0x00000000ccf00000| PB 0x00000000ccf00000| Untracked 
| 208|0x00000000cd000000, 0x00000000cd000000, 0x00000000cd100000|  0%| F|  |TAMS 0x00000000cd000000| PB 0x00000000cd000000| Untracked 
| 209|0x00000000cd100000, 0x00000000cd100000, 0x00000000cd200000|  0%| F|  |TAMS 0x00000000cd100000| PB 0x00000000cd100000| Untracked 
| 210|0x00000000cd200000, 0x00000000cd200000, 0x00000000cd300000|  0%| F|  |TAMS 0x00000000cd200000| PB 0x00000000cd200000| Untracked 
| 211|0x00000000cd300000, 0x00000000cd300000, 0x00000000cd400000|  0%| F|  |TAMS 0x00000000cd300000| PB 0x00000000cd300000| Untracked 
| 212|0x00000000cd400000, 0x00000000cd400000, 0x00000000cd500000|  0%| F|  |TAMS 0x00000000cd400000| PB 0x00000000cd400000| Untracked 
| 213|0x00000000cd500000, 0x00000000cd500000, 0x00000000cd600000|  0%| F|  |TAMS 0x00000000cd500000| PB 0x00000000cd500000| Untracked 
| 214|0x00000000cd600000, 0x00000000cd600000, 0x00000000cd700000|  0%| F|  |TAMS 0x00000000cd600000| PB 0x00000000cd600000| Untracked 
| 215|0x00000000cd700000, 0x00000000cd700000, 0x00000000cd800000|  0%| F|  |TAMS 0x00000000cd700000| PB 0x00000000cd700000| Untracked 
| 216|0x00000000cd800000, 0x00000000cd800000, 0x00000000cd900000|  0%| F|  |TAMS 0x00000000cd800000| PB 0x00000000cd800000| Untracked 
| 217|0x00000000cd900000, 0x00000000cd900000, 0x00000000cda00000|  0%| F|  |TAMS 0x00000000cd900000| PB 0x00000000cd900000| Untracked 
| 218|0x00000000cda00000, 0x00000000cda00000, 0x00000000cdb00000|  0%| F|  |TAMS 0x00000000cda00000| PB 0x00000000cda00000| Untracked 
| 219|0x00000000cdb00000, 0x00000000cdb00000, 0x00000000cdc00000|  0%| F|  |TAMS 0x00000000cdb00000| PB 0x00000000cdb00000| Untracked 
| 220|0x00000000cdc00000, 0x00000000cdc00000, 0x00000000cdd00000|  0%| F|  |TAMS 0x00000000cdc00000| PB 0x00000000cdc00000| Untracked 
| 221|0x00000000cdd00000, 0x00000000cdd00000, 0x00000000cde00000|  0%| F|  |TAMS 0x00000000cdd00000| PB 0x00000000cdd00000| Untracked 
| 222|0x00000000cde00000, 0x00000000cde00000, 0x00000000cdf00000|  0%| F|  |TAMS 0x00000000cde00000| PB 0x00000000cde00000| Untracked 
| 223|0x00000000cdf00000, 0x00000000cdf00000, 0x00000000ce000000|  0%| F|  |TAMS 0x00000000cdf00000| PB 0x00000000cdf00000| Untracked 
| 224|0x00000000ce000000, 0x00000000ce000000, 0x00000000ce100000|  0%| F|  |TAMS 0x00000000ce000000| PB 0x00000000ce000000| Untracked 
| 225|0x00000000ce100000, 0x00000000ce100000, 0x00000000ce200000|  0%| F|  |TAMS 0x00000000ce100000| PB 0x00000000ce100000| Untracked 
| 226|0x00000000ce200000, 0x00000000ce200000, 0x00000000ce300000|  0%| F|  |TAMS 0x00000000ce200000| PB 0x00000000ce200000| Untracked 
| 227|0x00000000ce300000, 0x00000000ce300000, 0x00000000ce400000|  0%| F|  |TAMS 0x00000000ce300000| PB 0x00000000ce300000| Untracked 
| 228|0x00000000ce400000, 0x00000000ce400000, 0x00000000ce500000|  0%| F|  |TAMS 0x00000000ce400000| PB 0x00000000ce400000| Untracked 
| 229|0x00000000ce500000, 0x00000000ce500000, 0x00000000ce600000|  0%| F|  |TAMS 0x00000000ce500000| PB 0x00000000ce500000| Untracked 
| 230|0x00000000ce600000, 0x00000000ce600000, 0x00000000ce700000|  0%| F|  |TAMS 0x00000000ce600000| PB 0x00000000ce600000| Untracked 
| 231|0x00000000ce700000, 0x00000000ce700000, 0x00000000ce800000|  0%| F|  |TAMS 0x00000000ce700000| PB 0x00000000ce700000| Untracked 
| 232|0x00000000ce800000, 0x00000000ce800000, 0x00000000ce900000|  0%| F|  |TAMS 0x00000000ce800000| PB 0x00000000ce800000| Untracked 
| 233|0x00000000ce900000, 0x00000000ce996010, 0x00000000cea00000| 58%| E|  |TAMS 0x00000000ce900000| PB 0x00000000ce900000| Complete 
| 234|0x00000000cea00000, 0x00000000ceb00000, 0x00000000ceb00000|100%| E|CS|TAMS 0x00000000cea00000| PB 0x00000000cea00000| Complete 
| 235|0x00000000ceb00000, 0x00000000cec00000, 0x00000000cec00000|100%| S|CS|TAMS 0x00000000ceb00000| PB 0x00000000ceb00000| Complete 
| 236|0x00000000cec00000, 0x00000000ced00000, 0x00000000ced00000|100%| S|CS|TAMS 0x00000000cec00000| PB 0x00000000cec00000| Complete 
| 237|0x00000000ced00000, 0x00000000cee00000, 0x00000000cee00000|100%| S|CS|TAMS 0x00000000ced00000| PB 0x00000000ced00000| Complete 
| 238|0x00000000cee00000, 0x00000000cef00000, 0x00000000cef00000|100%| S|CS|TAMS 0x00000000cee00000| PB 0x00000000cee00000| Complete 
| 239|0x00000000cef00000, 0x00000000cf000000, 0x00000000cf000000|100%| S|CS|TAMS 0x00000000cef00000| PB 0x00000000cef00000| Complete 
| 240|0x00000000cf000000, 0x00000000cf100000, 0x00000000cf100000|100%| S|CS|TAMS 0x00000000cf000000| PB 0x00000000cf000000| Complete 
| 241|0x00000000cf100000, 0x00000000cf200000, 0x00000000cf200000|100%| E|CS|TAMS 0x00000000cf100000| PB 0x00000000cf100000| Complete 
| 242|0x00000000cf200000, 0x00000000cf300000, 0x00000000cf300000|100%| E|CS|TAMS 0x00000000cf200000| PB 0x00000000cf200000| Complete 
| 243|0x00000000cf300000, 0x00000000cf400000, 0x00000000cf400000|100%| E|CS|TAMS 0x00000000cf300000| PB 0x00000000cf300000| Complete 
| 244|0x00000000cf400000, 0x00000000cf500000, 0x00000000cf500000|100%| E|CS|TAMS 0x00000000cf400000| PB 0x00000000cf400000| Complete 
| 245|0x00000000cf500000, 0x00000000cf600000, 0x00000000cf600000|100%| E|CS|TAMS 0x00000000cf500000| PB 0x00000000cf500000| Complete 
| 246|0x00000000cf600000, 0x00000000cf700000, 0x00000000cf700000|100%| E|CS|TAMS 0x00000000cf600000| PB 0x00000000cf600000| Complete 
| 247|0x00000000cf700000, 0x00000000cf800000, 0x00000000cf800000|100%| E|CS|TAMS 0x00000000cf700000| PB 0x00000000cf700000| Complete 
| 248|0x00000000cf800000, 0x00000000cf900000, 0x00000000cf900000|100%| E|CS|TAMS 0x00000000cf800000| PB 0x00000000cf800000| Complete 
| 249|0x00000000cf900000, 0x00000000cfa00000, 0x00000000cfa00000|100%| E|CS|TAMS 0x00000000cf900000| PB 0x00000000cf900000| Complete 
| 250|0x00000000cfa00000, 0x00000000cfb00000, 0x00000000cfb00000|100%| E|CS|TAMS 0x00000000cfa00000| PB 0x00000000cfa00000| Complete 
| 251|0x00000000cfb00000, 0x00000000cfc00000, 0x00000000cfc00000|100%| E|CS|TAMS 0x00000000cfb00000| PB 0x00000000cfb00000| Complete 
| 252|0x00000000cfc00000, 0x00000000cfd00000, 0x00000000cfd00000|100%| E|CS|TAMS 0x00000000cfc00000| PB 0x00000000cfc00000| Complete 
| 253|0x00000000cfd00000, 0x00000000cfe00000, 0x00000000cfe00000|100%| E|CS|TAMS 0x00000000cfd00000| PB 0x00000000cfd00000| Complete 
| 254|0x00000000cfe00000, 0x00000000cff00000, 0x00000000cff00000|100%| E|CS|TAMS 0x00000000cfe00000| PB 0x00000000cfe00000| Complete 
| 255|0x00000000cff00000, 0x00000000d0000000, 0x00000000d0000000|100%| E|CS|TAMS 0x00000000cff00000| PB 0x00000000cff00000| Complete 
| 256|0x00000000d0000000, 0x00000000d0100000, 0x00000000d0100000|100%| E|CS|TAMS 0x00000000d0000000| PB 0x00000000d0000000| Complete 
| 257|0x00000000d0100000, 0x00000000d0200000, 0x00000000d0200000|100%| E|CS|TAMS 0x00000000d0100000| PB 0x00000000d0100000| Complete 
| 258|0x00000000d0200000, 0x00000000d0300000, 0x00000000d0300000|100%| E|CS|TAMS 0x00000000d0200000| PB 0x00000000d0200000| Complete 
| 259|0x00000000d0300000, 0x00000000d0400000, 0x00000000d0400000|100%| E|CS|TAMS 0x00000000d0300000| PB 0x00000000d0300000| Complete 
| 260|0x00000000d0400000, 0x00000000d0500000, 0x00000000d0500000|100%| E|CS|TAMS 0x00000000d0400000| PB 0x00000000d0400000| Complete 
| 261|0x00000000d0500000, 0x00000000d0600000, 0x00000000d0600000|100%| E|CS|TAMS 0x00000000d0500000| PB 0x00000000d0500000| Complete 
| 262|0x00000000d0600000, 0x00000000d0700000, 0x00000000d0700000|100%| E|CS|TAMS 0x00000000d0600000| PB 0x00000000d0600000| Complete 
| 263|0x00000000d0700000, 0x00000000d0800000, 0x00000000d0800000|100%| E|CS|TAMS 0x00000000d0700000| PB 0x00000000d0700000| Complete 
| 264|0x00000000d0800000, 0x00000000d0900000, 0x00000000d0900000|100%| E|CS|TAMS 0x00000000d0800000| PB 0x00000000d0800000| Complete 
| 265|0x00000000d0900000, 0x00000000d0a00000, 0x00000000d0a00000|100%| E|CS|TAMS 0x00000000d0900000| PB 0x00000000d0900000| Complete 
| 266|0x00000000d0a00000, 0x00000000d0b00000, 0x00000000d0b00000|100%| E|CS|TAMS 0x00000000d0a00000| PB 0x00000000d0a00000| Complete 

Card table byte_map: [0x0000024784b90000,0x0000024784d90000] _byte_map_base: 0x0000024784590000

Marking Bits: (CMBitMap*) 0x00000247805bfda0
 Bits: [0x000002479d650000, 0x000002479e650000)

Polling page: 0x00000247811f0000

Metaspace:

Usage:
  Non-class:      3.30 MB used.
      Class:    333.12 KB used.
       Both:      3.62 MB used.

Virtual space:
  Non-class space:       64.00 MB reserved,       3.44 MB (  5%) committed,  1 nodes.
      Class space:        1.00 GB reserved,     448.00 KB ( <1%) committed,  1 nodes.
             Both:        1.06 GB reserved,       3.88 MB ( <1%) committed. 

Chunk freelists:
   Non-Class:  11.37 MB
       Class:  15.52 MB
        Both:  26.88 MB

MaxMetaspaceSize: unlimited
CompressedClassSpaceSize: 1.00 GB
Initial GC threshold: 21.00 MB
Current GC threshold: 21.00 MB
CDS: on
 - commit_granule_bytes: 65536.
 - commit_granule_words: 8192.
 - virtual_space_node_default_size: 8388608.
 - enlarge_chunks_in_place: 1.
 - use_allocation_guard: 0.


Internal statistics:

num_allocs_failed_limit: 0.
num_arena_births: 114.
num_arena_deaths: 0.
num_vsnodes_births: 2.
num_vsnodes_deaths: 0.
num_space_committed: 62.
num_space_uncommitted: 0.
num_chunks_returned_to_freelist: 0.
num_chunks_taken_from_freelist: 168.
num_chunk_merges: 0.
num_chunk_splits: 107.
num_chunks_enlarged: 58.
num_inconsistent_stats: 0.

CodeHeap 'non-profiled nmethods': size=120000Kb used=914Kb max_used=914Kb free=119085Kb
 bounds [0x0000024796120000, 0x0000024796390000, 0x000002479d650000]
CodeHeap 'profiled nmethods': size=120000Kb used=1874Kb max_used=2223Kb free=118125Kb
 bounds [0x000002478e650000, 0x000002478e8c0000, 0x0000024795b80000]
CodeHeap 'non-nmethods': size=5760Kb used=1354Kb max_used=1521Kb free=4405Kb
 bounds [0x0000024795b80000, 0x0000024795df0000, 0x0000024796120000]
 total_blobs=1725 nmethods=1265 adapters=364
 compilation: enabled
              stopped_count=0, restarted_count=0
 full_count=0

Compilation events (20 events):
Event: 2.482 Thread 0x00000247803c49f0 1452       4       java.io.ObjectStreamClass::checkDeserialize (20 bytes)
Event: 2.482 Thread 0x00000247803c49f0 nmethod 1452 0x0000024796202e10 code [0x0000024796202fa0, 0x0000024796203068]
Event: 2.482 Thread 0x00000247803c49f0 1453       4       java.io.ObjectStreamClass::isInstantiable (17 bytes)
Event: 2.483 Thread 0x00000247803c49f0 nmethod 1453 0x0000024796203110 code [0x00000247962032a0, 0x0000024796203370]
Event: 2.483 Thread 0x00000247803c49f0 1454       4       java.io.ObjectStreamClass::isRecord (9 bytes)
Event: 2.483 Thread 0x00000247803c49f0 nmethod 1454 0x0000024796203410 code [0x00000247962035a0, 0x0000024796203650]
Event: 2.483 Thread 0x00000247803c49f0 1455       4       java.io.ObjectStreamClass::isExternalizable (9 bytes)
Event: 2.484 Thread 0x00000247803c49f0 nmethod 1455 0x0000024796203710 code [0x00000247962038a0, 0x0000024796203950]
Event: 2.484 Thread 0x00000247803c49f0 1456       4       java.io.ObjectStreamClass::hasReadResolveMethod (17 bytes)
Event: 2.484 Thread 0x00000247803c49f0 nmethod 1456 0x0000024796203a10 code [0x0000024796203ba0, 0x0000024796203c68]
Event: 2.484 Thread 0x00000247803c49f0 1450       4       jdk.internal.util.Preconditions::checkFromToIndex (24 bytes)
Event: 2.485 Thread 0x00000247803c49f0 nmethod 1450 0x0000024796203d10 code [0x0000024796203ea0, 0x0000024796203f90]
Event: 2.485 Thread 0x00000247803c49f0 1463       4       java.lang.String::checkBoundsBeginEnd (11 bytes)
Event: 2.486 Thread 0x00000247803c49f0 nmethod 1463 0x0000024796204090 code [0x0000024796204220, 0x00000247962042f8]
Event: 2.486 Thread 0x00000247803c49f0 1444       4       java.lang.StringBuilder::<init> (6 bytes)
Event: 2.488 Thread 0x00000247803c49f0 nmethod 1444 0x0000024796204410 code [0x00000247962045a0, 0x0000024796204830]
Event: 2.488 Thread 0x00000247803c49f0 1468   !   4       java.io.ObjectInputStream::readObject0 (681 bytes)
Event: 2.490 Thread 0x00000247803bf830 1469   !   3       jdk.internal.reflect.GeneratedSerializationConstructorAccessor5::newInstance (49 bytes)
Event: 2.490 Thread 0x00000247803bf830 nmethod 1469 0x000002478e85c410 code [0x000002478e85c600, 0x000002478e85ca30]
Event: 2.496 Thread 0x00000247803bf830 1471       3       java.io.SerialCallbackContext::check (59 bytes)

GC Heap History (20 events):
Event: 1.196 GC heap before
{Heap before GC invocations=7 (full 2):
 garbage-first heap   total 34816K, used 23350K [0x00000000c0000000, 0x0000000100000000)
  region size 1024K, 6 young (6144K), 0 survivors (0K)
 Metaspace       used 3671K, committed 3904K, reserved 1114112K
  class space    used 330K, committed 448K, reserved 1048576K
}
Event: 1.202 GC heap after
{Heap after GC invocations=8 (full 2):
 garbage-first heap   total 86016K, used 21187K [0x00000000c0000000, 0x0000000100000000)
  region size 1024K, 1 young (1024K), 1 survivors (1024K)
 Metaspace       used 3671K, committed 3904K, reserved 1114112K
  class space    used 330K, committed 448K, reserved 1048576K
}
Event: 1.276 GC heap before
{Heap before GC invocations=9 (full 2):
 garbage-first heap   total 86016K, used 32451K [0x00000000c0000000, 0x0000000100000000)
  region size 1024K, 13 young (13312K), 1 survivors (1024K)
 Metaspace       used 3679K, committed 3904K, reserved 1114112K
  class space    used 330K, committed 448K, reserved 1048576K
}
Event: 1.315 GC heap after
{Heap after GC invocations=10 (full 3):
 garbage-first heap   total 86016K, used 25705K [0x00000000c0000000, 0x0000000100000000)
  region size 1024K, 0 young (0K), 0 survivors (0K)
 Metaspace       used 3679K, committed 3904K, reserved 1114112K
  class space    used 330K, committed 448K, reserved 1048576K
}
Event: 1.436 GC heap before
{Heap before GC invocations=10 (full 3):
 garbage-first heap   total 86016K, used 55401K [0x00000000c0000000, 0x0000000100000000)
  region size 1024K, 27 young (27648K), 0 survivors (0K)
 Metaspace       used 3679K, committed 3904K, reserved 1114112K
  class space    used 330K, committed 448K, reserved 1048576K
}
Event: 1.470 GC heap after
{Heap after GC invocations=11 (full 3):
 garbage-first heap   total 86016K, used 44649K [0x00000000c0000000, 0x0000000100000000)
  region size 1024K, 4 young (4096K), 4 survivors (4096K)
 Metaspace       used 3679K, committed 3904K, reserved 1114112K
  class space    used 330K, committed 448K, reserved 1048576K
}
Event: 1.504 GC heap before
{Heap before GC invocations=11 (full 3):
 garbage-first heap   total 86016K, used 54889K [0x00000000c0000000, 0x0000000100000000)
  region size 1024K, 15 young (15360K), 4 survivors (4096K)
 Metaspace       used 3679K, committed 3904K, reserved 1114112K
  class space    used 330K, committed 448K, reserved 1048576K
}
Event: 1.523 GC heap after
{Heap after GC invocations=12 (full 3):
 garbage-first heap   total 86016K, used 52329K [0x00000000c0000000, 0x0000000100000000)
  region size 1024K, 3 young (3072K), 3 survivors (3072K)
 Metaspace       used 3679K, committed 3904K, reserved 1114112K
  class space    used 330K, committed 448K, reserved 1048576K
}
Event: 1.532 GC heap before
{Heap before GC invocations=12 (full 3):
 garbage-first heap   total 86016K, used 58473K [0x00000000c0000000, 0x0000000100000000)
  region size 1024K, 6 young (6144K), 3 survivors (3072K)
 Metaspace       used 3679K, committed 3904K, reserved 1114112K
  class space    used 330K, committed 448K, reserved 1048576K
}
Event: 1.605 GC heap after
{Heap after GC invocations=13 (full 4):
 garbage-first heap   total 91136K, used 53562K [0x00000000c0000000, 0x0000000100000000)
  region size 1024K, 0 young (0K), 0 survivors (0K)
 Metaspace       used 3679K, committed 3904K, reserved 1114112K
  class space    used 330K, committed 448K, reserved 1048576K
}
Event: 1.660 GC heap before
{Heap before GC invocations=13 (full 4):
 garbage-first heap   total 91136K, used 68922K [0x00000000c0000000, 0x0000000100000000)
  region size 1024K, 15 young (15360K), 0 survivors (0K)
 Metaspace       used 3679K, committed 3904K, reserved 1114112K
  class space    used 330K, committed 448K, reserved 1048576K
}
Event: 1.680 GC heap after
{Heap after GC invocations=14 (full 4):
 garbage-first heap   total 91136K, used 63802K [0x00000000c0000000, 0x0000000100000000)
  region size 1024K, 2 young (2048K), 2 survivors (2048K)
 Metaspace       used 3679K, committed 3904K, reserved 1114112K
  class space    used 330K, committed 448K, reserved 1048576K
}
Event: 1.709 GC heap before
{Heap before GC invocations=14 (full 4):
 garbage-first heap   total 91136K, used 74042K [0x00000000c0000000, 0x0000000100000000)
  region size 1024K, 12 young (12288K), 2 survivors (2048K)
 Metaspace       used 3679K, committed 3904K, reserved 1114112K
  class space    used 330K, committed 448K, reserved 1048576K
}
Event: 1.727 GC heap after
{Heap after GC invocations=15 (full 4):
 garbage-first heap   total 273408K, used 70458K [0x00000000c0000000, 0x0000000100000000)
  region size 1024K, 2 young (2048K), 2 survivors (2048K)
 Metaspace       used 3679K, committed 3904K, reserved 1114112K
  class space    used 330K, committed 448K, reserved 1048576K
}
Event: 2.005 GC heap before
{Heap before GC invocations=16 (full 4):
 garbage-first heap   total 273408K, used 156474K [0x00000000c0000000, 0x0000000100000000)
  region size 1024K, 79 young (80896K), 2 survivors (2048K)
 Metaspace       used 3679K, committed 3904K, reserved 1114112K
  class space    used 330K, committed 448K, reserved 1048576K
}
Event: 2.054 GC heap after
{Heap after GC invocations=17 (full 4):
 garbage-first heap   total 273408K, used 127802K [0x00000000c0000000, 0x0000000100000000)
  region size 1024K, 10 young (10240K), 10 survivors (10240K)
 Metaspace       used 3679K, committed 3904K, reserved 1114112K
  class space    used 330K, committed 448K, reserved 1048576K
}
Event: 2.189 GC heap before
{Heap before GC invocations=17 (full 4):
 garbage-first heap   total 273408K, used 179002K [0x00000000c0000000, 0x0000000100000000)
  region size 1024K, 60 young (61440K), 10 survivors (10240K)
 Metaspace       used 3679K, committed 3904K, reserved 1114112K
  class space    used 330K, committed 448K, reserved 1048576K
}
Event: 2.225 GC heap after
{Heap after GC invocations=18 (full 4):
 garbage-first heap   total 273408K, used 160058K [0x00000000c0000000, 0x0000000100000000)
  region size 1024K, 8 young (8192K), 8 survivors (8192K)
 Metaspace       used 3679K, committed 3904K, reserved 1114112K
  class space    used 330K, committed 448K, reserved 1048576K
}
Event: 2.292 GC heap before
{Heap before GC invocations=18 (full 4):
 garbage-first heap   total 273408K, used 185658K [0x00000000c0000000, 0x0000000100000000)
  region size 1024K, 34 young (34816K), 8 survivors (8192K)
 Metaspace       used 3679K, committed 3904K, reserved 1114112K
  class space    used 330K, committed 448K, reserved 1048576K
}
Event: 2.312 GC heap after
{Heap after GC invocations=19 (full 4):
 garbage-first heap   total 273408K, used 177466K [0x00000000c0000000, 0x0000000100000000)
  region size 1024K, 6 young (6144K), 6 survivors (6144K)
 Metaspace       used 3679K, committed 3904K, reserved 1114112K
  class space    used 330K, committed 448K, reserved 1048576K
}

Dll operation events (7 events):
Event: 0.049 Loaded shared library C:\Program Files\Java\jdk-21\bin\java.dll
Event: 0.174 Loaded shared library C:\Program Files\Java\jdk-21\bin\jsvml.dll
Event: 0.226 Loaded shared library C:\Program Files\Java\jdk-21\bin\net.dll
Event: 0.230 Loaded shared library C:\Program Files\Java\jdk-21\bin\nio.dll
Event: 0.235 Loaded shared library C:\Program Files\Java\jdk-21\bin\zip.dll
Event: 0.301 Loaded shared library C:\Users\student\AppData\Local\Programs\Python\Python313\Lib\site-packages\_jpype.cp313-win_amd64.pyd
Event: 0.340 Loaded shared library C:\Program Files\Java\jdk-21\bin\jimage.dll

Deoptimization events (20 events):
Event: 2.462 Thread 0x00000247805c1140 Uncommon trap: trap_request=0xffffff45 fr.pc=0x0000024796168eec relative=0x000000000000050c
Event: 2.462 Thread 0x00000247805c1140 Uncommon trap: reason=unstable_if action=reinterpret pc=0x0000024796168eec method=java.lang.AbstractStringBuilder.isLatin1()Z @ 10 c2
Event: 2.462 Thread 0x00000247805c1140 DEOPT PACKING pc=0x0000024796168eec sp=0x00000063198dbe20
Event: 2.462 Thread 0x00000247805c1140 DEOPT UNPACKING pc=0x0000024795bd46a2 sp=0x00000063198dbd70 mode 2
Event: 2.463 Thread 0x00000247805c1140 Uncommon trap: trap_request=0xffffff45 fr.pc=0x00000247961d67a4 relative=0x0000000000000644
Event: 2.463 Thread 0x00000247805c1140 Uncommon trap: reason=unstable_if action=reinterpret pc=0x00000247961d67a4 method=java.lang.StringLatin1.canEncode(I)Z @ 4 c2
Event: 2.463 Thread 0x00000247805c1140 DEOPT PACKING pc=0x00000247961d67a4 sp=0x00000063198dc2b0
Event: 2.463 Thread 0x00000247805c1140 DEOPT UNPACKING pc=0x0000024795bd46a2 sp=0x00000063198dc1a8 mode 2
Event: 2.463 Thread 0x00000247805c1140 Uncommon trap: trap_request=0xffffff45 fr.pc=0x000002479618d00c relative=0x000000000000006c
Event: 2.463 Thread 0x00000247805c1140 Uncommon trap: reason=unstable_if action=reinterpret pc=0x000002479618d00c method=java.lang.AbstractStringBuilder.isLatin1()Z @ 10 c2
Event: 2.463 Thread 0x00000247805c1140 DEOPT PACKING pc=0x000002479618d00c sp=0x00000063198dc380
Event: 2.463 Thread 0x00000247805c1140 DEOPT UNPACKING pc=0x0000024795bd46a2 sp=0x00000063198dc310 mode 2
Event: 2.463 Thread 0x00000247805c1140 Uncommon trap: trap_request=0xffffff45 fr.pc=0x00000247961d15d4 relative=0x0000000000000234
Event: 2.463 Thread 0x00000247805c1140 Uncommon trap: reason=unstable_if action=reinterpret pc=0x00000247961d15d4 method=java.lang.StringLatin1.canEncode(I)Z @ 4 c2
Event: 2.463 Thread 0x00000247805c1140 DEOPT PACKING pc=0x00000247961d15d4 sp=0x00000063198dbcc0
Event: 2.463 Thread 0x00000247805c1140 DEOPT UNPACKING pc=0x0000024795bd46a2 sp=0x00000063198dbbf8 mode 2
Event: 2.463 Thread 0x00000247805c1140 Uncommon trap: trap_request=0xffffff45 fr.pc=0x0000024796128ce8 relative=0x0000000000000048
Event: 2.463 Thread 0x00000247805c1140 Uncommon trap: reason=unstable_if action=reinterpret pc=0x0000024796128ce8 method=java.lang.StringLatin1.canEncode(I)Z @ 4 c2
Event: 2.463 Thread 0x00000247805c1140 DEOPT PACKING pc=0x0000024796128ce8 sp=0x00000063198dbc60
Event: 2.463 Thread 0x00000247805c1140 DEOPT UNPACKING pc=0x0000024795bd46a2 sp=0x00000063198dbbf0 mode 2

Classes loaded (20 events):
Event: 0.924 Loading class java/util/function/UnaryOperator
Event: 0.924 Loading class java/util/function/UnaryOperator done
Event: 0.925 Loading class java/io/ClassCache$CacheRef
Event: 0.925 Loading class java/io/ClassCache$CacheRef done
Event: 0.925 Loading class java/io/ObjectStreamClass$FieldReflectorKey
Event: 0.925 Loading class java/io/ObjectStreamClass$FieldReflectorKey done
Event: 0.925 Loading class java/io/ObjectStreamClass$FieldReflector
Event: 0.925 Loading class java/io/ObjectStreamClass$FieldReflector done
Event: 0.926 Loading class java/io/ObjectStreamClass$ClassDataSlot
Event: 0.926 Loading class java/io/ObjectStreamClass$ClassDataSlot done
Event: 0.926 Loading class java/io/ObjectInputStream$FieldValues
Event: 0.926 Loading class java/io/ObjectInputStream$GetField
Event: 0.926 Loading class java/io/ObjectInputStream$GetField done
Event: 0.926 Loading class java/io/ObjectInputStream$FieldValues done
Event: 0.926 Loading class java/io/SerialCallbackContext
Event: 0.926 Loading class java/io/SerialCallbackContext done
Event: 0.941 Loading class java/lang/invoke/MethodHandle$1
Event: 0.942 Loading class java/lang/invoke/MethodHandle$1 done
Event: 2.450 Loading class java/io/ObjectStreamClass$ExceptionInfo
Event: 2.451 Loading class java/io/ObjectStreamClass$ExceptionInfo done

Classes unloaded (0 events):
No events

Classes redefined (0 events):
No events

Internal exceptions (12 events):
Event: 0.307 Thread 0x00000247805c1140 Exception <a 'java/lang/NoSuchMethodError'{0x00000000c7c42728}: 'int java.lang.invoke.DirectMethodHandle$Holder.invokeStaticInit(java.lang.Object, java.lang.Object)'> (0x00000000c7c42728) 
thrown [s\open\src\hotspot\share\interpreter\linkResolver.cpp, line 773]
Event: 0.308 Thread 0x00000247805c1140 Exception <a 'java/lang/NoSuchMethodError'{0x00000000c7c48a60}: 'java.lang.Object java.lang.invoke.DirectMethodHandle$Holder.invokeStaticInit(java.lang.Object, int)'> (0x00000000c7c48a60) 
thrown [s\open\src\hotspot\share\interpreter\linkResolver.cpp, line 773]
Event: 0.310 Thread 0x00000247805c1140 Exception <a 'java/lang/NoSuchMethodError'{0x00000000c7c53510}: 'int java.lang.invoke.DirectMethodHandle$Holder.invokeSpecial(java.lang.Object, java.lang.Object, java.lang.Object)'> (0x00000000c7c53510) 
thrown [s\open\src\hotspot\share\interpreter\linkResolver.cpp, line 773]
Event: 0.312 Thread 0x00000247805c1140 Exception <a 'java/lang/NoSuchMethodError'{0x00000000c7c63870}: 'java.lang.Object java.lang.invoke.DirectMethodHandle$Holder.invokeStatic(java.lang.Object, java.lang.Object, int)'> (0x00000000c7c63870) 
thrown [s\open\src\hotspot\share\interpreter\linkResolver.cpp, line 773]
Event: 0.314 Thread 0x00000247805c1140 Exception <a 'java/lang/NoSuchMethodError'{0x00000000c7c6ebe8}: 'void java.lang.invoke.DelegatingMethodHandle$Holder.delegate(java.lang.Object, java.lang.Object, int, java.lang.Object)'> (0x00000000c7c6ebe8) 
thrown [s\open\src\hotspot\share\interpreter\linkResolver.cpp, line 773]
Event: 0.335 Thread 0x00000247805c1140 Exception <a 'java/lang/NoSuchMethodError'{0x00000000c7b820e8}: 'java.lang.Object java.lang.invoke.Invokers$Holder.invokeExact_MT(java.lang.Object, java.lang.Object, java.lang.Object, java.lang.Object, java.lang.Object)'> (0x00000000c7b820e8) 
thrown [s\open\src\hotspot\share\interpreter\linkResolver.cpp, line 773]
Event: 0.379 Thread 0x00000247805c1140 Exception <a 'java/lang/NoSuchMethodError'{0x00000000c7a4c9a0}: 'java.lang.Object java.lang.invoke.DirectMethodHandle$Holder.invokeInterface(java.lang.Object, java.lang.Object)'> (0x00000000c7a4c9a0) 
thrown [s\open\src\hotspot\share\interpreter\linkResolver.cpp, line 773]
Event: 0.379 Thread 0x00000247805c1140 Exception <a 'java/lang/IncompatibleClassChangeError'{0x00000000c7a4fcb8}: Found class java.lang.Object, but interface was expected> (0x00000000c7a4fcb8) 
thrown [s\open\src\hotspot\share\interpreter\linkResolver.cpp, line 840]
Event: 0.408 Thread 0x00000247805c1140 Exception <a 'java/lang/NoSuchMethodError'{0x00000000c79460e0}: method resolution failed> (0x00000000c79460e0) 
thrown [s\open\src\hotspot\share\prims\methodHandles.cpp, line 1144]
Event: 0.919 Thread 0x00000247805c1140 Exception <a 'java/lang/NoSuchMethodError'{0x00000000c1843868}: 'long java.lang.invoke.DirectMethodHandle$Holder.invokeSpecial(java.lang.Object, java.lang.Object)'> (0x00000000c1843868) 
thrown [s\open\src\hotspot\share\interpreter\linkResolver.cpp, line 773]
Event: 0.919 Thread 0x00000247805c1140 Exception <a 'java/lang/NoSuchMethodError'{0x00000000c1846c90}: 'long java.lang.invoke.Invokers$Holder.invokeExact_MT(java.lang.Object, java.lang.Object)'> (0x00000000c1846c90) 
thrown [s\open\src\hotspot\share\interpreter\linkResolver.cpp, line 773]
Event: 0.926 Thread 0x00000247805c1140 Exception <a 'java/lang/NoSuchMethodError'{0x00000000c18553a8}: 'void java.lang.invoke.DirectMethodHandle$Holder.invokeSpecial(java.lang.Object, java.lang.Object, java.lang.Object)'> (0x00000000c18553a8) 
thrown [s\open\src\hotspot\share\interpreter\linkResolver.cpp, line 773]

ZGC Phase Switch (0 events):
No events

VM Operations (20 events):
Event: 1.470 Executing VM operation: G1CollectForAllocation (G1 Evacuation Pause) done
Event: 1.504 Executing VM operation: G1TryInitiateConcMark (G1 Humongous Allocation)
Event: 1.523 Executing VM operation: G1TryInitiateConcMark (G1 Humongous Allocation) done
Event: 1.532 Executing VM operation: G1CollectFull (System.gc())
Event: 1.605 Executing VM operation: G1CollectFull (System.gc()) done
Event: 1.660 Executing VM operation: G1CollectForAllocation (G1 Evacuation Pause)
Event: 1.680 Executing VM operation: G1CollectForAllocation (G1 Evacuation Pause) done
Event: 1.709 Executing VM operation: G1CollectForAllocation (G1 Evacuation Pause)
Event: 1.727 Executing VM operation: G1CollectForAllocation (G1 Evacuation Pause) done
Event: 1.801 Executing VM operation: G1PauseRemark
Event: 1.802 Executing VM operation: G1PauseRemark done
Event: 1.825 Executing VM operation: G1PauseCleanup
Event: 1.825 Executing VM operation: G1PauseCleanup done
Event: 2.005 Executing VM operation: G1CollectForAllocation (G1 Evacuation Pause)
Event: 2.054 Executing VM operation: G1CollectForAllocation (G1 Evacuation Pause) done
Event: 2.189 Executing VM operation: G1CollectForAllocation (G1 Evacuation Pause)
Event: 2.225 Executing VM operation: G1CollectForAllocation (G1 Evacuation Pause) done
Event: 2.292 Executing VM operation: G1TryInitiateConcMark (G1 Humongous Allocation)
Event: 2.312 Executing VM operation: G1TryInitiateConcMark (G1 Humongous Allocation) done
Event: 2.496 Executing VM operation: G1PauseRemark

Events (20 events):
Event: 1.802 Thread 0x00000247803edeb0 flushing nmethod 0x000002478e77a990
Event: 1.802 Thread 0x00000247803edeb0 flushing nmethod 0x000002478e77cb10
Event: 1.802 Thread 0x00000247803edeb0 flushing nmethod 0x000002478e82a990
Event: 1.802 Thread 0x00000247803edeb0 flushing nmethod 0x000002478e850a90
Event: 1.802 Thread 0x00000247803edeb0 flushing nmethod 0x000002478e854010
Event: 1.802 Thread 0x00000247803edeb0 flushing nmethod 0x000002478e854c90
Event: 1.802 Thread 0x00000247803edeb0 flushing nmethod 0x000002478e855390
Event: 1.802 Thread 0x00000247803edeb0 flushing nmethod 0x000002478e856a90
Event: 1.802 Thread 0x00000247803edeb0 flushing nmethod 0x000002478e85a690
Event: 1.802 Thread 0x00000247803edeb0 flushing nmethod 0x000002478e873c90
Event: 2.172 Thread 0x00000247803c05d0 Thread exited: 0x00000247803c05d0
Event: 2.351 Thread 0x00000247803bff00 Thread exited: 0x00000247803bff00
Event: 2.497 Thread 0x00000247803edeb0 flushing nmethod 0x000002478e878b10
Event: 2.497 Thread 0x00000247803edeb0 flushing nmethod 0x000002478e879010
Event: 2.497 Thread 0x00000247803edeb0 flushing nmethod 0x000002478e87ac90
Event: 2.497 Thread 0x00000247803edeb0 flushing nmethod 0x000002478e87b210
Event: 2.497 Thread 0x00000247803edeb0 flushing nmethod 0x000002478e875a10
Event: 2.497 Thread 0x00000247803edeb0 flushing nmethod 0x000002478e875e90
Event: 2.497 Thread 0x00000247803edeb0 flushing nmethod 0x000002478e876f10
Event: 2.497 Thread 0x00000247803edeb0 flushing nmethod 0x000002478e788210


Dynamic libraries:
0x00007ff679ce0000 - 0x00007ff679cfa000 	c:\Users\student\AppData\Local\Programs\Python\Python313\python.exe
0x00007ff8ff5d0000 - 0x00007ff8ff7e7000 	C:\WINDOWS\SYSTEM32\ntdll.dll
0x00007ff8fe630000 - 0x00007ff8fe6f4000 	C:\WINDOWS\System32\KERNEL32.DLL
0x00007ff8fca50000 - 0x00007ff8fce22000 	C:\WINDOWS\System32\KERNELBASE.dll
0x00007ff8fc7c0000 - 0x00007ff8fc8d1000 	C:\WINDOWS\System32\ucrtbase.dll
0x00007ff8b8e10000 - 0x00007ff8b9465000 	c:\Users\student\AppData\Local\Programs\Python\Python313\python313.dll
0x00007ff8e0d00000 - 0x00007ff8e0d1e000 	c:\Users\student\AppData\Local\Programs\Python\Python313\VCRUNTIME140.dll
0x00007ff8fdbd0000 - 0x00007ff8fdc41000 	C:\WINDOWS\System32\WS2_32.dll
0x00007ff8fef80000 - 0x00007ff8ff094000 	C:\WINDOWS\System32\RPCRT4.dll
0x00007ff8fc6c0000 - 0x00007ff8fc6e8000 	C:\WINDOWS\System32\bcrypt.dll
0x00007ff8f9390000 - 0x00007ff8f939a000 	C:\WINDOWS\SYSTEM32\VERSION.dll
0x00007ff8fdb10000 - 0x00007ff8fdbb7000 	C:\WINDOWS\System32\msvcrt.dll
0x00007ff8ff4d0000 - 0x00007ff8ff581000 	C:\WINDOWS\System32\ADVAPI32.dll
0x00007ff8fec20000 - 0x00007ff8fecc8000 	C:\WINDOWS\System32\sechost.dll
0x00007ff8fce30000 - 0x00007ff8fceab000 	C:\WINDOWS\System32\bcryptprimitives.dll
0x00000247d9f60000 - 0x00000247d9f70000 	c:\Users\student\AppData\Local\Programs\Python\Python313\python3.DLL
0x00007ff8f56f0000 - 0x00007ff8f56fb000 	c:\Users\student\AppData\Local\Programs\Python\Python313\DLLs\_wmi.pyd
0x00007ff8fe7d0000 - 0x00007ff8fe8a7000 	C:\WINDOWS\System32\OLEAUT32.dll
0x00007ff8fc720000 - 0x00007ff8fc7ba000 	C:\WINDOWS\System32\msvcp_win.dll
0x00007ff8ff120000 - 0x00007ff8ff4b3000 	C:\WINDOWS\System32\combase.dll
0x00007ff8f6860000 - 0x00007ff8f6969000 	C:\WINDOWS\SYSTEM32\PROPSYS.dll
0x00007ff8f56c0000 - 0x00007ff8f56cc000 	c:\Users\student\AppData\Local\Programs\Python\Python313\VCRUNTIME140_1.dll
0x00007ff8d14c0000 - 0x00007ff8d15ba000 	C:\Users\student\AppData\Roaming\Python\Python313\site-packages\zmq\backend\cython\_zmq.pyd
0x00007ff8fb1b0000 - 0x00007ff8fb1dd000 	C:\WINDOWS\SYSTEM32\IPHLPAPI.DLL
0x00007ff8fbde0000 - 0x00007ff8fbdec000 	C:\WINDOWS\SYSTEM32\CRYPTBASE.DLL
0x00007ff8d8870000 - 0x00007ff8d8886000 	c:\Users\student\AppData\Local\Programs\Python\Python313\DLLs\_socket.pyd
0x00007ff8ef4a0000 - 0x00007ff8ef4a9000 	c:\Users\student\AppData\Local\Programs\Python\Python313\DLLs\select.pyd
0x00007ff8d36f0000 - 0x00007ff8d371d000 	c:\Users\student\AppData\Local\Programs\Python\Python313\DLLs\_ssl.pyd
0x00007ff8fc8e0000 - 0x00007ff8fca47000 	C:\WINDOWS\System32\CRYPT32.dll
0x00007ff8d2db0000 - 0x00007ff8d2e73000 	c:\Users\student\AppData\Local\Programs\Python\Python313\DLLs\libssl-3.dll
0x00007ff8b8900000 - 0x00007ff8b8e03000 	c:\Users\student\AppData\Local\Programs\Python\Python313\DLLs\libcrypto-3.dll
0x00007ff8fe430000 - 0x00007ff8fe5e1000 	C:\WINDOWS\System32\USER32.dll
0x00007ff8fc6f0000 - 0x00007ff8fc716000 	C:\WINDOWS\System32\win32u.dll
0x00007ff8fe5f0000 - 0x00007ff8fe619000 	C:\WINDOWS\System32\GDI32.dll
0x00007ff8fcff0000 - 0x00007ff8fd113000 	C:\WINDOWS\System32\gdi32full.dll
0x00007ff8fe150000 - 0x00007ff8fe181000 	C:\WINDOWS\System32\IMM32.DLL
0x00007ff8d37e0000 - 0x00007ff8d37f2000 	c:\Users\student\AppData\Local\Programs\Python\Python313\DLLs\_asyncio.pyd
0x00007ff8e4930000 - 0x00007ff8e493e000 	c:\Users\student\AppData\Local\Programs\Python\Python313\DLLs\_overlapped.pyd
0x00007ff8fbb70000 - 0x00007ff8fbbd9000 	C:\WINDOWS\system32\mswsock.dll
0x00007ff8d4530000 - 0x00007ff8d4546000 	c:\Users\student\AppData\Local\Programs\Python\Python313\DLLs\_bz2.pyd
0x00007ff8d3400000 - 0x00007ff8d3427000 	c:\Users\student\AppData\Local\Programs\Python\Python313\DLLs\_lzma.pyd
0x00007ff8f5700000 - 0x00007ff8f5709000 	c:\Users\student\AppData\Local\Programs\Python\Python313\DLLs\_queue.pyd
0x00007ff8d33e0000 - 0x00007ff8d33f2000 	c:\Users\student\AppData\Local\Programs\Python\Python313\DLLs\_hashlib.pyd
0x00007ff8e13d0000 - 0x00007ff8e13d8000 	C:\Users\student\AppData\Roaming\Python\Python313\site-packages\tornado\speedups.pyd
0x00007ff8d5a20000 - 0x00007ff8d5a42000 	c:\Users\student\AppData\Local\Programs\Python\Python313\DLLs\_ctypes.pyd
0x00007ff8fea80000 - 0x00007ff8fec20000 	C:\WINDOWS\System32\ole32.dll
0x00007ff8e5e10000 - 0x00007ff8e5e1b000 	c:\Users\student\AppData\Local\Programs\Python\Python313\DLLs\libffi-8.dll
0x00007ff8d36a0000 - 0x00007ff8d36e6000 	c:\Users\student\AppData\Local\Programs\Python\Python313\DLLs\_decimal.pyd
0x00007ff8ddf00000 - 0x00007ff8ddf08000 	c:\Users\student\AppData\Local\Programs\Python\Python313\DLLs\_uuid.pyd
0x00007ff8fd260000 - 0x00007ff8fdb02000 	C:\WINDOWS\System32\shell32.DLL
0x00007ff8fd120000 - 0x00007ff8fd25f000 	C:\WINDOWS\System32\wintypes.dll
0x00007ff8d4550000 - 0x00007ff8d4570000 	c:\Users\student\AppData\Local\Programs\Python\Python313\DLLs\_sqlite3.pyd
0x00007ff8cf060000 - 0x00007ff8cf1e3000 	c:\Users\student\AppData\Local\Programs\Python\Python313\DLLs\sqlite3.dll
0x00007ff8d1630000 - 0x00007ff8d1663000 	c:\Users\student\AppData\Local\Programs\Python\Python313\DLLs\pyexpat.pyd
0x00007ff8d2f30000 - 0x00007ff8d2fdf000 	c:\Users\student\AppData\Local\Programs\Python\Python313\DLLs\unicodedata.pyd
0x00007ff8fb6f0000 - 0x00007ff8fb708000 	C:\WINDOWS\SYSTEM32\kernel.appcore.dll
0x00007ff8f9d30000 - 0x00007ff8f9de4000 	C:\WINDOWS\system32\uxtheme.dll
0x00007ff8fe220000 - 0x00007ff8fe2d0000 	C:\WINDOWS\System32\clbcatq.dll
0x00007ff8e0940000 - 0x00007ff8e095d000 	C:\WINDOWS\SYSTEM32\amsi.dll
0x00007ff8fbc60000 - 0x00007ff8fbc88000 	C:\WINDOWS\SYSTEM32\USERENV.dll
0x00007ff8fc5f0000 - 0x00007ff8fc61b000 	C:\WINDOWS\SYSTEM32\profapi.dll
0x00007ff8dee60000 - 0x00007ff8def02000 	C:\ProgramData\Microsoft\Windows Defender\Platform\4.18.25080.5-0\MpOav.dll
0x00007ff8de990000 - 0x00007ff8dea28000 	C:\Program Files\AhnLab\V3IS90\AMSI\AMSI0001\v3amsi64.dll
0x00007ff8d33c0000 - 0x00007ff8d33d4000 	C:\Users\student\AppData\Roaming\Python\Python313\site-packages\psutil\_psutil_windows.pyd
0x00007ff8ff4c0000 - 0x00007ff8ff4c8000 	C:\WINDOWS\System32\PSAPI.DLL
0x00007ff8fc050000 - 0x00007ff8fc09d000 	C:\WINDOWS\SYSTEM32\POWRPROF.dll
0x00007ff8e0e10000 - 0x00007ff8e0e60000 	C:\WINDOWS\SYSTEM32\pdh.dll
0x00007ff8fc030000 - 0x00007ff8fc043000 	C:\WINDOWS\SYSTEM32\UMPDC.dll
0x00007ff8fb4a0000 - 0x00007ff8fb4b4000 	C:\WINDOWS\SYSTEM32\wtsapi32.dll
0x00007ff8fe770000 - 0x00007ff8fe779000 	C:\WINDOWS\System32\NSI.dll
0x00007ff8f6db0000 - 0x00007ff8f6dc9000 	C:\WINDOWS\SYSTEM32\dhcpcsvc6.DLL
0x00007ff8f6cb0000 - 0x00007ff8f6ccf000 	C:\WINDOWS\SYSTEM32\dhcpcsvc.DLL
0x00007ff8fb1e0000 - 0x00007ff8fb2d8000 	C:\WINDOWS\SYSTEM32\DNSAPI.dll
0x00007ff8d2940000 - 0x00007ff8d29a6000 	C:\Users\student\AppData\Roaming\Python\Python313\site-packages\debugpy\_vendored\pydevd\_pydevd_bundle\pydevd_cython.cp313-win_amd64.pyd
0x00007ff8d0d30000 - 0x00007ff8d0d8a000 	C:\Users\student\AppData\Roaming\Python\Python313\site-packages\debugpy\_vendored\pydevd\_pydevd_sys_monitoring\_pydevd_sys_monitoring_cython.cp313-win_amd64.pyd
0x00007ff8fee70000 - 0x00007ff8fef7c000 	C:\WINDOWS\System32\shcore.dll
0x00007ff8b8490000 - 0x00007ff8b88fe000 	c:\Users\student\AppData\Local\Programs\Python\Python313\Lib\site-packages\numpy\_core\_multiarray_umath.cp313-win_amd64.pyd
0x00007ff8ad5c0000 - 0x00007ff8ae93e000 	c:\Users\student\AppData\Local\Programs\Python\Python313\Lib\site-packages\numpy.libs\libscipy_openblas64_-860d95b1c38e637ce4509f5fa24fbf2a.dll
0x00007ff8d1280000 - 0x00007ff8d130d000 	c:\Users\student\AppData\Local\Programs\Python\Python313\Lib\site-packages\numpy.libs\msvcp140-a4c2229bdc2a2a630acdc095b4d86008.dll
0x00007ff8d3440000 - 0x00007ff8d345e000 	c:\Users\student\AppData\Local\Programs\Python\Python313\Lib\site-packages\numpy\linalg\_umath_linalg.cp313-win_amd64.pyd
0x00007ff8d29d0000 - 0x00007ff8d2a09000 	c:\Users\student\AppData\Local\Programs\Python\Python313\Lib\site-packages\numpy\random\_bounded_integers.cp313-win_amd64.pyd
0x00007ff8d2be0000 - 0x00007ff8d2c0d000 	c:\Users\student\AppData\Local\Programs\Python\Python313\Lib\site-packages\numpy\random\bit_generator.cp313-win_amd64.pyd
0x00007ff8d1600000 - 0x00007ff8d162c000 	c:\Users\student\AppData\Local\Programs\Python\Python313\Lib\site-packages\numpy\random\_common.cp313-win_amd64.pyd
0x00007ff8d0610000 - 0x00007ff8d06c5000 	c:\Users\student\AppData\Local\Programs\Python\Python313\Lib\site-packages\numpy\random\_generator.cp313-win_amd64.pyd
0x00007ff8d32c0000 - 0x00007ff8d32db000 	c:\Users\student\AppData\Local\Programs\Python\Python313\Lib\site-packages\numpy\random\_pcg64.cp313-win_amd64.pyd
0x00007ff8d29b0000 - 0x00007ff8d29c9000 	c:\Users\student\AppData\Local\Programs\Python\Python313\Lib\site-packages\numpy\random\_mt19937.cp313-win_amd64.pyd
0x00007ff8d1480000 - 0x00007ff8d1498000 	c:\Users\student\AppData\Local\Programs\Python\Python313\Lib\site-packages\numpy\random\_philox.cp313-win_amd64.pyd
0x00007ff8d0940000 - 0x00007ff8d0953000 	c:\Users\student\AppData\Local\Programs\Python\Python313\Lib\site-packages\numpy\random\_sfc64.cp313-win_amd64.pyd
0x00007ff8cf340000 - 0x00007ff8cf3d9000 	c:\Users\student\AppData\Local\Programs\Python\Python313\Lib\site-packages\numpy\random\mtrand.cp313-win_amd64.pyd
0x00007ff8d8a40000 - 0x00007ff8d8a4b000 	c:\Users\student\AppData\Local\Programs\Python\Python313\Lib\site-packages\pandas\_libs\pandas_parser.cp313-win_amd64.pyd
0x00007ff8d8860000 - 0x00007ff8d886c000 	c:\Users\student\AppData\Local\Programs\Python\Python313\Lib\site-packages\pandas\_libs\pandas_datetime.cp313-win_amd64.pyd
0x00007ff8cfde0000 - 0x00007ff8cfee1000 	c:\Users\student\AppData\Local\Programs\Python\Python313\Lib\site-packages\pandas\_libs\interval.cp313-win_amd64.pyd
0x00007ff8ba8d0000 - 0x00007ff8baa86000 	c:\Users\student\AppData\Local\Programs\Python\Python313\Lib\site-packages\pandas\_libs\hashtable.cp313-win_amd64.pyd
0x00007ff8d1250000 - 0x00007ff8d1279000 	c:\Users\student\AppData\Local\Programs\Python\Python313\Lib\site-packages\pandas\_libs\missing.cp313-win_amd64.pyd
0x00007ff8d1220000 - 0x00007ff8d1248000 	c:\Users\student\AppData\Local\Programs\Python\Python313\Lib\site-packages\pandas\_libs\tslibs\dtypes.cp313-win_amd64.pyd
0x00007ff8d14a0000 - 0x00007ff8d14b3000 	c:\Users\student\AppData\Local\Programs\Python\Python313\Lib\site-packages\pandas\_libs\tslibs\ccalendar.cp313-win_amd64.pyd
0x00007ff8d1200000 - 0x00007ff8d121e000 	c:\Users\student\AppData\Local\Programs\Python\Python313\Lib\site-packages\pandas\_libs\tslibs\np_datetime.cp313-win_amd64.pyd
0x00007ff8d0900000 - 0x00007ff8d0939000 	c:\Users\student\AppData\Local\Programs\Python\Python313\Lib\site-packages\pandas\_libs\tslibs\conversion.cp313-win_amd64.pyd
0x00007ff8d5f90000 - 0x00007ff8d5fa0000 	c:\Users\student\AppData\Local\Programs\Python\Python313\Lib\site-packages\pandas\_libs\tslibs\base.cp313-win_amd64.pyd
0x00007ff8cf4f0000 - 0x00007ff8cf5b5000 	c:\Users\student\AppData\Local\Programs\Python\Python313\Lib\site-packages\pandas\_libs\tslibs\offsets.cp313-win_amd64.pyd
0x00007ff8d0380000 - 0x00007ff8d03fa000 	c:\Users\student\AppData\Local\Programs\Python\Python313\Lib\site-packages\pandas\_libs\tslibs\timestamps.cp313-win_amd64.pyd
0x00007ff8d05d0000 - 0x00007ff8d0603000 	c:\Users\student\AppData\Local\Programs\Python\Python313\Lib\site-packages\pandas\_libs\tslibs\nattype.cp313-win_amd64.pyd
0x00007ff8cf470000 - 0x00007ff8cf4e1000 	c:\Users\student\AppData\Local\Programs\Python\Python313\Lib\site-packages\pandas\_libs\tslibs\timedeltas.cp313-win_amd64.pyd
0x00007ff8d00d0000 - 0x00007ff8d0107000 	c:\Users\student\AppData\Local\Programs\Python\Python313\Lib\site-packages\pandas\_libs\tslibs\timezones.cp313-win_amd64.pyd
0x00007ff8d5f10000 - 0x00007ff8d5f1d000 	c:\Users\student\AppData\Local\Programs\Python\Python313\DLLs\_zoneinfo.pyd
0x00000247ee240000 - 0x00000247ee243000 	C:\WINDOWS\SYSTEM32\tzres.dll
0x00007ff8cf2f0000 - 0x00007ff8cf333000 	c:\Users\student\AppData\Local\Programs\Python\Python313\Lib\site-packages\pandas\_libs\tslibs\fields.cp313-win_amd64.pyd
0x00007ff8cf2b0000 - 0x00007ff8cf2ec000 	c:\Users\student\AppData\Local\Programs\Python\Python313\Lib\site-packages\pandas\_libs\tslibs\tzconversion.cp313-win_amd64.pyd
0x00007ff8d05b0000 - 0x00007ff8d05c4000 	c:\Users\student\AppData\Local\Programs\Python\Python313\Lib\site-packages\pandas\_libs\properties.cp313-win_amd64.pyd
0x00007ff8c8030000 - 0x00007ff8c807e000 	c:\Users\student\AppData\Local\Programs\Python\Python313\Lib\site-packages\pandas\_libs\tslibs\parsing.cp313-win_amd64.pyd
0x00007ff8c6e00000 - 0x00007ff8c6e48000 	c:\Users\student\AppData\Local\Programs\Python\Python313\Lib\site-packages\pandas\_libs\tslibs\strptime.cp313-win_amd64.pyd
0x00007ff8d02d0000 - 0x00007ff8d0331000 	c:\Users\student\AppData\Local\Programs\Python\Python313\Lib\site-packages\pandas\_libs\tslibs\period.cp313-win_amd64.pyd
0x00007ff8c8160000 - 0x00007ff8c8191000 	c:\Users\student\AppData\Local\Programs\Python\Python313\Lib\site-packages\pandas\_libs\tslibs\vectorized.cp313-win_amd64.pyd
0x00007ff8d5a10000 - 0x00007ff8d5a20000 	c:\Users\student\AppData\Local\Programs\Python\Python313\Lib\site-packages\pandas\_libs\ops_dispatch.cp313-win_amd64.pyd
0x00007ff8b82e0000 - 0x00007ff8b8485000 	c:\Users\student\AppData\Local\Programs\Python\Python313\Lib\site-packages\pandas\_libs\algos.cp313-win_amd64.pyd
0x00007ff8c80c0000 - 0x00007ff8c815f000 	c:\Users\student\AppData\Local\Programs\Python\Python313\Lib\site-packages\pandas\_libs\lib.cp313-win_amd64.pyd
0x00007ff8c8080000 - 0x00007ff8c80b4000 	c:\Users\student\AppData\Local\Programs\Python\Python313\Lib\site-packages\pandas\_libs\ops.cp313-win_amd64.pyd
0x00007ff8d0110000 - 0x00007ff8d013b000 	c:\Users\student\AppData\Local\Programs\Python\Python313\Lib\site-packages\pandas\_libs\hashing.cp313-win_amd64.pyd
0x00007ff8d11e0000 - 0x00007ff8d11fa000 	c:\Users\student\AppData\Local\Programs\Python\Python313\Lib\site-packages\pandas\_libs\arrays.cp313-win_amd64.pyd
0x00007ff8c6e70000 - 0x00007ff8c6eaf000 	c:\Users\student\AppData\Local\Programs\Python\Python313\Lib\site-packages\pandas\_libs\tslib.cp313-win_amd64.pyd
0x00007ff8c6760000 - 0x00007ff8c681b000 	c:\Users\student\AppData\Local\Programs\Python\Python313\Lib\site-packages\pandas\_libs\sparse.cp313-win_amd64.pyd
0x00007ff8c6ec0000 - 0x00007ff8c6f0e000 	c:\Users\student\AppData\Local\Programs\Python\Python313\Lib\site-packages\pandas\_libs\internals.cp313-win_amd64.pyd
0x00007ff8d59e0000 - 0x00007ff8d59f0000 	c:\Users\student\AppData\Local\Programs\Python\Python313\Lib\site-packages\pandas\_libs\indexing.cp313-win_amd64.pyd
0x00007ff8c66b0000 - 0x00007ff8c675b000 	c:\Users\student\AppData\Local\Programs\Python\Python313\Lib\site-packages\pandas\_libs\index.cp313-win_amd64.pyd
0x00007ff8c6d60000 - 0x00007ff8c6d92000 	c:\Users\student\AppData\Local\Programs\Python\Python313\Lib\site-packages\pandas\_libs\writers.cp313-win_amd64.pyd
0x00007ff8b80c0000 - 0x00007ff8b81c0000 	c:\Users\student\AppData\Local\Programs\Python\Python313\Lib\site-packages\pandas\_libs\join.cp313-win_amd64.pyd
0x00007ff8c6da0000 - 0x00007ff8c6df3000 	c:\Users\student\AppData\Local\Programs\Python\Python313\Lib\site-packages\pandas\_libs\window\aggregations.cp313-win_amd64.pyd
0x00007ff8cfdb0000 - 0x00007ff8cfddb000 	c:\Users\student\AppData\Local\Programs\Python\Python313\Lib\site-packages\pandas\_libs\window\indexers.cp313-win_amd64.pyd

dbghelp: loaded successfully - version: 4.0.5 - missing functions: none
symbol engine: initialized successfully - sym options: 0x614 - pdb path: .;c:\Users\student\AppData\Local\Programs\Python\Python313;C:\WINDOWS\SYSTEM32;c:\Users\student\AppData\Local\Programs\Python\Python313\DLLs;C:\Users\student\AppData\Roaming\Python\Python313\site-packages\zmq\backend\cython;C:\Users\student\AppData\Roaming\Python\Python313\site-packages\tornado;C:\ProgramData\Microsoft\Windows Defender\Platform\4.18.25080.5-0;C:\Program Files\AhnLab\V3IS90\AMSI\AMSI0001;C:\Users\student\AppData\Roaming\Python\Python313\site-packages\psutil;C:\Users\student\AppData\Roaming\Python\Python313\site-packages\debugpy\_vendored\pydevd\_pydevd_bundle;C:\Users\student\AppData\Roaming\Python\Python313\site-packages\debugpy\_vendored\pydevd\_pydevd_sys_monitoring;c:\Users\student\AppData\Local\Programs\Python\Python313\Lib\site-packages\numpy\_core;c:\Users\student\AppData\Local\Programs\Python\Python313\Lib\site-packages\numpy.libs;c:\Users\student\AppData\Local\Programs\Python\Python313\Lib\site-packages\numpy\linalg;c:\Users\student\AppData\Local\Programs\Python\Python313\Lib\site-packages\numpy\random;c:\Users\student\AppData\Local\Programs\Python\Python313\Lib\site-packages\pandas\_libs;c:\Users\student\AppData\Local\Programs\Python\Python313\Lib\site-packages\pandas\_libs\tslibs;c:\Users\student\AppData\Local\Programs\Python\Python313\Lib\site-packages\pandas\_libs\window;c:\Users\student\AppData\Local\Programs\Python\Python313\Lib\site-packages\sklearn\__check_build;c:\Users\student\AppData\Local\Programs\Python\Python313\Lib\site-packages\sklearn\.libs;c:\Users\student\AppData\Local\Programs\Python\Python313\Lib\site-packages\scipy\_lib;c:\Users\student\AppData\Local\Programs\Python\Python313\Lib\site-packages\charset_normalizer;c:\Users\student\AppData\Local\Programs\Python\Python313\Lib\site-packages\numpy\fft;c:\Users\student\AppData\Local\Programs\Python\Python313\Lib\site-packages\scipy\sparse;c:\Users\student\AppData\Local\Programs\Python\Python313\Lib\site-packages\scipy;c:\Users\student\AppData\Local\Programs\Python\Python313\Lib\site-packages\scipy\special;c:\Users\student\AppData\Local\Programs\Python\Python313\Lib\site-packages\scipy.libs;c:\Users\student\AppData\Local\Programs\Python\Python313\Lib\site-packages\scipy\linalg;c:\Users\student\AppData\Local\Programs\Python\Python313\Lib\site-packages\scipy\sparse\linalg\_dsolve;c:\Users\student\AppData\Local\Programs\Python\Python313\Lib\site-packages\scipy\sparse\linalg\_eigen\arpack;c:\Users\student\AppData\Local\Programs\Python\Python313\Lib\site-packages\scipy\sparse\linalg\_propack;c:\Users\student\AppData\Local\Programs\Python\Python313\Lib\site-packages\scipy\spatial;c:\Users\student\AppData\Local\Programs\Python\Python313\Lib\site-packages\scipy\spatial\transform;c:\Users\student\AppData\Local\Programs\Python\Python313\Lib\site-packages\scipy\optimize;c:\Users\student\AppData\Local\Programs\Python\Python313\Lib\site-packages\scipy\optimize\_trlib;c:\Users\student\AppData\Local\Programs\Python\Python313\Lib\site-packages\scipy\optimize\_lsq;c:\Users\student\AppData\Local\Programs\Python\Python313\Lib\site-packages\scipy\optimize\_highspy;c:\Users\student\AppData\Local\Programs\Python\Python313\Lib\site-packages\scipy\_lib\_uarray;c:\Users\student\AppData\Local\Programs\Python\Python313\Lib\site-packages\scipy\fft\_pocketfft;c:\Users\student\AppData\Local\Programs\Python\Python313\Lib\site-packages\scipy\integrate;c:\Users\student\AppData\Local\Programs\Python\Python313\Lib\site-packages\scipy\interpolate;c:\Users\student\AppData\Local\Programs\Python\Python313\Lib\site-packages\scipy\stats;c:\Users\student\AppData\Local\Programs\Python\Python313\Lib\site-packages\scipy\stats\_levy_stable;c:\Users\student\AppData\Local\Programs\Python\Python313\Lib\site-packages\scipy\sparse\csgraph;c:\Users\student\AppData\Local\Programs\Python\Python313\Lib\site-packages\scipy\stats\_rcont;c:\Users\student\AppData\Local\Programs\Python\Python313\Lib\site-packages\scipy\ndimage;c:\Users\student\AppData\Local\Programs\Python\Python313\Lib\site-packages\sklearn\utils;c:\Users\student\AppData\Local\Programs\Python\Python313\Lib\site-packages\sklearn;c:\Users\student\AppData\Local\Programs\Python\Python313\Lib\site-packages\sklearn\metrics\cluster;c:\Users\student\AppData\Local\Programs\Python\Python313\Lib\site-packages\sklearn\preprocessing;c:\Users\student\AppData\Local\Programs\Python\Python313\Lib\site-packages\sklearn\metrics;c:\Users\student\AppData\Local\Programs\Python\Python313\Lib\site-packages\sklearn\metrics\_pairwise_distances_reduction;c:\Users\student\AppData\Local\Programs\Python\Python313\Lib\site-packages\sklearn\linear_model;c:\Users\student\AppData\Local\Programs\Python\Python313\Lib\site-packages\sklearn\_loss;c:\Users\student\AppData\Local\Programs\Python\Python313\Lib\site-packages\sklearn\svm;c:\Users\student\AppData\Local\Programs\Python\Python313\Lib\site-packages\sklearn\feature_extraction;c:\Users\student\AppData\Local\Programs\Python\Python313\Lib\site-packages;C:\Program Files\Java\jdk-21\bin\server;C:\Program Files\Java\jdk-21\bin

VM Arguments:
jvm_args: -Dfile.encoding=UTF8 -ea -Xmx1024m 
java_command: <unknown>
java_class_path (initial): C:\Users\student\AppData\Local\Programs\Python\Python313\Lib\site-packages\konlpy\java;C:\Users\student\AppData\Local\Programs\Python\Python313\Lib\site-packages\konlpy\java\bin;C:\Users\student\AppData\Local\Programs\Python\Python313\Lib\site-packages\konlpy\java\aho-corasick.jar;C:\Users\student\AppData\Local\Programs\Python\Python313\Lib\site-packages\konlpy\java\jhannanum-0.8.4.jar;C:\Users\student\AppData\Local\Programs\Python\Python313\Lib\site-packages\konlpy\java\kkma-2.0.jar;C:\Users\student\AppData\Local\Programs\Python\Python313\Lib\site-packages\konlpy\java\komoran-3.0.jar;C:\Users\student\AppData\Local\Programs\Python\Python313\Lib\site-packages\konlpy\java\open-korean-text-2.1.0.jar;C:\Users\student\AppData\Local\Programs\Python\Python313\Lib\site-packages\konlpy\java\scala-library-2.12.3.jar;C:\Users\student\AppData\Local\Programs\Python\Python313\Lib\site-packages\konlpy\java\shineware-common-1.0.jar;C:\Users\student\AppData\Local\Programs\Python\Python313\Lib\site-packages\konlpy\java\shineware-ds-1.0.jar;C:\Users\student\AppData\Local\Programs\Python\Python313\Lib\site-packages\konlpy\java\snakeyaml-1.12.jar;C:\Users\student\AppData\Local\Programs\Python\Python313\Lib\site-packages\konlpy\java\twitter-text-1.14.7.jar;C:\Users\student\AppData\Local\Programs\Python\Python313\Lib\site-packages\konlpy\java\jhannanum-0.8.4.jar;C:\Users\student\AppData\Local\Programs\Python\Python313\Lib\site-packages\konlpy\java\kkma-2.0.jar;C:\Users\student\AppData\Local\Programs\Python\Python313\Lib\site-packages\konlpy\java\aho-corasick.jar;C:\Users\student\AppData\Local\Programs\Python\Python313\Lib\site-packages\konlpy\java\shineware-common-1.0.jar;C:\Users\student\AppData\Local\Programs\Python\Python313\Lib\site-packages\konlpy\java\shineware-ds-1.0.jar;C:\Users\student\AppData\Local\Programs\Python\Python313\Lib\site-packages\konlpy\java\komoran-3.0.jar;C:\Users\student\AppData\Local\Programs\Python\Python313\Lib\site-packages\konlpy\java\snakeyaml-1.12.jar;C:\Users\student\AppData\Local\Programs\Python\Python313\Lib\site-packages\konlpy\java\scala-library-2.12.3.jar;C:\Users\student\AppData\Local\Programs\Python\Python313\Lib\site-packages\konlpy\java\open-korean-text-2.1.0.jar;C:\Users\student\AppData\Local\Programs\Python\Python313\Lib\site-packages\konlpy\java\twitter-text-1.14.7.jar;C:\Users\student\AppData\Local\Programs\Python\Python313\Lib\site-packages\konlpy\java\aho-corasick.jar;C:\Users\student\AppData\Local\Programs\Python\Python313\Lib\site-packages\konlpy\java\jhannanum-0.8.4.jar;C:\Users\student\AppData\Local\Programs\Python\Python313\Lib\site-packages\konlpy\java\kkma-2.0.jar;C:\Users\student\AppData\Local\Programs\Python\Python313\Lib\site-packages\konlpy\java\komoran-3.0.jar;C:\Users\student\AppData\Local\Programs\Python\Python313\Lib\site-packages\konlpy\java\open-korean-text-2.1.0.jar;C:\Users\student\AppData\Local\Programs\Python\Python313\Lib\site-packages\konlpy\java\scala-library-2.12.3.jar;C:\Users\student\AppData\Local\Programs\Python\Python313\Lib\site-packages\konlpy\java\shineware-common-1.0.jar;C:\Users\student\AppData\Local\Programs\Python\Python313\Lib\site-packages\konlpy\java\shineware-ds-1.0.jar;C:\Users\student\AppData\Local\Programs\Python\Python313\Lib\site-packages\konlpy\java\snakeyaml-1.12.jar;C:\Users\student\AppData\Local\Programs\Python\Python313\Lib\site-packages\konlpy\java\twitter-text-1.14.7.jar;c:\Users\student\AppData\Local\Programs\Python\Python313\Lib\site-packages\org.jpype.jar
Launcher Type: generic

[Global flags]
     intx CICompilerCount                          = 4                                         {product} {ergonomic}
     uint ConcGCThreads                            = 2                                         {product} {ergonomic}
     uint G1ConcRefinementThreads                  = 8                                         {product} {ergonomic}
   size_t G1HeapRegionSize                         = 1048576                                   {product} {ergonomic}
    uintx GCDrainStackTargetSize                   = 64                                        {product} {ergonomic}
   size_t InitialHeapSize                          = 134217728                                 {product} {ergonomic}
   size_t MarkStackSize                            = 4194304                                   {product} {ergonomic}
   size_t MaxHeapSize                              = 1073741824                                {product} {command line}
   size_t MaxNewSize                               = 643825664                                 {product} {ergonomic}
   size_t MinHeapDeltaBytes                        = 1048576                                   {product} {ergonomic}
   size_t MinHeapSize                              = 8388608                                   {product} {ergonomic}
    uintx NonNMethodCodeHeapSize                   = 5839372                                {pd product} {ergonomic}
    uintx NonProfiledCodeHeapSize                  = 122909434                              {pd product} {ergonomic}
    uintx ProfiledCodeHeapSize                     = 122909434                              {pd product} {ergonomic}
    uintx ReservedCodeCacheSize                    = 251658240                              {pd product} {ergonomic}
     bool SegmentedCodeCache                       = true                                      {product} {ergonomic}
   size_t SoftMaxHeapSize                          = 1073741824                             {manageable} {ergonomic}
     bool UseCompressedOops                        = true                           {product lp64_product} {ergonomic}
     bool UseG1GC                                  = true                                      {product} {ergonomic}
     bool UseLargePagesIndividualAllocation        = false                                  {pd product} {ergonomic}

Logging:
Log output configuration:
 #0: stdout all=warning uptime,level,tags foldmultilines=false
 #1: stderr all=off uptime,level,tags foldmultilines=false

Environment Variables:
JAVA_HOME=C:\Program Files\Java\jdk-21
PATH=c:\Users\student\AppData\Local\Programs\Python\Python313;c:\Users\student\AppData\Roaming\Python\Python313\Scripts;C:\Program Files\Java\jdk-21\bin;C:\Windows\system32;C:\Windows;C:\Windows\System32\Wbem;C:\Windows\System32\WindowsPowerShell\v1.0\;C:\Windows\System32\OpenSSH\;C:\Program Files\NVIDIA Corporation\NVIDIA NGX;C:\WINDOWS\system32;C:\WINDOWS;C:\WINDOWS\System32\Wbem;C:\WINDOWS\System32\WindowsPowerShell\v1.0\;C:\WINDOWS\System32\OpenSSH\;C:\Program Files\dotnet\;C:\Program Files\Git\cmd;C:\Users\student\AppData\Local\Programs\Python\Python313\Scripts\;C:\Users\student\AppData\Local\Programs\Python\Python313\;C:\Users\student\AppData\Local\Programs\Python\Launcher\;C:\Users\student\AppData\Local\Microsoft\WindowsApps;C:\Users\student\AppData\Local\Programs\Microsoft VS Code\bin;C:\Program Files\MySQL\MySQL Server 8.0\bin;C:\Users\student\AppData\Local\GitHubDesktop\bin;;C:\Program Files\Java\jdk-21\bin;C:\Windows\system32;C:\Windows;C:\Windows\System32\Wbem;C:\Windows\System32\WindowsPowerShell\v1.0\;C:\Windows\System32\OpenSSH\;C:\Program Files\NVIDIA Corporation\NVIDIA NGX;C:\WINDOWS\system32;C:\WINDOWS;C:\WINDOWS\System32\Wbem;C:\WINDOWS\System32\WindowsPowerShell\v1.0\;C:\WINDOWS\System32\OpenSSH\;C:\Program Files\dotnet\;C:\Program Files\Git\cmd;C:\Users\student\AppData\Local\Programs\Python\Python313\Scripts\;C:\Users\student\AppData\Local\Programs\Python\Python313\;C:\Users\student\AppData\Local\Programs\Python\Launcher\;C:\Users\student\AppData\Local\Microsoft\WindowsApps;C:\Users\student\AppData\Local\Programs\Microsoft VS Code\bin;C:\Program Files\MySQL\MySQL Server 8.0\bin;C:\Users\student\AppData\Local\GitHubDesktop\bin;
USERNAME=student
TERM=xterm-color
OS=Windows_NT
PROCESSOR_IDENTIFIER=Intel64 Family 6 Model 94 Stepping 3, GenuineIntel
TMP=C:\Users\student\AppData\Local\Temp
TEMP=C:\Users\student\AppData\Local\Temp




Periodic native trim disabled

---------------  S Y S T E M  ---------------

OS:
 Windows 11 , 64 bit Build 22621 (10.0.22621.5415)
OS uptime: 0 days 5:42 hours

CPU: total 8 (initial active 8) (4 cores per cpu, 2 threads per core) family 6 model 94 stepping 3 microcode 0xd6, cx8, cmov, fxsr, ht, mmx, 3dnowpref, sse, sse2, sse3, ssse3, sse4.1, sse4.2, popcnt, lzcnt, tsc, tscinvbit, avx, avx2, aes, erms, clmul, bmi1, bmi2, rtm, adx, fma, vzeroupper, clflush, clflushopt, rdtscp, f16c
Processor Information for all 8 processors :
  Max Mhz: 3401, Current Mhz: 3401, Mhz Limit: 3401

Memory: 4k page, system-wide physical 8129M (520M free)
TotalPageFile size 32705M (AvailPageFile size 70M)
current process WorkingSet (physical memory assigned to process): 506M, peak: 506M
current process commit charge ("private bytes"): 1073M, peak: 1160M

vm_info: Java HotSpot(TM) 64-Bit Server VM (21.0.8+12-LTS-250) for windows-amd64 JRE (21.0.8+12-LTS-250), built on 2025-06-27T08:11:22Z by "mach5one" with MS VC++ 17.6 (VS2022)

END.
