#
# There is insufficient memory for the Java Runtime Environment to continue.
# Native memory allocation (mmap) failed to map 55574528 bytes for G1 virtual space
# Possible reasons:
#   The system is out of physical RAM or swap space
#   The process is running with CompressedOops enabled, and the Java Heap may be blocking the growth of the native heap
# Possible solutions:
#   Reduce memory load on the system
#   Increase physical memory or swap space
#   Check if swap backing store is full
#   Decrease Java heap size (-Xmx/-Xms)
#   Decrease number of Java threads
#   Decrease Java thread stack sizes (-Xss)
#   Set larger code cache with -XX:ReservedCodeCacheSize=
#   JVM is running with Unscaled Compressed Oops mode in which the Java heap is
#     placed in the first 4GB address space. The Java Heap base address is the
#     maximum limit for the native heap growth. Please use -XX:HeapBaseMinAddress
#     to set the Java Heap base and to place the Java Heap above 4GB virtual address.
# This output file may be truncated or incomplete.
#
#  Out of Memory Error (os_windows.cpp:3603), pid=14384, tid=1088
#
# JRE version: Java(TM) SE Runtime Environment (21.0.8+12) (build 21.0.8+12-LTS-250)
# Java VM: Java HotSpot(TM) 64-Bit Server VM (21.0.8+12-LTS-250, mixed mode, sharing, tiered, compressed oops, compressed class ptrs, g1 gc, windows-amd64)
# No core dump will be written. Minidumps are not enabled by default on client versions of Windows
#

---------------  S U M M A R Y ------------

Command Line: -Dfile.encoding=UTF8 -ea -Xmx1024m 

Host: Intel(R) Core(TM) i7-6700 CPU @ 3.40GHz, 8 cores, 7G,  Windows 11 , 64 bit Build 22621 (10.0.22621.5415)
Time: Tue Oct 21 14:54:30 2025 대한민국 표준시 elapsed time: 1.630293 seconds (0d 0h 0m 1s)

---------------  T H R E A D  ---------------

Current thread (0x0000026c59781720):  VMThread "VM Thread"          [id=1088, stack(0x000000c1ee0e0000,0x000000c1ee3c0000) (2944K)]

Stack: [0x000000c1ee0e0000,0x000000c1ee3c0000]
Native frames: (J=compiled Java code, j=interpreted, Vv=VM code, C=native code)
C  0x00007ff87175c179
C  0x00007ff8718e84c1
C  0x00007ff8718ea9ee
C  0x00007ff8718eb0c3
C  0x00007ff87130ebf6
C  0x00007ff8717588f5
C  0x00007ff87174d45a
C  0x00007ff8713e4b1a
C  0x00007ff8713ec796
C  0x00007ff87143f85e
C  0x00007ff87143fb08
C  0x00007ff8713b8e2c
C  0x00007ff8713b8eb7
C  0x00007ff8713fd7dc
C  0x00007ff8713fc02e
C  0x00007ff8713b85f1
C  0x00007ff8713fb74a
C  0x00007ff8718f0e90
C  0x00007ff8718f2214
C  0x00007ff8718f2750
C  0x00007ff8718f29f3
C  0x00007ff87189279b
C  0x00007ff87175a85d
C  [ucrtbase.dll+0x29333]
C  [KERNEL32.DLL+0x1259d]
C  [ntdll.dll+0x5af78]

VM_Operation (0x000000c1e74dbd90): G1CollectForAllocation, mode: safepoint, requested by thread 0x0000026c5d4d41e0


---------------  P R O C E S S  ---------------

Threads class SMR info:
_java_thread_list=0x0000026c5d9bcec0, length=14, elements={
0x0000026c5d4d41e0, 0x0000026c5d4d4870, 0x0000026c5d4d0040, 0x0000026c5d4d5c20,
0x0000026c5d4d2110, 0x0000026c5d4d0d60, 0x0000026c5d4d27a0, 0x0000026c59613660,
0x0000026c59613d30, 0x0000026c5d4d4f00, 0x0000026c5d4cec90, 0x0000026c5d4d5590,
0x0000026c59614400, 0x0000026c59614ad0
}

Java Threads: ( => current thread )
  0x0000026c5d4d41e0 JavaThread "main"                              [_thread_blocked, id=1136, stack(0x000000c1e7200000,0x000000c1e74e0000) (2944K)]
  0x0000026c5d4d4870 JavaThread "Reference Handler"          daemon [_thread_blocked, id=7828, stack(0x000000c1ee3c0000,0x000000c1ee6a0000) (2944K)]
  0x0000026c5d4d0040 JavaThread "Finalizer"                  daemon [_thread_blocked, id=3228, stack(0x000000c1ee6a0000,0x000000c1ee980000) (2944K)]
  0x0000026c5d4d5c20 JavaThread "Signal Dispatcher"          daemon [_thread_blocked, id=15320, stack(0x000000c1ee980000,0x000000c1eec60000) (2944K)]
  0x0000026c5d4d2110 JavaThread "Attach Listener"            daemon [_thread_blocked, id=1204, stack(0x000000c1eec60000,0x000000c1eef40000) (2944K)]
  0x0000026c5d4d0d60 JavaThread "Service Thread"             daemon [_thread_blocked, id=4436, stack(0x000000c1eef40000,0x000000c1ef220000) (2944K)]
  0x0000026c5d4d27a0 JavaThread "Monitor Deflation Thread"   daemon [_thread_blocked, id=2716, stack(0x000000c1ef220000,0x000000c1ef500000) (2944K)]
  0x0000026c59613660 JavaThread "C2 CompilerThread0"         daemon [_thread_blocked, id=11984, stack(0x000000c1ef500000,0x000000c1ef7e0000) (2944K)]
  0x0000026c59613d30 JavaThread "C1 CompilerThread0"         daemon [_thread_blocked, id=2020, stack(0x000000c1ef7e0000,0x000000c1efac0000) (2944K)]
  0x0000026c5d4d4f00 JavaThread "Notification Thread"        daemon [_thread_blocked, id=12716, stack(0x000000c1efac0000,0x000000c1efda0000) (2944K)]
  0x0000026c5d4cec90 JavaThread "Common-Cleaner"             daemon [_thread_blocked, id=6292, stack(0x000000c1efda0000,0x000000c1f0080000) (2944K)]
  0x0000026c5d4d5590 JavaThread "Python Reference Queue"     daemon [_thread_blocked, id=7784, stack(0x000000c1f0080000,0x000000c1f0360000) (2944K)]
  0x0000026c59614400 JavaThread "C2 CompilerThread1"         daemon [_thread_blocked, id=15940, stack(0x000000c1f0360000,0x000000c1f0640000) (2944K)]
  0x0000026c59614ad0 JavaThread "C2 CompilerThread2"         daemon [_thread_blocked, id=14352, stack(0x000000c1f0640000,0x000000c1f0920000) (2944K)]
Total: 14

Other Threads:
=>0x0000026c59781720 VMThread "VM Thread"                           [id=1088, stack(0x000000c1ee0e0000,0x000000c1ee3c0000) (2944K)]
  0x0000026c598a4f80 WatcherThread "VM Periodic Task Thread"        [id=8852, stack(0x000000c1ede00000,0x000000c1ee0e0000) (2944K)]
  0x0000026c597837c0 WorkerThread "GC Thread#0"                     [id=9636, stack(0x000000c1ecfa0000,0x000000c1ed280000) (2944K)]
  0x0000026c59783420 WorkerThread "GC Thread#1"                     [id=9916, stack(0x000000c1f0920000,0x000000c1f0c00000) (2944K)]
  0x0000026c59785120 WorkerThread "GC Thread#2"                     [id=5724, stack(0x000000c1f0c00000,0x000000c1f0ee0000) (2944K)]
  0x0000026c5977f2e0 WorkerThread "GC Thread#3"                     [id=5852, stack(0x000000c1f0ee0000,0x000000c1f11c0000) (2944K)]
  0x0000026c59781ac0 WorkerThread "GC Thread#4"                     [id=8568, stack(0x000000c1f11c0000,0x000000c1f14a0000) (2944K)]
  0x0000026c59781e60 WorkerThread "GC Thread#5"                     [id=10852, stack(0x000000c1f14a0000,0x000000c1f1780000) (2944K)]
  0x0000026c5955b9e0 ConcurrentGCThread "G1 Main Marker"            [id=14844, stack(0x000000c1ed280000,0x000000c1ed560000) (2944K)]
  0x0000026c59782940 WorkerThread "G1 Conc#0"                       [id=6168, stack(0x000000c1ed560000,0x000000c1ed840000) (2944K)]
  0x0000026c597854c0 WorkerThread "G1 Conc#1"                       [id=15508, stack(0x000000c1f1780000,0x000000c1f1a60000) (2944K)]
  0x0000026c49e55f50 ConcurrentGCThread "G1 Refine#0"               [id=8720, stack(0x000000c1ed840000,0x000000c1edb20000) (2944K)]
  0x0000026c596d2500 ConcurrentGCThread "G1 Service"                [id=9528, stack(0x000000c1edb20000,0x000000c1ede00000) (2944K)]
Total: 13

Threads with active compile tasks:
C2 CompilerThread0     3071 1370       4       java.util.ArrayList::readObject (119 bytes)
C2 CompilerThread1     3071 1332   !   4       java.io.ObjectInputStream::readSerialData (474 bytes)
C2 CompilerThread2     3071  952       4       jdk.internal.jimage.ImageReader$SharedImageReader::lambda$handleModulesSubTree$1 (58 bytes)
Total: 3

VM state: at safepoint (normal execution)

VM Mutex/Monitor currently owned by a thread:  ([mutex/lock_event])
[0x00007ff871cd0e50] Threads_lock - owner thread: 0x0000026c59781720
[0x00007ff871cd0f50] Heap_lock - owner thread: 0x0000026c5d4d41e0

Heap address: 0x00000000c0000000, size: 1024 MB, Compressed Oops mode: 32-bit

CDS archive(s) mapped at: [0x0000026c7b000000-0x0000026c7bc90000-0x0000026c7bc90000), size 13172736, SharedBaseAddress: 0x0000026c7b000000, ArchiveRelocationMode: 1.
Compressed class space mapped at: 0x0000026c7c000000-0x0000026cbc000000, reserved size: 1073741824
Narrow klass base: 0x0000026c7b000000, Narrow klass shift: 0, Narrow klass range: 0x100000000

GC Precious Log:
 CardTable entry size: 512
 Card Set container configuration: InlinePtr #cards 5 size 8 Array Of Cards #cards 12 size 40 Howl #buckets 4 coarsen threshold 1843 Howl Bitmap #cards 512 size 80 coarsen threshold 460 Card regions per heap region 1 cards per card region 2048
 CPUs: 8 total, 8 available
 Memory: 8129M
 Large Page Support: Disabled
 NUMA Support: Disabled
 Compressed Oops: Enabled (32-bit)
 Heap Region Size: 1M
 Heap Min Capacity: 8M
 Heap Initial Capacity: 128M
 Heap Max Capacity: 1G
 Pre-touch: Disabled
 Parallel Workers: 8
 Concurrent Workers: 2
 Concurrent Refinement Workers: 8
 Periodic GC: Disabled

Heap:
 garbage-first heap   total 35840K, used 22299K [0x00000000c0000000, 0x0000000100000000)
  region size 1024K, 1 young (1024K), 1 survivors (1024K)
 Metaspace       used 3693K, committed 3904K, reserved 1114112K
  class space    used 330K, committed 448K, reserved 1048576K

Heap Regions: E=young(eden), S=young(survivor), O=old, HS=humongous(starts), HC=humongous(continues), CS=collection set, F=free, TAMS=top-at-mark-start, PB=parsable bottom
|   0|0x00000000c0000000, 0x00000000c00fffe8, 0x00000000c0100000| 99%| O|  |TAMS 0x00000000c0000000| PB 0x00000000c0000000| Untracked 
|   1|0x00000000c0100000, 0x00000000c01da018, 0x00000000c0200000| 85%| O|  |TAMS 0x00000000c0100000| PB 0x00000000c0100000| Untracked 
|   2|0x00000000c0200000, 0x00000000c02fffc0, 0x00000000c0300000| 99%| O|  |TAMS 0x00000000c0200000| PB 0x00000000c0200000| Untracked 
|   3|0x00000000c0300000, 0x00000000c0346528, 0x00000000c0400000| 27%| O|  |TAMS 0x00000000c0300000| PB 0x00000000c0300000| Untracked 
|   4|0x00000000c0400000, 0x00000000c0500000, 0x00000000c0500000|100%| O|  |TAMS 0x00000000c0400000| PB 0x00000000c0400000| Untracked 
|   5|0x00000000c0500000, 0x00000000c0500000, 0x00000000c0600000|  0%| F|  |TAMS 0x00000000c0500000| PB 0x00000000c0500000| Untracked 
|   6|0x00000000c0600000, 0x00000000c0700000, 0x00000000c0700000|100%| O|  |TAMS 0x00000000c0600000| PB 0x00000000c0600000| Untracked 
|   7|0x00000000c0700000, 0x00000000c0800000, 0x00000000c0800000|100%| O|  |TAMS 0x00000000c0700000| PB 0x00000000c0700000| Untracked 
|   8|0x00000000c0800000, 0x00000000c0900000, 0x00000000c0900000|100%| O|  |TAMS 0x00000000c0800000| PB 0x00000000c0800000| Untracked 
|   9|0x00000000c0900000, 0x00000000c0a00000, 0x00000000c0a00000|100%| O|  |TAMS 0x00000000c0900000| PB 0x00000000c0900000| Untracked 
|  10|0x00000000c0a00000, 0x00000000c0b00000, 0x00000000c0b00000|100%| O|  |TAMS 0x00000000c0a00000| PB 0x00000000c0a00000| Untracked 
|  11|0x00000000c0b00000, 0x00000000c0c00000, 0x00000000c0c00000|100%| O|  |TAMS 0x00000000c0b00000| PB 0x00000000c0b00000| Untracked 
|  12|0x00000000c0c00000, 0x00000000c0d00000, 0x00000000c0d00000|100%| O|  |TAMS 0x00000000c0c00000| PB 0x00000000c0c00000| Untracked 
|  13|0x00000000c0d00000, 0x00000000c0e00000, 0x00000000c0e00000|100%| O|  |TAMS 0x00000000c0d00000| PB 0x00000000c0d00000| Untracked 
|  14|0x00000000c0e00000, 0x00000000c0f00000, 0x00000000c0f00000|100%| O|  |TAMS 0x00000000c0e00000| PB 0x00000000c0e00000| Untracked 
|  15|0x00000000c0f00000, 0x00000000c1000000, 0x00000000c1000000|100%| O|  |TAMS 0x00000000c0f00000| PB 0x00000000c0f00000| Untracked 
|  16|0x00000000c1000000, 0x00000000c1100000, 0x00000000c1100000|100%| O|  |TAMS 0x00000000c1000000| PB 0x00000000c1000000| Untracked 
|  17|0x00000000c1100000, 0x00000000c1200000, 0x00000000c1200000|100%| O|  |TAMS 0x00000000c1100000| PB 0x00000000c1100000| Untracked 
|  18|0x00000000c1200000, 0x00000000c1300000, 0x00000000c1300000|100%| O|  |TAMS 0x00000000c1200000| PB 0x00000000c1200000| Untracked 
|  19|0x00000000c1300000, 0x00000000c13a69b0, 0x00000000c1400000| 65%| O|  |TAMS 0x00000000c1300000| PB 0x00000000c1300000| Untracked 
|  20|0x00000000c1400000, 0x00000000c1400000, 0x00000000c1500000|  0%| F|  |TAMS 0x00000000c1400000| PB 0x00000000c1400000| Untracked 
|  21|0x00000000c1500000, 0x00000000c1500000, 0x00000000c1600000|  0%| F|  |TAMS 0x00000000c1500000| PB 0x00000000c1500000| Untracked 
|  22|0x00000000c1600000, 0x00000000c1600000, 0x00000000c1700000|  0%| F|  |TAMS 0x00000000c1600000| PB 0x00000000c1600000| Untracked 
|  23|0x00000000c1700000, 0x00000000c1700000, 0x00000000c1800000|  0%| F|  |TAMS 0x00000000c1700000| PB 0x00000000c1700000| Untracked 
|  24|0x00000000c1800000, 0x00000000c1900000, 0x00000000c1900000|100%| S|CS|TAMS 0x00000000c1800000| PB 0x00000000c1800000| Complete 
|  25|0x00000000c1900000, 0x00000000c1900000, 0x00000000c1a00000|  0%| F|  |TAMS 0x00000000c1900000| PB 0x00000000c1900000| Untracked 
|  26|0x00000000c1a00000, 0x00000000c1a00000, 0x00000000c1b00000|  0%| F|  |TAMS 0x00000000c1a00000| PB 0x00000000c1a00000| Untracked 
|  27|0x00000000c1b00000, 0x00000000c1b00000, 0x00000000c1c00000|  0%| F|  |TAMS 0x00000000c1b00000| PB 0x00000000c1b00000| Untracked 
|  28|0x00000000c1c00000, 0x00000000c1c00000, 0x00000000c1d00000|  0%| F|  |TAMS 0x00000000c1c00000| PB 0x00000000c1c00000| Untracked 
|  29|0x00000000c1d00000, 0x00000000c1d00000, 0x00000000c1e00000|  0%| F|  |TAMS 0x00000000c1d00000| PB 0x00000000c1d00000| Untracked 
|  30|0x00000000c1e00000, 0x00000000c1e00000, 0x00000000c1f00000|  0%| F|  |TAMS 0x00000000c1e00000| PB 0x00000000c1e00000| Untracked 
|  31|0x00000000c1f00000, 0x00000000c1f00000, 0x00000000c2000000|  0%| F|  |TAMS 0x00000000c1f00000| PB 0x00000000c1f00000| Untracked 
| 102|0x00000000c6600000, 0x00000000c6700000, 0x00000000c6700000|100%| O|  |TAMS 0x00000000c6600000| PB 0x00000000c6600000| Untracked 
| 103|0x00000000c6700000, 0x00000000c6800000, 0x00000000c6800000|100%| O|  |TAMS 0x00000000c6700000| PB 0x00000000c6700000| Untracked 
| 104|0x00000000c6800000, 0x00000000c6900000, 0x00000000c6900000|100%| O|  |TAMS 0x00000000c6800000| PB 0x00000000c6800000| Untracked 

Card table byte_map: [0x0000026c5e130000,0x0000026c5e330000] _byte_map_base: 0x0000026c5db30000

Marking Bits: (CMBitMap*) 0x0000026c5d4d06e0
 Bits: [0x0000026c77060000, 0x0000026c78060000)

Polling page: 0x0000026c38580000

Metaspace:

Usage:
  Non-class:      3.28 MB used.
      Class:    330.97 KB used.
       Both:      3.61 MB used.

Virtual space:
  Non-class space:       64.00 MB reserved,       3.38 MB (  5%) committed,  1 nodes.
      Class space:        1.00 GB reserved,     448.00 KB ( <1%) committed,  1 nodes.
             Both:        1.06 GB reserved,       3.81 MB ( <1%) committed. 

Chunk freelists:
   Non-Class:  11.39 MB
       Class:  15.52 MB
        Both:  26.92 MB

MaxMetaspaceSize: unlimited
CompressedClassSpaceSize: 1.00 GB
Initial GC threshold: 21.00 MB
Current GC threshold: 21.00 MB
CDS: on
 - commit_granule_bytes: 65536.
 - commit_granule_words: 8192.
 - virtual_space_node_default_size: 8388608.
 - enlarge_chunks_in_place: 1.
 - use_allocation_guard: 0.


Internal statistics:

num_allocs_failed_limit: 0.
num_arena_births: 106.
num_arena_deaths: 0.
num_vsnodes_births: 2.
num_vsnodes_deaths: 0.
num_space_committed: 61.
num_space_uncommitted: 0.
num_chunks_returned_to_freelist: 0.
num_chunks_taken_from_freelist: 153.
num_chunk_merges: 0.
num_chunk_splits: 100.
num_chunks_enlarged: 57.
num_inconsistent_stats: 0.

CodeHeap 'non-profiled nmethods': size=120000Kb used=612Kb max_used=612Kb free=119387Kb
 bounds [0x0000026c6fb30000, 0x0000026c6fda0000, 0x0000026c77060000]
CodeHeap 'profiled nmethods': size=120000Kb used=2042Kb max_used=2275Kb free=117958Kb
 bounds [0x0000026c68060000, 0x0000026c682d0000, 0x0000026c6f590000]
CodeHeap 'non-nmethods': size=5760Kb used=1356Kb max_used=1438Kb free=4403Kb
 bounds [0x0000026c6f590000, 0x0000026c6f800000, 0x0000026c6fb30000]
 total_blobs=1701 nmethods=1241 adapters=364
 compilation: enabled
              stopped_count=0, restarted_count=0
 full_count=0

Compilation events (20 events):
Event: 1.563 Thread 0x0000026c59613660 nmethod 1317 0x0000026c6fbc5110 code [0x0000026c6fbc5400, 0x0000026c6fbc64c0]
Event: 1.563 Thread 0x0000026c59613660 1323       4       java.io.ObjectInputStream$BlockDataInputStream::read (9 bytes)
Event: 1.567 Thread 0x0000026c59613660 nmethod 1323 0x0000026c6fb56090 code [0x0000026c6fb56240, 0x0000026c6fb56500]
Event: 1.567 Thread 0x0000026c59613660 1322       4       java.io.ObjectInputStream$BlockDataInputStream::currentBlockRemaining (41 bytes)
Event: 1.568 Thread 0x0000026c59613660 nmethod 1322 0x0000026c6fb30a90 code [0x0000026c6fb30c20, 0x0000026c6fb30cf0]
Event: 1.568 Thread 0x0000026c59613660 1311       4       java.io.ObjectInputStream$BlockDataInputStream::readInt (73 bytes)
Event: 1.574 Thread 0x0000026c59613660 nmethod 1311 0x0000026c6fb72b90 code [0x0000026c6fb72d60, 0x0000026c6fb730b8]
Event: 1.574 Thread 0x0000026c59613660 1296       4       java.io.ObjectInputStream$PeekInputStream::read (47 bytes)
Event: 1.575 Thread 0x0000026c59613660 nmethod 1296 0x0000026c6fb54890 code [0x0000026c6fb54a20, 0x0000026c6fb54ad0]
Event: 1.575 Thread 0x0000026c59613d30 1362       2       java.util.zip.InflaterInputStream::fill (60 bytes)
Event: 1.575 Thread 0x0000026c59613660 1319       4       java.io.ObjectInputStream$HandleTable::markDependency (175 bytes)
Event: 1.576 Thread 0x0000026c59613d30 nmethod 1362 0x0000026c68063a90 code [0x0000026c68063c80, 0x0000026c68063f70]
Event: 1.577 Thread 0x0000026c59613660 nmethod 1319 0x0000026c6fbc7090 code [0x0000026c6fbc7220, 0x0000026c6fbc73b8]
Event: 1.577 Thread 0x0000026c59613660 1320   !   4       java.io.ObjectInputStream::readObject (160 bytes)
Event: 1.584 Thread 0x0000026c59613660 nmethod 1320 0x0000026c6fbc7510 code [0x0000026c6fbc76e0, 0x0000026c6fbc7b20]
Event: 1.584 Thread 0x0000026c59613660 1331   !   4       java.io.ObjectInputStream::filterCheck (359 bytes)
Event: 1.586 Thread 0x0000026c59613660 nmethod 1331 0x0000026c6fbc7f10 code [0x0000026c6fbc80a0, 0x0000026c6fbc81a8]
Event: 1.586 Thread 0x0000026c59613660 1318   !   4       java.io.ObjectInputStream$BlockDataInputStream::readBlockHeader (249 bytes)
Event: 1.605 Thread 0x0000026c59613660 nmethod 1318 0x0000026c6fbc8310 code [0x0000026c6fbc8580, 0x0000026c6fbc9180]
Event: 1.606 Thread 0x0000026c59613660 1370       4       java.util.ArrayList::readObject (119 bytes)

GC Heap History (13 events):
Event: 0.554 GC heap before
{Heap before GC invocations=0 (full 0):
 garbage-first heap   total 131072K, used 23552K [0x00000000c0000000, 0x0000000100000000)
  region size 1024K, 23 young (23552K), 0 survivors (0K)
 Metaspace       used 2262K, committed 2432K, reserved 1114112K
  class space    used 195K, committed 320K, reserved 1048576K
}
Event: 0.563 GC heap after
{Heap after GC invocations=1 (full 0):
 garbage-first heap   total 131072K, used 3690K [0x00000000c0000000, 0x0000000100000000)
  region size 1024K, 3 young (3072K), 3 survivors (3072K)
 Metaspace       used 2262K, committed 2432K, reserved 1114112K
  class space    used 195K, committed 320K, reserved 1048576K
}
Event: 1.018 GC heap before
{Heap before GC invocations=1 (full 0):
 garbage-first heap   total 131072K, used 28266K [0x00000000c0000000, 0x0000000100000000)
  region size 1024K, 28 young (28672K), 3 survivors (3072K)
 Metaspace       used 3028K, committed 3264K, reserved 1114112K
  class space    used 273K, committed 384K, reserved 1048576K
}
Event: 1.040 GC heap after
{Heap after GC invocations=2 (full 1):
 garbage-first heap   total 27648K, used 6355K [0x00000000c0000000, 0x0000000100000000)
  region size 1024K, 0 young (0K), 0 survivors (0K)
 Metaspace       used 3028K, committed 3264K, reserved 1114112K
  class space    used 273K, committed 384K, reserved 1048576K
}
Event: 1.438 GC heap before
{Heap before GC invocations=2 (full 1):
 garbage-first heap   total 27648K, used 18643K [0x00000000c0000000, 0x0000000100000000)
  region size 1024K, 12 young (12288K), 0 survivors (0K)
 Metaspace       used 3687K, committed 3904K, reserved 1114112K
  class space    used 330K, committed 448K, reserved 1048576K
}
Event: 1.455 GC heap after
{Heap after GC invocations=3 (full 1):
 garbage-first heap   total 27648K, used 12948K [0x00000000c0000000, 0x0000000100000000)
  region size 1024K, 2 young (2048K), 2 survivors (2048K)
 Metaspace       used 3687K, committed 3904K, reserved 1114112K
  class space    used 330K, committed 448K, reserved 1048576K
}
Event: 1.491 GC heap before
{Heap before GC invocations=3 (full 1):
 garbage-first heap   total 27648K, used 17044K [0x00000000c0000000, 0x0000000100000000)
  region size 1024K, 7 young (7168K), 2 survivors (2048K)
 Metaspace       used 3691K, committed 3904K, reserved 1114112K
  class space    used 330K, committed 448K, reserved 1048576K
}
Event: 1.502 GC heap after
{Heap after GC invocations=4 (full 1):
 garbage-first heap   total 27648K, used 16083K [0x00000000c0000000, 0x0000000100000000)
  region size 1024K, 1 young (1024K), 1 survivors (1024K)
 Metaspace       used 3691K, committed 3904K, reserved 1114112K
  class space    used 330K, committed 448K, reserved 1048576K
}
Event: 1.527 GC heap before
{Heap before GC invocations=4 (full 1):
 garbage-first heap   total 27648K, used 19155K [0x00000000c0000000, 0x0000000100000000)
  region size 1024K, 4 young (4096K), 1 survivors (1024K)
 Metaspace       used 3691K, committed 3904K, reserved 1114112K
  class space    used 330K, committed 448K, reserved 1048576K
}
Event: 1.534 GC heap after
{Heap after GC invocations=5 (full 1):
 garbage-first heap   total 27648K, used 18300K [0x00000000c0000000, 0x0000000100000000)
  region size 1024K, 1 young (1024K), 1 survivors (1024K)
 Metaspace       used 3691K, committed 3904K, reserved 1114112K
  class space    used 330K, committed 448K, reserved 1048576K
}
Event: 1.554 GC heap before
{Heap before GC invocations=6 (full 1):
 garbage-first heap   total 35840K, used 20348K [0x00000000c0000000, 0x0000000100000000)
  region size 1024K, 3 young (3072K), 1 survivors (1024K)
 Metaspace       used 3692K, committed 3904K, reserved 1114112K
  class space    used 330K, committed 448K, reserved 1048576K
}
Event: 1.559 GC heap after
{Heap after GC invocations=7 (full 1):
 garbage-first heap   total 35840K, used 19143K [0x00000000c0000000, 0x0000000100000000)
  region size 1024K, 1 young (1024K), 1 survivors (1024K)
 Metaspace       used 3692K, committed 3904K, reserved 1114112K
  class space    used 330K, committed 448K, reserved 1048576K
}
Event: 1.616 GC heap before
{Heap before GC invocations=7 (full 1):
 garbage-first heap   total 35840K, used 25287K [0x00000000c0000000, 0x0000000100000000)
  region size 1024K, 7 young (7168K), 1 survivors (1024K)
 Metaspace       used 3693K, committed 3904K, reserved 1114112K
  class space    used 330K, committed 448K, reserved 1048576K
}

Dll operation events (7 events):
Event: 0.018 Loaded shared library C:\Program Files\Java\jdk-21\bin\java.dll
Event: 0.067 Loaded shared library C:\Program Files\Java\jdk-21\bin\jsvml.dll
Event: 0.129 Loaded shared library C:\Program Files\Java\jdk-21\bin\net.dll
Event: 0.131 Loaded shared library C:\Program Files\Java\jdk-21\bin\nio.dll
Event: 0.135 Loaded shared library C:\Program Files\Java\jdk-21\bin\zip.dll
Event: 0.201 Loaded shared library C:\Users\student\AppData\Local\Programs\Python\Python313\Lib\site-packages\_jpype.cp313-win_amd64.pyd
Event: 0.247 Loaded shared library C:\Program Files\Java\jdk-21\bin\jimage.dll

Deoptimization events (20 events):
Event: 0.236 Thread 0x0000026c5d4d41e0 DEOPT PACKING pc=0x0000026c6807aa78 sp=0x000000c1e74db6b0
Event: 0.236 Thread 0x0000026c5d4d41e0 DEOPT UNPACKING pc=0x0000026c6f5e4e42 sp=0x000000c1e74daad0 mode 0
Event: 0.257 Thread 0x0000026c5d4d41e0 DEOPT PACKING pc=0x0000026c6806a658 sp=0x000000c1e74dd070
Event: 0.257 Thread 0x0000026c5d4d41e0 DEOPT UNPACKING pc=0x0000026c6f5e4e42 sp=0x000000c1e74dc4d8 mode 0
Event: 0.511 Thread 0x0000026c5d4d41e0 Uncommon trap: trap_request=0xffffff6e fr.pc=0x0000026c6fb563a4 relative=0x0000000000000464
Event: 0.511 Thread 0x0000026c5d4d41e0 Uncommon trap: reason=loop_limit_check action=maybe_recompile pc=0x0000026c6fb563a4 method=java.lang.StringLatin1.indexOf([BI[BII)I @ 37 c2
Event: 0.511 Thread 0x0000026c5d4d41e0 DEOPT PACKING pc=0x0000026c6fb563a4 sp=0x000000c1e74dbf30
Event: 0.511 Thread 0x0000026c5d4d41e0 DEOPT UNPACKING pc=0x0000026c6f5e46a2 sp=0x000000c1e74dbe90 mode 2
Event: 0.652 Thread 0x0000026c5d4d41e0 Uncommon trap: trap_request=0xffffff45 fr.pc=0x0000026c6fb54a74 relative=0x0000000000000054
Event: 0.652 Thread 0x0000026c5d4d41e0 Uncommon trap: reason=unstable_if action=reinterpret pc=0x0000026c6fb54a74 method=sun.nio.fs.WindowsPathParser.isSlash(C)Z @ 9 c2
Event: 0.652 Thread 0x0000026c5d4d41e0 DEOPT PACKING pc=0x0000026c6fb54a74 sp=0x000000c1e74dcbb0
Event: 0.652 Thread 0x0000026c5d4d41e0 DEOPT UNPACKING pc=0x0000026c6f5e46a2 sp=0x000000c1e74dcb38 mode 2
Event: 0.765 Thread 0x0000026c5d4d41e0 Uncommon trap: trap_request=0xffffff45 fr.pc=0x0000026c6fb72fd4 relative=0x0000000000000574
Event: 0.765 Thread 0x0000026c5d4d41e0 Uncommon trap: reason=unstable_if action=reinterpret pc=0x0000026c6fb72fd4 method=java.lang.String.<init>(Ljava/nio/charset/Charset;[BII)V @ 415 c2
Event: 0.765 Thread 0x0000026c5d4d41e0 DEOPT PACKING pc=0x0000026c6fb72fd4 sp=0x000000c1e74dc540
Event: 0.766 Thread 0x0000026c5d4d41e0 DEOPT UNPACKING pc=0x0000026c6f5e46a2 sp=0x000000c1e74dc4c0 mode 2
Event: 0.784 Thread 0x0000026c5d4d41e0 Uncommon trap: trap_request=0xffffff45 fr.pc=0x0000026c6fb7f8b0 relative=0x0000000000000090
Event: 0.784 Thread 0x0000026c5d4d41e0 Uncommon trap: reason=unstable_if action=reinterpret pc=0x0000026c6fb7f8b0 method=jdk.internal.misc.Unsafe.convEndian(ZI)I @ 4 c2
Event: 0.784 Thread 0x0000026c5d4d41e0 DEOPT PACKING pc=0x0000026c6fb7f8b0 sp=0x000000c1e74dc780
Event: 0.784 Thread 0x0000026c5d4d41e0 DEOPT UNPACKING pc=0x0000026c6f5e46a2 sp=0x000000c1e74dc6b0 mode 2

Classes loaded (20 events):
Event: 1.231 Loading class jdk/internal/reflect/SerializationConstructorAccessorImpl
Event: 1.231 Loading class jdk/internal/reflect/SerializationConstructorAccessorImpl done
Event: 1.231 Loading class java/util/function/UnaryOperator
Event: 1.231 Loading class java/util/function/UnaryOperator done
Event: 1.232 Loading class java/io/ClassCache$CacheRef
Event: 1.232 Loading class java/io/ClassCache$CacheRef done
Event: 1.232 Loading class java/io/ObjectStreamClass$FieldReflectorKey
Event: 1.232 Loading class java/io/ObjectStreamClass$FieldReflectorKey done
Event: 1.232 Loading class java/io/ObjectStreamClass$FieldReflector
Event: 1.233 Loading class java/io/ObjectStreamClass$FieldReflector done
Event: 1.233 Loading class java/io/ObjectStreamClass$ClassDataSlot
Event: 1.233 Loading class java/io/ObjectStreamClass$ClassDataSlot done
Event: 1.233 Loading class java/io/ObjectInputStream$FieldValues
Event: 1.233 Loading class java/io/ObjectInputStream$GetField
Event: 1.233 Loading class java/io/ObjectInputStream$GetField done
Event: 1.233 Loading class java/io/ObjectInputStream$FieldValues done
Event: 1.234 Loading class java/io/SerialCallbackContext
Event: 1.234 Loading class java/io/SerialCallbackContext done
Event: 1.257 Loading class java/lang/invoke/MethodHandle$1
Event: 1.257 Loading class java/lang/invoke/MethodHandle$1 done

Classes unloaded (0 events):
No events

Classes redefined (0 events):
No events

Internal exceptions (12 events):
Event: 0.209 Thread 0x0000026c5d4d41e0 Exception <a 'java/lang/NoSuchMethodError'{0x00000000c7c42710}: 'int java.lang.invoke.DirectMethodHandle$Holder.invokeStaticInit(java.lang.Object, java.lang.Object)'> (0x00000000c7c42710) 
thrown [s\open\src\hotspot\share\interpreter\linkResolver.cpp, line 773]
Event: 0.211 Thread 0x0000026c5d4d41e0 Exception <a 'java/lang/NoSuchMethodError'{0x00000000c7c48a48}: 'java.lang.Object java.lang.invoke.DirectMethodHandle$Holder.invokeStaticInit(java.lang.Object, int)'> (0x00000000c7c48a48) 
thrown [s\open\src\hotspot\share\interpreter\linkResolver.cpp, line 773]
Event: 0.213 Thread 0x0000026c5d4d41e0 Exception <a 'java/lang/NoSuchMethodError'{0x00000000c7c534f8}: 'int java.lang.invoke.DirectMethodHandle$Holder.invokeSpecial(java.lang.Object, java.lang.Object, java.lang.Object)'> (0x00000000c7c534f8) 
thrown [s\open\src\hotspot\share\interpreter\linkResolver.cpp, line 773]
Event: 0.215 Thread 0x0000026c5d4d41e0 Exception <a 'java/lang/NoSuchMethodError'{0x00000000c7c63858}: 'java.lang.Object java.lang.invoke.DirectMethodHandle$Holder.invokeStatic(java.lang.Object, java.lang.Object, int)'> (0x00000000c7c63858) 
thrown [s\open\src\hotspot\share\interpreter\linkResolver.cpp, line 773]
Event: 0.217 Thread 0x0000026c5d4d41e0 Exception <a 'java/lang/NoSuchMethodError'{0x00000000c7c6ebd0}: 'void java.lang.invoke.DelegatingMethodHandle$Holder.delegate(java.lang.Object, java.lang.Object, int, java.lang.Object)'> (0x00000000c7c6ebd0) 
thrown [s\open\src\hotspot\share\interpreter\linkResolver.cpp, line 773]
Event: 0.242 Thread 0x0000026c5d4d41e0 Exception <a 'java/lang/NoSuchMethodError'{0x00000000c7b820e8}: 'java.lang.Object java.lang.invoke.Invokers$Holder.invokeExact_MT(java.lang.Object, java.lang.Object, java.lang.Object, java.lang.Object, java.lang.Object)'> (0x00000000c7b820e8) 
thrown [s\open\src\hotspot\share\interpreter\linkResolver.cpp, line 773]
Event: 0.296 Thread 0x0000026c5d4d41e0 Exception <a 'java/lang/NoSuchMethodError'{0x00000000c7a4c9d0}: 'java.lang.Object java.lang.invoke.DirectMethodHandle$Holder.invokeInterface(java.lang.Object, java.lang.Object)'> (0x00000000c7a4c9d0) 
thrown [s\open\src\hotspot\share\interpreter\linkResolver.cpp, line 773]
Event: 0.297 Thread 0x0000026c5d4d41e0 Exception <a 'java/lang/IncompatibleClassChangeError'{0x00000000c7a4fce8}: Found class java.lang.Object, but interface was expected> (0x00000000c7a4fce8) 
thrown [s\open\src\hotspot\share\interpreter\linkResolver.cpp, line 840]
Event: 0.339 Thread 0x0000026c5d4d41e0 Exception <a 'java/lang/NoSuchMethodError'{0x00000000c7946138}: method resolution failed> (0x00000000c7946138) 
thrown [s\open\src\hotspot\share\prims\methodHandles.cpp, line 1144]
Event: 1.224 Thread 0x0000026c5d4d41e0 Exception <a 'java/lang/NoSuchMethodError'{0x00000000c17b8e40}: 'long java.lang.invoke.DirectMethodHandle$Holder.invokeSpecial(java.lang.Object, java.lang.Object)'> (0x00000000c17b8e40) 
thrown [s\open\src\hotspot\share\interpreter\linkResolver.cpp, line 773]
Event: 1.225 Thread 0x0000026c5d4d41e0 Exception <a 'java/lang/NoSuchMethodError'{0x00000000c17bc268}: 'long java.lang.invoke.Invokers$Holder.invokeExact_MT(java.lang.Object, java.lang.Object)'> (0x00000000c17bc268) 
thrown [s\open\src\hotspot\share\interpreter\linkResolver.cpp, line 773]
Event: 1.234 Thread 0x0000026c5d4d41e0 Exception <a 'java/lang/NoSuchMethodError'{0x00000000c17ca980}: 'void java.lang.invoke.DirectMethodHandle$Holder.invokeSpecial(java.lang.Object, java.lang.Object, java.lang.Object)'> (0x00000000c17ca980) 
thrown [s\open\src\hotspot\share\interpreter\linkResolver.cpp, line 773]

ZGC Phase Switch (0 events):
No events

VM Operations (20 events):
Event: 0.458 Executing VM operation: HandshakeAllThreads (Deoptimize) done
Event: 0.554 Executing VM operation: G1CollectForAllocation (G1 Evacuation Pause)
Event: 0.563 Executing VM operation: G1CollectForAllocation (G1 Evacuation Pause) done
Event: 0.813 Executing VM operation: HandshakeAllThreads (Deoptimize)
Event: 0.813 Executing VM operation: HandshakeAllThreads (Deoptimize) done
Event: 1.018 Executing VM operation: G1CollectFull (System.gc())
Event: 1.041 Executing VM operation: G1CollectFull (System.gc()) done
Event: 1.438 Executing VM operation: G1CollectForAllocation (G1 Evacuation Pause)
Event: 1.455 Executing VM operation: G1CollectForAllocation (G1 Evacuation Pause) done
Event: 1.491 Executing VM operation: G1CollectForAllocation (G1 Evacuation Pause)
Event: 1.502 Executing VM operation: G1CollectForAllocation (G1 Evacuation Pause) done
Event: 1.527 Executing VM operation: G1CollectForAllocation (G1 Evacuation Pause)
Event: 1.534 Executing VM operation: G1CollectForAllocation (G1 Evacuation Pause) done
Event: 1.539 Executing VM operation: G1PauseRemark
Event: 1.542 Executing VM operation: G1PauseRemark done
Event: 1.548 Executing VM operation: G1PauseCleanup
Event: 1.549 Executing VM operation: G1PauseCleanup done
Event: 1.554 Executing VM operation: G1CollectForAllocation (G1 Evacuation Pause)
Event: 1.559 Executing VM operation: G1CollectForAllocation (G1 Evacuation Pause) done
Event: 1.616 Executing VM operation: G1CollectForAllocation (G1 Evacuation Pause)

Events (20 events):
Event: 1.541 Thread 0x0000026c59781720 flushing nmethod 0x0000026c680a3b10
Event: 1.541 Thread 0x0000026c59781720 flushing nmethod 0x0000026c680a5090
Event: 1.541 Thread 0x0000026c59781720 flushing nmethod 0x0000026c680a7790
Event: 1.541 Thread 0x0000026c59781720 flushing nmethod 0x0000026c680a8590
Event: 1.541 Thread 0x0000026c59781720 flushing nmethod 0x0000026c68101e90
Event: 1.541 Thread 0x0000026c59781720 flushing nmethod 0x0000026c68108f90
Event: 1.541 Thread 0x0000026c59781720 flushing nmethod 0x0000026c68110e90
Event: 1.541 Thread 0x0000026c59781720 flushing nmethod 0x0000026c68111690
Event: 1.541 Thread 0x0000026c59781720 flushing nmethod 0x0000026c68116190
Event: 1.541 Thread 0x0000026c59781720 flushing nmethod 0x0000026c6817de10
Event: 1.541 Thread 0x0000026c59781720 flushing nmethod 0x0000026c6817e510
Event: 1.541 Thread 0x0000026c59781720 flushing nmethod 0x0000026c68195990
Event: 1.541 Thread 0x0000026c59781720 flushing nmethod 0x0000026c68196c90
Event: 1.541 Thread 0x0000026c59781720 flushing nmethod 0x0000026c68198b10
Event: 1.541 Thread 0x0000026c59781720 flushing nmethod 0x0000026c68199d90
Event: 1.541 Thread 0x0000026c59781720 flushing nmethod 0x0000026c6819a910
Event: 1.541 Thread 0x0000026c59781720 flushing nmethod 0x0000026c6819ba90
Event: 1.541 Thread 0x0000026c59781720 flushing nmethod 0x0000026c6819cd10
Event: 1.541 Thread 0x0000026c59781720 flushing nmethod 0x0000026c6819d910
Event: 1.541 Thread 0x0000026c59781720 flushing nmethod 0x0000026c681a6990


Dynamic libraries:
0x00007ff679ce0000 - 0x00007ff679cfa000 	c:\Users\student\AppData\Local\Programs\Python\Python313\python.exe
0x00007ff8ff5d0000 - 0x00007ff8ff7e7000 	C:\WINDOWS\SYSTEM32\ntdll.dll
0x00007ff8fe630000 - 0x00007ff8fe6f4000 	C:\WINDOWS\System32\KERNEL32.DLL
0x00007ff8fca50000 - 0x00007ff8fce22000 	C:\WINDOWS\System32\KERNELBASE.dll
0x00007ff8fc7c0000 - 0x00007ff8fc8d1000 	C:\WINDOWS\System32\ucrtbase.dll
0x00007ff8b8e10000 - 0x00007ff8b9465000 	c:\Users\student\AppData\Local\Programs\Python\Python313\python313.dll
0x00007ff8e7be0000 - 0x00007ff8e7bfe000 	c:\Users\student\AppData\Local\Programs\Python\Python313\VCRUNTIME140.dll
0x00007ff8fdbd0000 - 0x00007ff8fdc41000 	C:\WINDOWS\System32\WS2_32.dll
0x00007ff8fef80000 - 0x00007ff8ff094000 	C:\WINDOWS\System32\RPCRT4.dll
0x00007ff8fc6c0000 - 0x00007ff8fc6e8000 	C:\WINDOWS\System32\bcrypt.dll
0x00007ff8ff4d0000 - 0x00007ff8ff581000 	C:\WINDOWS\System32\ADVAPI32.dll
0x00007ff8fdb10000 - 0x00007ff8fdbb7000 	C:\WINDOWS\System32\msvcrt.dll
0x00007ff8f9390000 - 0x00007ff8f939a000 	C:\WINDOWS\SYSTEM32\VERSION.dll
0x00007ff8fec20000 - 0x00007ff8fecc8000 	C:\WINDOWS\System32\sechost.dll
0x00007ff8fce30000 - 0x00007ff8fceab000 	C:\WINDOWS\System32\bcryptprimitives.dll
0x0000026c34270000 - 0x0000026c34280000 	c:\Users\student\AppData\Local\Programs\Python\Python313\python3.DLL
0x00007ff8f56c0000 - 0x00007ff8f56cb000 	c:\Users\student\AppData\Local\Programs\Python\Python313\DLLs\_wmi.pyd
0x00007ff8fe7d0000 - 0x00007ff8fe8a7000 	C:\WINDOWS\System32\OLEAUT32.dll
0x00007ff8fc720000 - 0x00007ff8fc7ba000 	C:\WINDOWS\System32\msvcp_win.dll
0x00007ff8ff120000 - 0x00007ff8ff4b3000 	C:\WINDOWS\System32\combase.dll
0x00007ff8ef4a0000 - 0x00007ff8ef4ac000 	c:\Users\student\AppData\Local\Programs\Python\Python313\VCRUNTIME140_1.dll
0x00007ff8f6860000 - 0x00007ff8f6969000 	C:\WINDOWS\SYSTEM32\PROPSYS.dll
0x00007ff8d36d0000 - 0x00007ff8d37ca000 	C:\Users\student\AppData\Roaming\Python\Python313\site-packages\zmq\backend\cython\_zmq.pyd
0x00007ff8fb1b0000 - 0x00007ff8fb1dd000 	C:\WINDOWS\SYSTEM32\IPHLPAPI.DLL
0x00007ff8fbde0000 - 0x00007ff8fbdec000 	C:\WINDOWS\SYSTEM32\CRYPTBASE.DLL
0x00007ff8e4740000 - 0x00007ff8e4756000 	c:\Users\student\AppData\Local\Programs\Python\Python313\DLLs\_socket.pyd
0x00007ff8e5e10000 - 0x00007ff8e5e19000 	c:\Users\student\AppData\Local\Programs\Python\Python313\DLLs\select.pyd
0x00007ff8d8a80000 - 0x00007ff8d8aad000 	c:\Users\student\AppData\Local\Programs\Python\Python313\DLLs\_ssl.pyd
0x00007ff8fc8e0000 - 0x00007ff8fca47000 	C:\WINDOWS\System32\CRYPT32.dll
0x00007ff8b8900000 - 0x00007ff8b8e03000 	c:\Users\student\AppData\Local\Programs\Python\Python313\DLLs\libcrypto-3.dll
0x00007ff8fe430000 - 0x00007ff8fe5e1000 	C:\WINDOWS\System32\USER32.dll
0x00007ff8fc6f0000 - 0x00007ff8fc716000 	C:\WINDOWS\System32\win32u.dll
0x00007ff8fe5f0000 - 0x00007ff8fe619000 	C:\WINDOWS\System32\GDI32.dll
0x00007ff8d14f0000 - 0x00007ff8d15b3000 	c:\Users\student\AppData\Local\Programs\Python\Python313\DLLs\libssl-3.dll
0x00007ff8fcff0000 - 0x00007ff8fd113000 	C:\WINDOWS\System32\gdi32full.dll
0x00007ff8fe150000 - 0x00007ff8fe181000 	C:\WINDOWS\System32\IMM32.DLL
0x00007ff8e0d00000 - 0x00007ff8e0d12000 	c:\Users\student\AppData\Local\Programs\Python\Python313\DLLs\_asyncio.pyd
0x00007ff8e17e0000 - 0x00007ff8e17ee000 	c:\Users\student\AppData\Local\Programs\Python\Python313\DLLs\_overlapped.pyd
0x00007ff8fbb70000 - 0x00007ff8fbbd9000 	C:\WINDOWS\system32\mswsock.dll
0x00007ff8d8a60000 - 0x00007ff8d8a76000 	c:\Users\student\AppData\Local\Programs\Python\Python313\DLLs\_bz2.pyd
0x00007ff8d4540000 - 0x00007ff8d4567000 	c:\Users\student\AppData\Local\Programs\Python\Python313\DLLs\_lzma.pyd
0x00007ff8e7bd0000 - 0x00007ff8e7bd9000 	c:\Users\student\AppData\Local\Programs\Python\Python313\DLLs\_queue.pyd
0x00007ff8d8a40000 - 0x00007ff8d8a52000 	c:\Users\student\AppData\Local\Programs\Python\Python313\DLLs\_hashlib.pyd
0x00007ff8e13d0000 - 0x00007ff8e13d8000 	C:\Users\student\AppData\Roaming\Python\Python313\site-packages\tornado\speedups.pyd
0x00007ff8e10d0000 - 0x00007ff8e10f2000 	c:\Users\student\AppData\Local\Programs\Python\Python313\DLLs\_ctypes.pyd
0x00007ff8fea80000 - 0x00007ff8fec20000 	C:\WINDOWS\System32\ole32.dll
0x00007ff8e4930000 - 0x00007ff8e493b000 	c:\Users\student\AppData\Local\Programs\Python\Python313\DLLs\libffi-8.dll
0x00007ff8d2990000 - 0x00007ff8d29d6000 	c:\Users\student\AppData\Local\Programs\Python\Python313\DLLs\_decimal.pyd
0x00007ff8ddb70000 - 0x00007ff8ddb78000 	c:\Users\student\AppData\Local\Programs\Python\Python313\DLLs\_uuid.pyd
0x00007ff8fd260000 - 0x00007ff8fdb02000 	C:\WINDOWS\System32\shell32.DLL
0x00007ff8fd120000 - 0x00007ff8fd25f000 	C:\WINDOWS\System32\wintypes.dll
0x00007ff8d5a10000 - 0x00007ff8d5a30000 	c:\Users\student\AppData\Local\Programs\Python\Python313\DLLs\_sqlite3.pyd
0x00007ff8cf060000 - 0x00007ff8cf1e3000 	c:\Users\student\AppData\Local\Programs\Python\Python313\DLLs\sqlite3.dll
0x00007ff8d2950000 - 0x00007ff8d2983000 	c:\Users\student\AppData\Local\Programs\Python\Python313\DLLs\pyexpat.pyd
0x00007ff8d0620000 - 0x00007ff8d06cf000 	c:\Users\student\AppData\Local\Programs\Python\Python313\DLLs\unicodedata.pyd
0x00007ff8fb6f0000 - 0x00007ff8fb708000 	C:\WINDOWS\SYSTEM32\kernel.appcore.dll
0x00007ff8f9d30000 - 0x00007ff8f9de4000 	C:\WINDOWS\system32\uxtheme.dll
0x00007ff8fe220000 - 0x00007ff8fe2d0000 	C:\WINDOWS\System32\clbcatq.dll
0x00007ff8e0940000 - 0x00007ff8e095d000 	C:\WINDOWS\SYSTEM32\amsi.dll
0x00007ff8fbc60000 - 0x00007ff8fbc88000 	C:\WINDOWS\SYSTEM32\USERENV.dll
0x00007ff8fc5f0000 - 0x00007ff8fc61b000 	C:\WINDOWS\SYSTEM32\profapi.dll
0x00007ff8dee60000 - 0x00007ff8def02000 	C:\ProgramData\Microsoft\Windows Defender\Platform\4.18.25080.5-0\MpOav.dll
0x00007ff8de990000 - 0x00007ff8dea28000 	C:\Program Files\AhnLab\V3IS90\AMSI\AMSI0001\v3amsi64.dll
0x00007ff8d37e0000 - 0x00007ff8d37f4000 	C:\Users\student\AppData\Roaming\Python\Python313\site-packages\psutil\_psutil_windows.pyd
0x00007ff8ff4c0000 - 0x00007ff8ff4c8000 	C:\WINDOWS\System32\PSAPI.DLL
0x00007ff8fc050000 - 0x00007ff8fc09d000 	C:\WINDOWS\SYSTEM32\POWRPROF.dll
0x00007ff8e0e10000 - 0x00007ff8e0e60000 	C:\WINDOWS\SYSTEM32\pdh.dll
0x00007ff8fc030000 - 0x00007ff8fc043000 	C:\WINDOWS\SYSTEM32\UMPDC.dll
0x00007ff8fb4a0000 - 0x00007ff8fb4b4000 	C:\WINDOWS\SYSTEM32\wtsapi32.dll
0x00007ff8fe770000 - 0x00007ff8fe779000 	C:\WINDOWS\System32\NSI.dll
0x00007ff8f6db0000 - 0x00007ff8f6dc9000 	C:\WINDOWS\SYSTEM32\dhcpcsvc6.DLL
0x00007ff8f6cb0000 - 0x00007ff8f6ccf000 	C:\WINDOWS\SYSTEM32\dhcpcsvc.DLL
0x00007ff8fb1e0000 - 0x00007ff8fb2d8000 	C:\WINDOWS\SYSTEM32\DNSAPI.dll
0x00007ff8d2da0000 - 0x00007ff8d2e06000 	C:\Users\student\AppData\Roaming\Python\Python313\site-packages\debugpy\_vendored\pydevd\_pydevd_bundle\pydevd_cython.cp313-win_amd64.pyd
0x00007ff8d2b20000 - 0x00007ff8d2b7a000 	C:\Users\student\AppData\Roaming\Python\Python313\site-packages\debugpy\_vendored\pydevd\_pydevd_sys_monitoring\_pydevd_sys_monitoring_cython.cp313-win_amd64.pyd
0x00007ff8fee70000 - 0x00007ff8fef7c000 	C:\WINDOWS\System32\shcore.dll
0x00007ff8b8490000 - 0x00007ff8b88fe000 	c:\Users\student\AppData\Local\Programs\Python\Python313\Lib\site-packages\numpy\_core\_multiarray_umath.cp313-win_amd64.pyd
0x00007ff8d1280000 - 0x00007ff8d130d000 	c:\Users\student\AppData\Local\Programs\Python\Python313\Lib\site-packages\numpy.libs\msvcp140-a4c2229bdc2a2a630acdc095b4d86008.dll
0x00007ff8ad5c0000 - 0x00007ff8ae93e000 	c:\Users\student\AppData\Local\Programs\Python\Python313\Lib\site-packages\numpy.libs\libscipy_openblas64_-860d95b1c38e637ce4509f5fa24fbf2a.dll
0x00007ff8d36b0000 - 0x00007ff8d36ce000 	c:\Users\student\AppData\Local\Programs\Python\Python313\Lib\site-packages\numpy\linalg\_umath_linalg.cp313-win_amd64.pyd
0x00007ff8d1630000 - 0x00007ff8d1669000 	c:\Users\student\AppData\Local\Programs\Python\Python313\Lib\site-packages\numpy\random\_bounded_integers.cp313-win_amd64.pyd
0x00007ff8d1600000 - 0x00007ff8d162d000 	c:\Users\student\AppData\Local\Programs\Python\Python313\Lib\site-packages\numpy\random\bit_generator.cp313-win_amd64.pyd
0x00007ff8d14c0000 - 0x00007ff8d14ec000 	c:\Users\student\AppData\Local\Programs\Python\Python313\Lib\site-packages\numpy\random\_common.cp313-win_amd64.pyd
0x00007ff8cf440000 - 0x00007ff8cf4f5000 	c:\Users\student\AppData\Local\Programs\Python\Python313\Lib\site-packages\numpy\random\_generator.cp313-win_amd64.pyd
0x00007ff8d2930000 - 0x00007ff8d294b000 	c:\Users\student\AppData\Local\Programs\Python\Python313\Lib\site-packages\numpy\random\_pcg64.cp313-win_amd64.pyd
0x00007ff8d14a0000 - 0x00007ff8d14b9000 	c:\Users\student\AppData\Local\Programs\Python\Python313\Lib\site-packages\numpy\random\_mt19937.cp313-win_amd64.pyd
0x00007ff8d32c0000 - 0x00007ff8d32d8000 	c:\Users\student\AppData\Local\Programs\Python\Python313\Lib\site-packages\numpy\random\_philox.cp313-win_amd64.pyd
0x00007ff8d2bf0000 - 0x00007ff8d2c03000 	c:\Users\student\AppData\Local\Programs\Python\Python313\Lib\site-packages\numpy\random\_sfc64.cp313-win_amd64.pyd
0x00007ff8d11e0000 - 0x00007ff8d1279000 	c:\Users\student\AppData\Local\Programs\Python\Python313\Lib\site-packages\numpy\random\mtrand.cp313-win_amd64.pyd
0x00007ff8d5f90000 - 0x00007ff8d5f9b000 	c:\Users\student\AppData\Local\Programs\Python\Python313\Lib\site-packages\pandas\_libs\pandas_parser.cp313-win_amd64.pyd
0x00007ff8d5f10000 - 0x00007ff8d5f1c000 	c:\Users\student\AppData\Local\Programs\Python\Python313\Lib\site-packages\pandas\_libs\pandas_datetime.cp313-win_amd64.pyd
0x00007ff8cfde0000 - 0x00007ff8cfee1000 	c:\Users\student\AppData\Local\Programs\Python\Python313\Lib\site-packages\pandas\_libs\interval.cp313-win_amd64.pyd
0x00007ff8ba8d0000 - 0x00007ff8baa86000 	c:\Users\student\AppData\Local\Programs\Python\Python313\Lib\site-packages\pandas\_libs\hashtable.cp313-win_amd64.pyd
0x00007ff8d2af0000 - 0x00007ff8d2b19000 	c:\Users\student\AppData\Local\Programs\Python\Python313\Lib\site-packages\pandas\_libs\missing.cp313-win_amd64.pyd
0x00007ff8d0d60000 - 0x00007ff8d0d88000 	c:\Users\student\AppData\Local\Programs\Python\Python313\Lib\site-packages\pandas\_libs\tslibs\dtypes.cp313-win_amd64.pyd
0x00007ff8d1480000 - 0x00007ff8d1493000 	c:\Users\student\AppData\Local\Programs\Python\Python313\Lib\site-packages\pandas\_libs\tslibs\ccalendar.cp313-win_amd64.pyd
0x00007ff8d0d40000 - 0x00007ff8d0d5e000 	c:\Users\student\AppData\Local\Programs\Python\Python313\Lib\site-packages\pandas\_libs\tslibs\np_datetime.cp313-win_amd64.pyd
0x00007ff8d0920000 - 0x00007ff8d0959000 	c:\Users\student\AppData\Local\Programs\Python\Python313\Lib\site-packages\pandas\_libs\tslibs\conversion.cp313-win_amd64.pyd
0x00007ff8d59e0000 - 0x00007ff8d59f0000 	c:\Users\student\AppData\Local\Programs\Python\Python313\Lib\site-packages\pandas\_libs\tslibs\base.cp313-win_amd64.pyd
0x00007ff8cf310000 - 0x00007ff8cf3d5000 	c:\Users\student\AppData\Local\Programs\Python\Python313\Lib\site-packages\pandas\_libs\tslibs\offsets.cp313-win_amd64.pyd
0x00007ff8d0380000 - 0x00007ff8d03fa000 	c:\Users\student\AppData\Local\Programs\Python\Python313\Lib\site-packages\pandas\_libs\tslibs\timestamps.cp313-win_amd64.pyd
0x00007ff8d05e0000 - 0x00007ff8d0613000 	c:\Users\student\AppData\Local\Programs\Python\Python313\Lib\site-packages\pandas\_libs\tslibs\nattype.cp313-win_amd64.pyd
0x00007ff8cf540000 - 0x00007ff8cf5b1000 	c:\Users\student\AppData\Local\Programs\Python\Python313\Lib\site-packages\pandas\_libs\tslibs\timedeltas.cp313-win_amd64.pyd
0x00007ff8d0300000 - 0x00007ff8d0337000 	c:\Users\student\AppData\Local\Programs\Python\Python313\Lib\site-packages\pandas\_libs\tslibs\timezones.cp313-win_amd64.pyd
0x00007ff8d4530000 - 0x00007ff8d453d000 	c:\Users\student\AppData\Local\Programs\Python\Python313\DLLs\_zoneinfo.pyd
0x0000026c38140000 - 0x0000026c38143000 	C:\WINDOWS\SYSTEM32\tzres.dll
0x00007ff8d00f0000 - 0x00007ff8d0133000 	c:\Users\student\AppData\Local\Programs\Python\Python313\Lib\site-packages\pandas\_libs\tslibs\fields.cp313-win_amd64.pyd
0x00007ff8cf500000 - 0x00007ff8cf53c000 	c:\Users\student\AppData\Local\Programs\Python\Python313\Lib\site-packages\pandas\_libs\tslibs\tzconversion.cp313-win_amd64.pyd
0x00007ff8d2ad0000 - 0x00007ff8d2ae4000 	c:\Users\student\AppData\Local\Programs\Python\Python313\Lib\site-packages\pandas\_libs\properties.cp313-win_amd64.pyd
0x00007ff8cf2c0000 - 0x00007ff8cf30e000 	c:\Users\student\AppData\Local\Programs\Python\Python313\Lib\site-packages\pandas\_libs\tslibs\parsing.cp313-win_amd64.pyd
0x00007ff8c8150000 - 0x00007ff8c8198000 	c:\Users\student\AppData\Local\Programs\Python\Python313\Lib\site-packages\pandas\_libs\tslibs\strptime.cp313-win_amd64.pyd
0x00007ff8c80e0000 - 0x00007ff8c8141000 	c:\Users\student\AppData\Local\Programs\Python\Python313\Lib\site-packages\pandas\_libs\tslibs\period.cp313-win_amd64.pyd
0x00007ff8c80a0000 - 0x00007ff8c80d1000 	c:\Users\student\AppData\Local\Programs\Python\Python313\Lib\site-packages\pandas\_libs\tslibs\vectorized.cp313-win_amd64.pyd
0x00007ff8d43c0000 - 0x00007ff8d43d0000 	c:\Users\student\AppData\Local\Programs\Python\Python313\Lib\site-packages\pandas\_libs\ops_dispatch.cp313-win_amd64.pyd
0x00007ff8c6d60000 - 0x00007ff8c6f05000 	c:\Users\student\AppData\Local\Programs\Python\Python313\Lib\site-packages\pandas\_libs\algos.cp313-win_amd64.pyd
0x00007ff8c6780000 - 0x00007ff8c681f000 	c:\Users\student\AppData\Local\Programs\Python\Python313\Lib\site-packages\pandas\_libs\lib.cp313-win_amd64.pyd
0x00007ff8c8060000 - 0x00007ff8c8094000 	c:\Users\student\AppData\Local\Programs\Python\Python313\Lib\site-packages\pandas\_libs\ops.cp313-win_amd64.pyd
0x00007ff8d05b0000 - 0x00007ff8d05db000 	c:\Users\student\AppData\Local\Programs\Python\Python313\Lib\site-packages\pandas\_libs\hashing.cp313-win_amd64.pyd
0x00007ff8d0900000 - 0x00007ff8d091a000 	c:\Users\student\AppData\Local\Programs\Python\Python313\Lib\site-packages\pandas\_libs\arrays.cp313-win_amd64.pyd
0x00007ff8c66e0000 - 0x00007ff8c671f000 	c:\Users\student\AppData\Local\Programs\Python\Python313\Lib\site-packages\pandas\_libs\tslib.cp313-win_amd64.pyd
0x00007ff8ba810000 - 0x00007ff8ba8cb000 	c:\Users\student\AppData\Local\Programs\Python\Python313\Lib\site-packages\pandas\_libs\sparse.cp313-win_amd64.pyd
0x00007ff8c6730000 - 0x00007ff8c677e000 	c:\Users\student\AppData\Local\Programs\Python\Python313\Lib\site-packages\pandas\_libs\internals.cp313-win_amd64.pyd
0x00007ff8d42f0000 - 0x00007ff8d4300000 	c:\Users\student\AppData\Local\Programs\Python\Python313\Lib\site-packages\pandas\_libs\indexing.cp313-win_amd64.pyd
0x00007ff8ba3c0000 - 0x00007ff8ba46b000 	c:\Users\student\AppData\Local\Programs\Python\Python313\Lib\site-packages\pandas\_libs\index.cp313-win_amd64.pyd
0x00007ff8c66a0000 - 0x00007ff8c66d2000 	c:\Users\student\AppData\Local\Programs\Python\Python313\Lib\site-packages\pandas\_libs\writers.cp313-win_amd64.pyd
0x00007ff8b8270000 - 0x00007ff8b8370000 	c:\Users\student\AppData\Local\Programs\Python\Python313\Lib\site-packages\pandas\_libs\join.cp313-win_amd64.pyd
0x00007ff8bbe60000 - 0x00007ff8bbeb3000 	c:\Users\student\AppData\Local\Programs\Python\Python313\Lib\site-packages\pandas\_libs\window\aggregations.cp313-win_amd64.pyd
0x00007ff8cf290000 - 0x00007ff8cf2bb000 	c:\Users\student\AppData\Local\Programs\Python\Python313\Lib\site-packages\pandas\_libs\window\indexers.cp313-win_amd64.pyd

dbghelp: loaded successfully - version: 4.0.5 - missing functions: none
symbol engine: initialized successfully - sym options: 0x614 - pdb path: .;c:\Users\student\AppData\Local\Programs\Python\Python313;C:\WINDOWS\SYSTEM32;c:\Users\student\AppData\Local\Programs\Python\Python313\DLLs;C:\Users\student\AppData\Roaming\Python\Python313\site-packages\zmq\backend\cython;C:\Users\student\AppData\Roaming\Python\Python313\site-packages\tornado;C:\ProgramData\Microsoft\Windows Defender\Platform\4.18.25080.5-0;C:\Program Files\AhnLab\V3IS90\AMSI\AMSI0001;C:\Users\student\AppData\Roaming\Python\Python313\site-packages\psutil;C:\Users\student\AppData\Roaming\Python\Python313\site-packages\debugpy\_vendored\pydevd\_pydevd_bundle;C:\Users\student\AppData\Roaming\Python\Python313\site-packages\debugpy\_vendored\pydevd\_pydevd_sys_monitoring;c:\Users\student\AppData\Local\Programs\Python\Python313\Lib\site-packages\numpy\_core;c:\Users\student\AppData\Local\Programs\Python\Python313\Lib\site-packages\numpy.libs;c:\Users\student\AppData\Local\Programs\Python\Python313\Lib\site-packages\numpy\linalg;c:\Users\student\AppData\Local\Programs\Python\Python313\Lib\site-packages\numpy\random;c:\Users\student\AppData\Local\Programs\Python\Python313\Lib\site-packages\pandas\_libs;c:\Users\student\AppData\Local\Programs\Python\Python313\Lib\site-packages\pandas\_libs\tslibs;c:\Users\student\AppData\Local\Programs\Python\Python313\Lib\site-packages\pandas\_libs\window;c:\Users\student\AppData\Local\Programs\Python\Python313\Lib\site-packages\sklearn\__check_build;c:\Users\student\AppData\Local\Programs\Python\Python313\Lib\site-packages\sklearn\.libs;c:\Users\student\AppData\Local\Programs\Python\Python313\Lib\site-packages\scipy\_lib;c:\Users\student\AppData\Local\Programs\Python\Python313\Lib\site-packages\numpy\fft;c:\Users\student\AppData\Local\Programs\Python\Python313\Lib\site-packages\charset_normalizer;c:\Users\student\AppData\Local\Programs\Python\Python313\Lib\site-packages\scipy\sparse;c:\Users\student\AppData\Local\Programs\Python\Python313\Lib\site-packages\scipy;c:\Users\student\AppData\Local\Programs\Python\Python313\Lib\site-packages\scipy\special;c:\Users\student\AppData\Local\Programs\Python\Python313\Lib\site-packages\scipy.libs;c:\Users\student\AppData\Local\Programs\Python\Python313\Lib\site-packages\scipy\linalg;c:\Users\student\AppData\Local\Programs\Python\Python313\Lib\site-packages\scipy\sparse\linalg\_dsolve;c:\Users\student\AppData\Local\Programs\Python\Python313\Lib\site-packages\scipy\sparse\linalg\_eigen\arpack;c:\Users\student\AppData\Local\Programs\Python\Python313\Lib\site-packages\scipy\sparse\linalg\_propack;c:\Users\student\AppData\Local\Programs\Python\Python313\Lib\site-packages\scipy\spatial;c:\Users\student\AppData\Local\Programs\Python\Python313\Lib\site-packages\scipy\spatial\transform;c:\Users\student\AppData\Local\Programs\Python\Python313\Lib\site-packages\scipy\optimize;c:\Users\student\AppData\Local\Programs\Python\Python313\Lib\site-packages\scipy\optimize\_trlib;c:\Users\student\AppData\Local\Programs\Python\Python313\Lib\site-packages\scipy\optimize\_lsq;c:\Users\student\AppData\Local\Programs\Python\Python313\Lib\site-packages\scipy\optimize\_highspy;c:\Users\student\AppData\Local\Programs\Python\Python313\Lib\site-packages\scipy\_lib\_uarray;c:\Users\student\AppData\Local\Programs\Python\Python313\Lib\site-packages\scipy\fft\_pocketfft;c:\Users\student\AppData\Local\Programs\Python\Python313\Lib\site-packages\scipy\integrate;c:\Users\student\AppData\Local\Programs\Python\Python313\Lib\site-packages\scipy\interpolate;c:\Users\student\AppData\Local\Programs\Python\Python313\Lib\site-packages\scipy\stats;c:\Users\student\AppData\Local\Programs\Python\Python313\Lib\site-packages\scipy\stats\_levy_stable;c:\Users\student\AppData\Local\Programs\Python\Python313\Lib\site-packages\scipy\sparse\csgraph;c:\Users\student\AppData\Local\Programs\Python\Python313\Lib\site-packages\scipy\stats\_rcont;c:\Users\student\AppData\Local\Programs\Python\Python313\Lib\site-packages\scipy\ndimage;c:\Users\student\AppData\Local\Programs\Python\Python313\Lib\site-packages\sklearn\utils;c:\Users\student\AppData\Local\Programs\Python\Python313\Lib\site-packages\sklearn;c:\Users\student\AppData\Local\Programs\Python\Python313\Lib\site-packages\sklearn\metrics\cluster;c:\Users\student\AppData\Local\Programs\Python\Python313\Lib\site-packages\sklearn\preprocessing;c:\Users\student\AppData\Local\Programs\Python\Python313\Lib\site-packages\sklearn\metrics;c:\Users\student\AppData\Local\Programs\Python\Python313\Lib\site-packages\sklearn\metrics\_pairwise_distances_reduction;c:\Users\student\AppData\Local\Programs\Python\Python313\Lib\site-packages\sklearn\linear_model;c:\Users\student\AppData\Local\Programs\Python\Python313\Lib\site-packages\sklearn\_loss;c:\Users\student\AppData\Local\Programs\Python\Python313\Lib\site-packages\sklearn\svm;c:\Users\student\AppData\Local\Programs\Python\Python313\Lib\site-packages\sklearn\feature_extraction;c:\Users\student\AppData\Local\Programs\Python\Python313\Lib\site-packages;C:\Program Files\Java\jdk-21\bin\server;C:\Program Files\Java\jdk-21\bin

VM Arguments:
jvm_args: -Dfile.encoding=UTF8 -ea -Xmx1024m 
java_command: <unknown>
java_class_path (initial): C:\Users\student\AppData\Local\Programs\Python\Python313\Lib\site-packages\konlpy\java;C:\Users\student\AppData\Local\Programs\Python\Python313\Lib\site-packages\konlpy\java\bin;C:\Users\student\AppData\Local\Programs\Python\Python313\Lib\site-packages\konlpy\java\aho-corasick.jar;C:\Users\student\AppData\Local\Programs\Python\Python313\Lib\site-packages\konlpy\java\jhannanum-0.8.4.jar;C:\Users\student\AppData\Local\Programs\Python\Python313\Lib\site-packages\konlpy\java\kkma-2.0.jar;C:\Users\student\AppData\Local\Programs\Python\Python313\Lib\site-packages\konlpy\java\komoran-3.0.jar;C:\Users\student\AppData\Local\Programs\Python\Python313\Lib\site-packages\konlpy\java\open-korean-text-2.1.0.jar;C:\Users\student\AppData\Local\Programs\Python\Python313\Lib\site-packages\konlpy\java\scala-library-2.12.3.jar;C:\Users\student\AppData\Local\Programs\Python\Python313\Lib\site-packages\konlpy\java\shineware-common-1.0.jar;C:\Users\student\AppData\Local\Programs\Python\Python313\Lib\site-packages\konlpy\java\shineware-ds-1.0.jar;C:\Users\student\AppData\Local\Programs\Python\Python313\Lib\site-packages\konlpy\java\snakeyaml-1.12.jar;C:\Users\student\AppData\Local\Programs\Python\Python313\Lib\site-packages\konlpy\java\twitter-text-1.14.7.jar;C:\Users\student\AppData\Local\Programs\Python\Python313\Lib\site-packages\konlpy\java\jhannanum-0.8.4.jar;C:\Users\student\AppData\Local\Programs\Python\Python313\Lib\site-packages\konlpy\java\kkma-2.0.jar;C:\Users\student\AppData\Local\Programs\Python\Python313\Lib\site-packages\konlpy\java\aho-corasick.jar;C:\Users\student\AppData\Local\Programs\Python\Python313\Lib\site-packages\konlpy\java\shineware-common-1.0.jar;C:\Users\student\AppData\Local\Programs\Python\Python313\Lib\site-packages\konlpy\java\shineware-ds-1.0.jar;C:\Users\student\AppData\Local\Programs\Python\Python313\Lib\site-packages\konlpy\java\komoran-3.0.jar;C:\Users\student\AppData\Local\Programs\Python\Python313\Lib\site-packages\konlpy\java\snakeyaml-1.12.jar;C:\Users\student\AppData\Local\Programs\Python\Python313\Lib\site-packages\konlpy\java\scala-library-2.12.3.jar;C:\Users\student\AppData\Local\Programs\Python\Python313\Lib\site-packages\konlpy\java\open-korean-text-2.1.0.jar;C:\Users\student\AppData\Local\Programs\Python\Python313\Lib\site-packages\konlpy\java\twitter-text-1.14.7.jar;C:\Users\student\AppData\Local\Programs\Python\Python313\Lib\site-packages\konlpy\java\aho-corasick.jar;C:\Users\student\AppData\Local\Programs\Python\Python313\Lib\site-packages\konlpy\java\jhannanum-0.8.4.jar;C:\Users\student\AppData\Local\Programs\Python\Python313\Lib\site-packages\konlpy\java\kkma-2.0.jar;C:\Users\student\AppData\Local\Programs\Python\Python313\Lib\site-packages\konlpy\java\komoran-3.0.jar;C:\Users\student\AppData\Local\Programs\Python\Python313\Lib\site-packages\konlpy\java\open-korean-text-2.1.0.jar;C:\Users\student\AppData\Local\Programs\Python\Python313\Lib\site-packages\konlpy\java\scala-library-2.12.3.jar;C:\Users\student\AppData\Local\Programs\Python\Python313\Lib\site-packages\konlpy\java\shineware-common-1.0.jar;C:\Users\student\AppData\Local\Programs\Python\Python313\Lib\site-packages\konlpy\java\shineware-ds-1.0.jar;C:\Users\student\AppData\Local\Programs\Python\Python313\Lib\site-packages\konlpy\java\snakeyaml-1.12.jar;C:\Users\student\AppData\Local\Programs\Python\Python313\Lib\site-packages\konlpy\java\twitter-text-1.14.7.jar;c:\Users\student\AppData\Local\Programs\Python\Python313\Lib\site-packages\org.jpype.jar
Launcher Type: generic

[Global flags]
     intx CICompilerCount                          = 4                                         {product} {ergonomic}
     uint ConcGCThreads                            = 2                                         {product} {ergonomic}
     uint G1ConcRefinementThreads                  = 8                                         {product} {ergonomic}
   size_t G1HeapRegionSize                         = 1048576                                   {product} {ergonomic}
    uintx GCDrainStackTargetSize                   = 64                                        {product} {ergonomic}
   size_t InitialHeapSize                          = 134217728                                 {product} {ergonomic}
   size_t MarkStackSize                            = 4194304                                   {product} {ergonomic}
   size_t MaxHeapSize                              = 1073741824                                {product} {command line}
   size_t MaxNewSize                               = 643825664                                 {product} {ergonomic}
   size_t MinHeapDeltaBytes                        = 1048576                                   {product} {ergonomic}
   size_t MinHeapSize                              = 8388608                                   {product} {ergonomic}
    uintx NonNMethodCodeHeapSize                   = 5839372                                {pd product} {ergonomic}
    uintx NonProfiledCodeHeapSize                  = 122909434                              {pd product} {ergonomic}
    uintx ProfiledCodeHeapSize                     = 122909434                              {pd product} {ergonomic}
    uintx ReservedCodeCacheSize                    = 251658240                              {pd product} {ergonomic}
     bool SegmentedCodeCache                       = true                                      {product} {ergonomic}
   size_t SoftMaxHeapSize                          = 1073741824                             {manageable} {ergonomic}
     bool UseCompressedOops                        = true                           {product lp64_product} {ergonomic}
     bool UseG1GC                                  = true                                      {product} {ergonomic}
     bool UseLargePagesIndividualAllocation        = false                                  {pd product} {ergonomic}

Logging:
Log output configuration:
 #0: stdout all=warning uptime,level,tags foldmultilines=false
 #1: stderr all=off uptime,level,tags foldmultilines=false

Environment Variables:
JAVA_HOME=C:\Program Files\Java\jdk-21
PATH=c:\Users\student\AppData\Local\Programs\Python\Python313;c:\Users\student\AppData\Roaming\Python\Python313\Scripts;C:\Program Files\Java\jdk-21\bin;C:\Windows\system32;C:\Windows;C:\Windows\System32\Wbem;C:\Windows\System32\WindowsPowerShell\v1.0\;C:\Windows\System32\OpenSSH\;C:\Program Files\NVIDIA Corporation\NVIDIA NGX;C:\WINDOWS\system32;C:\WINDOWS;C:\WINDOWS\System32\Wbem;C:\WINDOWS\System32\WindowsPowerShell\v1.0\;C:\WINDOWS\System32\OpenSSH\;C:\Program Files\dotnet\;C:\Program Files\Git\cmd;C:\Users\student\AppData\Local\Programs\Python\Python313\Scripts\;C:\Users\student\AppData\Local\Programs\Python\Python313\;C:\Users\student\AppData\Local\Programs\Python\Launcher\;C:\Users\student\AppData\Local\Microsoft\WindowsApps;C:\Users\student\AppData\Local\Programs\Microsoft VS Code\bin;C:\Program Files\MySQL\MySQL Server 8.0\bin;C:\Users\student\AppData\Local\GitHubDesktop\bin;;C:\Program Files\Java\jdk-21\bin;C:\Windows\system32;C:\Windows;C:\Windows\System32\Wbem;C:\Windows\System32\WindowsPowerShell\v1.0\;C:\Windows\System32\OpenSSH\;C:\Program Files\NVIDIA Corporation\NVIDIA NGX;C:\WINDOWS\system32;C:\WINDOWS;C:\WINDOWS\System32\Wbem;C:\WINDOWS\System32\WindowsPowerShell\v1.0\;C:\WINDOWS\System32\OpenSSH\;C:\Program Files\dotnet\;C:\Program Files\Git\cmd;C:\Users\student\AppData\Local\Programs\Python\Python313\Scripts\;C:\Users\student\AppData\Local\Programs\Python\Python313\;C:\Users\student\AppData\Local\Programs\Python\Launcher\;C:\Users\student\AppData\Local\Microsoft\WindowsApps;C:\Users\student\AppData\Local\Programs\Microsoft VS Code\bin;C:\Program Files\MySQL\MySQL Server 8.0\bin;C:\Users\student\AppData\Local\GitHubDesktop\bin;
USERNAME=student
TERM=xterm-color
OS=Windows_NT
PROCESSOR_IDENTIFIER=Intel64 Family 6 Model 94 Stepping 3, GenuineIntel
TMP=C:\Users\student\AppData\Local\Temp
TEMP=C:\Users\student\AppData\Local\Temp




Periodic native trim disabled

---------------  S Y S T E M  ---------------

OS:
 Windows 11 , 64 bit Build 22621 (10.0.22621.5415)
OS uptime: 0 days 5:43 hours

CPU: total 8 (initial active 8) (4 cores per cpu, 2 threads per core) family 6 model 94 stepping 3 microcode 0xd6, cx8, cmov, fxsr, ht, mmx, 3dnowpref, sse, sse2, sse3, ssse3, sse4.1, sse4.2, popcnt, lzcnt, tsc, tscinvbit, avx, avx2, aes, erms, clmul, bmi1, bmi2, rtm, adx, fma, vzeroupper, clflush, clflushopt, rdtscp, f16c
Processor Information for all 8 processors :
  Max Mhz: 3401, Current Mhz: 3401, Mhz Limit: 3401

Memory: 4k page, system-wide physical 8129M (526M free)
TotalPageFile size 32705M (AvailPageFile size 5M)
current process WorkingSet (physical memory assigned to process): 363M, peak: 369M
current process commit charge ("private bytes"): 845M, peak: 913M

vm_info: Java HotSpot(TM) 64-Bit Server VM (21.0.8+12-LTS-250) for windows-amd64 JRE (21.0.8+12-LTS-250), built on 2025-06-27T08:11:22Z by "mach5one" with MS VC++ 17.6 (VS2022)

END.
