#
# There is insufficient memory for the Java Runtime Environment to continue.
# Native memory allocation (mmap) failed to map 245366784 bytes for G1 virtual space
# Possible reasons:
#   The system is out of physical RAM or swap space
#   The process is running with CompressedOops enabled, and the Java Heap may be blocking the growth of the native heap
# Possible solutions:
#   Reduce memory load on the system
#   Increase physical memory or swap space
#   Check if swap backing store is full
#   Decrease Java heap size (-Xmx/-Xms)
#   Decrease number of Java threads
#   Decrease Java thread stack sizes (-Xss)
#   Set larger code cache with -XX:ReservedCodeCacheSize=
#   JVM is running with Unscaled Compressed Oops mode in which the Java heap is
#     placed in the first 4GB address space. The Java Heap base address is the
#     maximum limit for the native heap growth. Please use -XX:HeapBaseMinAddress
#     to set the Java Heap base and to place the Java Heap above 4GB virtual address.
# This output file may be truncated or incomplete.
#
#  Out of Memory Error (os_windows.cpp:3603), pid=15700, tid=7672
#
# JRE version: Java(TM) SE Runtime Environment (21.0.8+12) (build 21.0.8+12-LTS-250)
# Java VM: Java HotSpot(TM) 64-Bit Server VM (21.0.8+12-LTS-250, mixed mode, sharing, tiered, compressed oops, compressed class ptrs, g1 gc, windows-amd64)
# No core dump will be written. Minidumps are not enabled by default on client versions of Windows
#

---------------  S U M M A R Y ------------

Command Line: -Dfile.encoding=UTF8 -ea -Xmx1024m 

Host: Intel(R) Core(TM) i7-6700 CPU @ 3.40GHz, 8 cores, 7G,  Windows 11 , 64 bit Build 22621 (10.0.22621.5415)
Time: Mon Nov  3 15:55:00 2025 대한민국 표준시 elapsed time: 1.992513 seconds (0d 0h 0m 1s)

---------------  T H R E A D  ---------------

Current thread (0x00000235f78e9b30):  VMThread "VM Thread"          [id=7672, stack(0x00000055262e0000,0x00000055265c0000) (2944K)]

Stack: [0x00000055262e0000,0x00000055265c0000]
Native frames: (J=compiled Java code, j=interpreted, Vv=VM code, C=native code)
C  0x00007ffc93cac179
C  0x00007ffc93e384c1
C  0x00007ffc93e3a9ee
C  0x00007ffc93e3b0c3
C  0x00007ffc9385ebf6
C  0x00007ffc93ca88f5
C  0x00007ffc93c9d45a
C  0x00007ffc93934b1a
C  0x00007ffc9393c796
C  0x00007ffc9398f85e
C  0x00007ffc9398fb08
C  0x00007ffc93908e2c
C  0x00007ffc93908eb7
C  0x00007ffc9394d7dc
C  0x00007ffc9394c02e
C  0x00007ffc939085f1
C  0x00007ffc9394b74a
C  0x00007ffc93e40e90
C  0x00007ffc93e42214
C  0x00007ffc93e42750
C  0x00007ffc93e429f3
C  0x00007ffc93de279b
C  0x00007ffc93caa85d
C  [ucrtbase.dll+0x29333]
C  [KERNEL32.DLL+0x1259d]
C  [ntdll.dll+0x5af78]

VM_Operation (0x000000551f6dc920): G1CollectForAllocation, mode: safepoint, requested by thread 0x00000235f7f036f0


---------------  P R O C E S S  ---------------

Threads class SMR info:
_java_thread_list=0x00000235cb697e90, length=12, elements={
0x00000235f7f036f0, 0x00000235f7f03d80, 0x00000235f7f05e50, 0x00000235f7f064e0,
0x00000235f7effbe0, 0x00000235f7f0ba30, 0x00000235f7f0ad10, 0x00000235f7bdf920,
0x00000235f7be0d90, 0x00000235f7f09960, 0x00000235f7f09ff0, 0x00000235f7f07200
}

Java Threads: ( => current thread )
  0x00000235f7f036f0 JavaThread "main"                              [_thread_blocked, id=15676, stack(0x000000551f400000,0x000000551f6e0000) (2944K)]
  0x00000235f7f03d80 JavaThread "Reference Handler"          daemon [_thread_blocked, id=12592, stack(0x00000055265c0000,0x00000055268a0000) (2944K)]
  0x00000235f7f05e50 JavaThread "Finalizer"                  daemon [_thread_blocked, id=12360, stack(0x00000055268a0000,0x0000005526b80000) (2944K)]
  0x00000235f7f064e0 JavaThread "Signal Dispatcher"          daemon [_thread_blocked, id=13760, stack(0x0000005526b80000,0x0000005526e60000) (2944K)]
  0x00000235f7effbe0 JavaThread "Attach Listener"            daemon [_thread_blocked, id=1884, stack(0x0000005526e60000,0x0000005527140000) (2944K)]
  0x00000235f7f0ba30 JavaThread "Service Thread"             daemon [_thread_blocked, id=2268, stack(0x0000005527140000,0x0000005527420000) (2944K)]
  0x00000235f7f0ad10 JavaThread "Monitor Deflation Thread"   daemon [_thread_blocked, id=8148, stack(0x0000005527420000,0x0000005527700000) (2944K)]
  0x00000235f7bdf920 JavaThread "C2 CompilerThread0"         daemon [_thread_blocked, id=9876, stack(0x0000005527700000,0x00000055279e0000) (2944K)]
  0x00000235f7be0d90 JavaThread "C1 CompilerThread0"         daemon [_thread_blocked, id=11236, stack(0x00000055279e0000,0x0000005527cc0000) (2944K)]
  0x00000235f7f09960 JavaThread "Notification Thread"        daemon [_thread_blocked, id=13420, stack(0x0000005527cc0000,0x0000005527fa0000) (2944K)]
  0x00000235f7f09ff0 JavaThread "Common-Cleaner"             daemon [_thread_blocked, id=11004, stack(0x0000005527fa0000,0x0000005528280000) (2944K)]
  0x00000235f7f07200 JavaThread "Python Reference Queue"     daemon [_thread_blocked, id=16200, stack(0x0000005528280000,0x0000005528560000) (2944K)]
Total: 12

Other Threads:
=>0x00000235f78e9b30 VMThread "VM Thread"                           [id=7672, stack(0x00000055262e0000,0x00000055265c0000) (2944K)]
  0x00000235f7c28560 WatcherThread "VM Periodic Task Thread"        [id=16124, stack(0x0000005526000000,0x00000055262e0000) (2944K)]
  0x00000235f78e18b0 WorkerThread "GC Thread#0"                     [id=11180, stack(0x00000055251a0000,0x0000005525480000) (2944K)]
  0x00000235f78e8570 WorkerThread "GC Thread#1"                     [id=9588, stack(0x0000005528b20000,0x0000005528e00000) (2944K)]
  0x00000235f78e7e30 WorkerThread "GC Thread#2"                     [id=1828, stack(0x0000005528e00000,0x00000055290e0000) (2944K)]
  0x00000235f78ecdf0 WorkerThread "GC Thread#3"                     [id=2160, stack(0x00000055290e0000,0x00000055293c0000) (2944K)]
  0x00000235f78e8910 WorkerThread "GC Thread#4"                     [id=9332, stack(0x00000055293c0000,0x00000055296a0000) (2944K)]
  0x00000235f78ee010 WorkerThread "GC Thread#5"                     [id=808, stack(0x00000055296a0000,0x0000005529980000) (2944K)]
  0x00000235f7e24260 ConcurrentGCThread "G1 Main Marker"            [id=14180, stack(0x0000005525480000,0x0000005525760000) (2944K)]
  0x00000235f78e3950 WorkerThread "G1 Conc#0"                       [id=13152, stack(0x0000005525760000,0x0000005525a40000) (2944K)]
  0x00000235f78ee3b0 WorkerThread "G1 Conc#1"                       [id=2188, stack(0x0000005529980000,0x0000005529c60000) (2944K)]
  0x00000235f810d2d0 ConcurrentGCThread "G1 Refine#0"               [id=2828, stack(0x0000005525a40000,0x0000005525d20000) (2944K)]
  0x00000235f80862d0 ConcurrentGCThread "G1 Service"                [id=13884, stack(0x0000005525d20000,0x0000005526000000) (2944K)]
Total: 13

Threads with active compile tasks:
C2 CompilerThread0     3168  954       4       jdk.internal.jimage.ImageReader$SharedImageReader::lambda$handleModulesSubTree$1 (58 bytes)
Total: 1

VM state: at safepoint (normal execution)

VM Mutex/Monitor currently owned by a thread:  ([mutex/lock_event])
[0x00007ffc94220e50] Threads_lock - owner thread: 0x00000235f78e9b30
[0x00007ffc94220f50] Heap_lock - owner thread: 0x00000235f7f036f0

Heap address: 0x00000000c0000000, size: 1024 MB, Compressed Oops mode: 32-bit

CDS archive(s) mapped at: [0x0000023600000000-0x0000023600c90000-0x0000023600c90000), size 13172736, SharedBaseAddress: 0x0000023600000000, ArchiveRelocationMode: 1.
Compressed class space mapped at: 0x0000023601000000-0x0000023641000000, reserved size: 1073741824
Narrow klass base: 0x0000023600000000, Narrow klass shift: 0, Narrow klass range: 0x100000000

GC Precious Log:
 CardTable entry size: 512
 Card Set container configuration: InlinePtr #cards 5 size 8 Array Of Cards #cards 12 size 40 Howl #buckets 4 coarsen threshold 1843 Howl Bitmap #cards 512 size 80 coarsen threshold 460 Card regions per heap region 1 cards per card region 2048
 CPUs: 8 total, 8 available
 Memory: 8129M
 Large Page Support: Disabled
 NUMA Support: Disabled
 Compressed Oops: Enabled (32-bit)
 Heap Region Size: 1M
 Heap Min Capacity: 8M
 Heap Initial Capacity: 128M
 Heap Max Capacity: 1G
 Pre-touch: Disabled
 Parallel Workers: 8
 Concurrent Workers: 2
 Concurrent Refinement Workers: 8
 Periodic GC: Disabled

Heap:
 garbage-first heap   total 119808K, used 80463K [0x00000000c0000000, 0x0000000100000000)
  region size 1024K, 3 young (3072K), 3 survivors (3072K)
 Metaspace       used 3679K, committed 3904K, reserved 1114112K
  class space    used 330K, committed 448K, reserved 1048576K

Heap Regions: E=young(eden), S=young(survivor), O=old, HS=humongous(starts), HC=humongous(continues), CS=collection set, F=free, TAMS=top-at-mark-start, PB=parsable bottom
|   0|0x00000000c0000000, 0x00000000c00ffda8, 0x00000000c0100000| 99%| O|  |TAMS 0x00000000c00ffda8| PB 0x00000000c0000000| Untracked 
|   1|0x00000000c0100000, 0x00000000c01ffff0, 0x00000000c0200000| 99%| O|  |TAMS 0x00000000c01ffff0| PB 0x00000000c0100000| Untracked 
|   2|0x00000000c0200000, 0x00000000c02fffc0, 0x00000000c0300000| 99%| O|  |TAMS 0x00000000c02fffc0| PB 0x00000000c0200000| Untracked 
|   3|0x00000000c0300000, 0x00000000c03fffd0, 0x00000000c0400000| 99%| O|  |TAMS 0x00000000c03fffd0| PB 0x00000000c0300000| Untracked 
|   4|0x00000000c0400000, 0x00000000c04fffe8, 0x00000000c0500000| 99%| O|  |TAMS 0x00000000c04fffe8| PB 0x00000000c0400000| Untracked 
|   5|0x00000000c0500000, 0x00000000c05ffff8, 0x00000000c0600000| 99%| O|  |TAMS 0x00000000c05ffff8| PB 0x00000000c0500000| Untracked 
|   6|0x00000000c0600000, 0x00000000c06fffe8, 0x00000000c0700000| 99%| O|  |TAMS 0x00000000c06fffe8| PB 0x00000000c0600000| Untracked 
|   7|0x00000000c0700000, 0x00000000c0800000, 0x00000000c0800000|100%| O|  |TAMS 0x00000000c0800000| PB 0x00000000c0700000| Untracked 
|   8|0x00000000c0800000, 0x00000000c0900000, 0x00000000c0900000|100%| O|  |TAMS 0x00000000c0900000| PB 0x00000000c0800000| Untracked 
|   9|0x00000000c0900000, 0x00000000c0a00000, 0x00000000c0a00000|100%| O|  |TAMS 0x00000000c0a00000| PB 0x00000000c0900000| Untracked 
|  10|0x00000000c0a00000, 0x00000000c0afffe8, 0x00000000c0b00000| 99%| O|  |TAMS 0x00000000c0afffe8| PB 0x00000000c0a00000| Untracked 
|  11|0x00000000c0b00000, 0x00000000c0c00000, 0x00000000c0c00000|100%| O|  |TAMS 0x00000000c0c00000| PB 0x00000000c0b00000| Untracked 
|  12|0x00000000c0c00000, 0x00000000c0cfffe8, 0x00000000c0d00000| 99%| O|  |TAMS 0x00000000c0cfffe8| PB 0x00000000c0c00000| Untracked 
|  13|0x00000000c0d00000, 0x00000000c0e00000, 0x00000000c0e00000|100%| O|  |TAMS 0x00000000c0e00000| PB 0x00000000c0d00000| Untracked 
|  14|0x00000000c0e00000, 0x00000000c0f00000, 0x00000000c0f00000|100%| O|  |TAMS 0x00000000c0f00000| PB 0x00000000c0e00000| Untracked 
|  15|0x00000000c0f00000, 0x00000000c0fffff8, 0x00000000c1000000| 99%| O|  |TAMS 0x00000000c0fffff8| PB 0x00000000c0f00000| Untracked 
|  16|0x00000000c1000000, 0x00000000c10ffff0, 0x00000000c1100000| 99%| O|  |TAMS 0x00000000c10ffff0| PB 0x00000000c1000000| Untracked 
|  17|0x00000000c1100000, 0x00000000c11ffff0, 0x00000000c1200000| 99%| O|  |TAMS 0x00000000c11ffff0| PB 0x00000000c1100000| Untracked 
|  18|0x00000000c1200000, 0x00000000c12ffff8, 0x00000000c1300000| 99%| O|  |TAMS 0x00000000c12ffff8| PB 0x00000000c1200000| Untracked 
|  19|0x00000000c1300000, 0x00000000c13ffff8, 0x00000000c1400000| 99%| O|  |TAMS 0x00000000c13ffff8| PB 0x00000000c1300000| Untracked 
|  20|0x00000000c1400000, 0x00000000c14ffff0, 0x00000000c1500000| 99%| O|  |TAMS 0x00000000c14ffff0| PB 0x00000000c1400000| Untracked 
|  21|0x00000000c1500000, 0x00000000c1600000, 0x00000000c1600000|100%| O|  |TAMS 0x00000000c1600000| PB 0x00000000c1500000| Untracked 
|  22|0x00000000c1600000, 0x00000000c16fffe0, 0x00000000c1700000| 99%| O|  |TAMS 0x00000000c16fffe0| PB 0x00000000c1600000| Untracked 
|  23|0x00000000c1700000, 0x00000000c17ffff8, 0x00000000c1800000| 99%| O|  |TAMS 0x00000000c17ffff8| PB 0x00000000c1700000| Untracked 
|  24|0x00000000c1800000, 0x00000000c18fffe0, 0x00000000c1900000| 99%| O|  |TAMS 0x00000000c18fffe0| PB 0x00000000c1800000| Untracked 
|  25|0x00000000c1900000, 0x00000000c19ffff0, 0x00000000c1a00000| 99%| O|  |TAMS 0x00000000c19ffff0| PB 0x00000000c1900000| Untracked 
|  26|0x00000000c1a00000, 0x00000000c1b00000, 0x00000000c1b00000|100%| O|  |TAMS 0x00000000c1b00000| PB 0x00000000c1a00000| Untracked 
|  27|0x00000000c1b00000, 0x00000000c1c00000, 0x00000000c1c00000|100%| O|  |TAMS 0x00000000c1c00000| PB 0x00000000c1b00000| Untracked 
|  28|0x00000000c1c00000, 0x00000000c1d00000, 0x00000000c1d00000|100%| O|  |TAMS 0x00000000c1d00000| PB 0x00000000c1c00000| Untracked 
|  29|0x00000000c1d00000, 0x00000000c1e00000, 0x00000000c1e00000|100%| O|  |TAMS 0x00000000c1e00000| PB 0x00000000c1d00000| Untracked 
|  30|0x00000000c1e00000, 0x00000000c1f00000, 0x00000000c1f00000|100%| O|  |TAMS 0x00000000c1f00000| PB 0x00000000c1e00000| Untracked 
|  31|0x00000000c1f00000, 0x00000000c2000000, 0x00000000c2000000|100%| O|  |TAMS 0x00000000c2000000| PB 0x00000000c1f00000| Untracked 
|  32|0x00000000c2000000, 0x00000000c2100000, 0x00000000c2100000|100%| O|  |TAMS 0x00000000c2100000| PB 0x00000000c2000000| Untracked 
|  33|0x00000000c2100000, 0x00000000c2200000, 0x00000000c2200000|100%| O|  |TAMS 0x00000000c2200000| PB 0x00000000c2100000| Untracked 
|  34|0x00000000c2200000, 0x00000000c2300000, 0x00000000c2300000|100%| O|  |TAMS 0x00000000c2300000| PB 0x00000000c2200000| Untracked 
|  35|0x00000000c2300000, 0x00000000c2400000, 0x00000000c2400000|100%| O|  |TAMS 0x00000000c2400000| PB 0x00000000c2300000| Untracked 
|  36|0x00000000c2400000, 0x00000000c2500000, 0x00000000c2500000|100%| O|  |TAMS 0x00000000c2500000| PB 0x00000000c2400000| Untracked 
|  37|0x00000000c2500000, 0x00000000c2600000, 0x00000000c2600000|100%| O|  |TAMS 0x00000000c2600000| PB 0x00000000c2500000| Untracked 
|  38|0x00000000c2600000, 0x00000000c2700000, 0x00000000c2700000|100%| O|  |TAMS 0x00000000c2700000| PB 0x00000000c2600000| Untracked 
|  39|0x00000000c2700000, 0x00000000c27fffe8, 0x00000000c2800000| 99%| O|  |TAMS 0x00000000c27fffe8| PB 0x00000000c2700000| Untracked 
|  40|0x00000000c2800000, 0x00000000c28fffe8, 0x00000000c2900000| 99%| O|  |TAMS 0x00000000c28fffe8| PB 0x00000000c2800000| Untracked 
|  41|0x00000000c2900000, 0x00000000c29fdb60, 0x00000000c2a00000| 99%| O|  |TAMS 0x00000000c29fdb60| PB 0x00000000c2900000| Untracked 
|  42|0x00000000c2a00000, 0x00000000c2b00000, 0x00000000c2b00000|100%|HS|  |TAMS 0x00000000c2b00000| PB 0x00000000c2a00000| Untracked 
|  43|0x00000000c2b00000, 0x00000000c2c00000, 0x00000000c2c00000|100%|HC|  |TAMS 0x00000000c2c00000| PB 0x00000000c2b00000| Untracked 
|  44|0x00000000c2c00000, 0x00000000c2d00000, 0x00000000c2d00000|100%|HS|  |TAMS 0x00000000c2d00000| PB 0x00000000c2c00000| Untracked 
|  45|0x00000000c2d00000, 0x00000000c2e00000, 0x00000000c2e00000|100%|HC|  |TAMS 0x00000000c2e00000| PB 0x00000000c2d00000| Untracked 
|  46|0x00000000c2e00000, 0x00000000c2f00000, 0x00000000c2f00000|100%| O|  |TAMS 0x00000000c2f00000| PB 0x00000000c2e00000| Untracked 
|  47|0x00000000c2f00000, 0x00000000c3000000, 0x00000000c3000000|100%| O|  |TAMS 0x00000000c3000000| PB 0x00000000c2f00000| Untracked 
|  48|0x00000000c3000000, 0x00000000c3100000, 0x00000000c3100000|100%| O|  |TAMS 0x00000000c3100000| PB 0x00000000c3000000| Untracked 
|  49|0x00000000c3100000, 0x00000000c3200000, 0x00000000c3200000|100%| O|  |TAMS 0x00000000c3200000| PB 0x00000000c3100000| Untracked 
|  50|0x00000000c3200000, 0x00000000c3300000, 0x00000000c3300000|100%| O|  |TAMS 0x00000000c3300000| PB 0x00000000c3200000| Untracked 
|  51|0x00000000c3300000, 0x00000000c3400000, 0x00000000c3400000|100%| O|  |TAMS 0x00000000c3400000| PB 0x00000000c3300000| Untracked 
|  52|0x00000000c3400000, 0x00000000c3500000, 0x00000000c3500000|100%| O|  |TAMS 0x00000000c3500000| PB 0x00000000c3400000| Untracked 
|  53|0x00000000c3500000, 0x00000000c3600000, 0x00000000c3600000|100%| O|  |TAMS 0x00000000c3600000| PB 0x00000000c3500000| Untracked 
|  54|0x00000000c3600000, 0x00000000c3700000, 0x00000000c3700000|100%| O|  |TAMS 0x00000000c3700000| PB 0x00000000c3600000| Untracked 
|  55|0x00000000c3700000, 0x00000000c3800000, 0x00000000c3800000|100%| O|  |TAMS 0x00000000c3800000| PB 0x00000000c3700000| Untracked 
|  56|0x00000000c3800000, 0x00000000c3900000, 0x00000000c3900000|100%| O|  |TAMS 0x00000000c3900000| PB 0x00000000c3800000| Untracked 
|  57|0x00000000c3900000, 0x00000000c3a00000, 0x00000000c3a00000|100%| O|  |TAMS 0x00000000c3a00000| PB 0x00000000c3900000| Untracked 
|  58|0x00000000c3a00000, 0x00000000c3b00000, 0x00000000c3b00000|100%| O|  |TAMS 0x00000000c3b00000| PB 0x00000000c3a00000| Untracked 
|  59|0x00000000c3b00000, 0x00000000c3c00000, 0x00000000c3c00000|100%| O|  |TAMS 0x00000000c3c00000| PB 0x00000000c3b00000| Untracked 
|  60|0x00000000c3c00000, 0x00000000c3d00000, 0x00000000c3d00000|100%| O|  |TAMS 0x00000000c3c00000| PB 0x00000000c3c00000| Untracked 
|  61|0x00000000c3d00000, 0x00000000c3d965e8, 0x00000000c3e00000| 58%| O|  |TAMS 0x00000000c3d965e8| PB 0x00000000c3d00000| Untracked 
|  62|0x00000000c3e00000, 0x00000000c3f00000, 0x00000000c3f00000|100%| O|  |TAMS 0x00000000c3e00000| PB 0x00000000c3e00000| Untracked 
|  63|0x00000000c3f00000, 0x00000000c4000000, 0x00000000c4000000|100%| O|  |TAMS 0x00000000c3f00000| PB 0x00000000c3f00000| Untracked 
|  64|0x00000000c4000000, 0x00000000c4100000, 0x00000000c4100000|100%| O|  |TAMS 0x00000000c4000000| PB 0x00000000c4000000| Untracked 
|  65|0x00000000c4100000, 0x00000000c4200000, 0x00000000c4200000|100%| O|  |TAMS 0x00000000c4100000| PB 0x00000000c4100000| Untracked 
|  66|0x00000000c4200000, 0x00000000c4300000, 0x00000000c4300000|100%| O|  |TAMS 0x00000000c4200000| PB 0x00000000c4200000| Untracked 
|  67|0x00000000c4300000, 0x00000000c4400000, 0x00000000c4400000|100%| O|  |TAMS 0x00000000c4300000| PB 0x00000000c4300000| Untracked 
|  68|0x00000000c4400000, 0x00000000c4500000, 0x00000000c4500000|100%| O|  |TAMS 0x00000000c4400000| PB 0x00000000c4400000| Untracked 
|  69|0x00000000c4500000, 0x00000000c4600000, 0x00000000c4600000|100%| O|  |TAMS 0x00000000c4500000| PB 0x00000000c4500000| Untracked 
|  70|0x00000000c4600000, 0x00000000c4700000, 0x00000000c4700000|100%| O|  |TAMS 0x00000000c4600000| PB 0x00000000c4600000| Untracked 
|  71|0x00000000c4700000, 0x00000000c4700000, 0x00000000c4800000|  0%| F|  |TAMS 0x00000000c4700000| PB 0x00000000c4700000| Untracked 
|  72|0x00000000c4800000, 0x00000000c4800000, 0x00000000c4900000|  0%| F|  |TAMS 0x00000000c4800000| PB 0x00000000c4800000| Untracked 
|  73|0x00000000c4900000, 0x00000000c4900000, 0x00000000c4a00000|  0%| F|  |TAMS 0x00000000c4900000| PB 0x00000000c4900000| Untracked 
|  74|0x00000000c4a00000, 0x00000000c4a00000, 0x00000000c4b00000|  0%| F|  |TAMS 0x00000000c4a00000| PB 0x00000000c4a00000| Untracked 
|  75|0x00000000c4b00000, 0x00000000c4b00000, 0x00000000c4c00000|  0%| F|  |TAMS 0x00000000c4b00000| PB 0x00000000c4b00000| Untracked 
|  76|0x00000000c4c00000, 0x00000000c4c00000, 0x00000000c4d00000|  0%| F|  |TAMS 0x00000000c4c00000| PB 0x00000000c4c00000| Untracked 
|  77|0x00000000c4d00000, 0x00000000c4d00000, 0x00000000c4e00000|  0%| F|  |TAMS 0x00000000c4d00000| PB 0x00000000c4d00000| Untracked 
|  78|0x00000000c4e00000, 0x00000000c4e00000, 0x00000000c4f00000|  0%| F|  |TAMS 0x00000000c4e00000| PB 0x00000000c4e00000| Untracked 
|  79|0x00000000c4f00000, 0x00000000c4f00000, 0x00000000c5000000|  0%| F|  |TAMS 0x00000000c4f00000| PB 0x00000000c4f00000| Untracked 
|  80|0x00000000c5000000, 0x00000000c5000000, 0x00000000c5100000|  0%| F|  |TAMS 0x00000000c5000000| PB 0x00000000c5000000| Untracked 
|  81|0x00000000c5100000, 0x00000000c5100000, 0x00000000c5200000|  0%| F|  |TAMS 0x00000000c5100000| PB 0x00000000c5100000| Untracked 
|  82|0x00000000c5200000, 0x00000000c5200000, 0x00000000c5300000|  0%| F|  |TAMS 0x00000000c5200000| PB 0x00000000c5200000| Untracked 
|  83|0x00000000c5300000, 0x00000000c5300000, 0x00000000c5400000|  0%| F|  |TAMS 0x00000000c5300000| PB 0x00000000c5300000| Untracked 
|  84|0x00000000c5400000, 0x00000000c5400000, 0x00000000c5500000|  0%| F|  |TAMS 0x00000000c5400000| PB 0x00000000c5400000| Untracked 
|  85|0x00000000c5500000, 0x00000000c5500000, 0x00000000c5600000|  0%| F|  |TAMS 0x00000000c5500000| PB 0x00000000c5500000| Untracked 
|  86|0x00000000c5600000, 0x00000000c5600000, 0x00000000c5700000|  0%| F|  |TAMS 0x00000000c5600000| PB 0x00000000c5600000| Untracked 
|  87|0x00000000c5700000, 0x00000000c5700000, 0x00000000c5800000|  0%| F|  |TAMS 0x00000000c5700000| PB 0x00000000c5700000| Untracked 
|  88|0x00000000c5800000, 0x00000000c5900000, 0x00000000c5900000|100%| S|CS|TAMS 0x00000000c5800000| PB 0x00000000c5800000| Complete 
|  89|0x00000000c5900000, 0x00000000c5a00000, 0x00000000c5a00000|100%| S|CS|TAMS 0x00000000c5900000| PB 0x00000000c5900000| Complete 
|  90|0x00000000c5a00000, 0x00000000c5b00000, 0x00000000c5b00000|100%| S|CS|TAMS 0x00000000c5a00000| PB 0x00000000c5a00000| Complete 
|  91|0x00000000c5b00000, 0x00000000c5b00000, 0x00000000c5c00000|  0%| F|  |TAMS 0x00000000c5b00000| PB 0x00000000c5b00000| Untracked 
|  92|0x00000000c5c00000, 0x00000000c5c00000, 0x00000000c5d00000|  0%| F|  |TAMS 0x00000000c5c00000| PB 0x00000000c5c00000| Untracked 
|  93|0x00000000c5d00000, 0x00000000c5d00000, 0x00000000c5e00000|  0%| F|  |TAMS 0x00000000c5d00000| PB 0x00000000c5d00000| Untracked 
|  94|0x00000000c5e00000, 0x00000000c5e00000, 0x00000000c5f00000|  0%| F|  |TAMS 0x00000000c5e00000| PB 0x00000000c5e00000| Untracked 
|  95|0x00000000c5f00000, 0x00000000c5f00000, 0x00000000c6000000|  0%| F|  |TAMS 0x00000000c5f00000| PB 0x00000000c5f00000| Untracked 
|  96|0x00000000c6000000, 0x00000000c6000000, 0x00000000c6100000|  0%| F|  |TAMS 0x00000000c6000000| PB 0x00000000c6000000| Untracked 
|  97|0x00000000c6100000, 0x00000000c6100000, 0x00000000c6200000|  0%| F|  |TAMS 0x00000000c6100000| PB 0x00000000c6100000| Untracked 
|  98|0x00000000c6200000, 0x00000000c6200000, 0x00000000c6300000|  0%| F|  |TAMS 0x00000000c6200000| PB 0x00000000c6200000| Untracked 
|  99|0x00000000c6300000, 0x00000000c6300000, 0x00000000c6400000|  0%| F|  |TAMS 0x00000000c6300000| PB 0x00000000c6300000| Untracked 
| 100|0x00000000c6400000, 0x00000000c6400000, 0x00000000c6500000|  0%| F|  |TAMS 0x00000000c6400000| PB 0x00000000c6400000| Untracked 
| 101|0x00000000c6500000, 0x00000000c6500000, 0x00000000c6600000|  0%| F|  |TAMS 0x00000000c6500000| PB 0x00000000c6500000| Untracked 
| 102|0x00000000c6600000, 0x00000000c6600000, 0x00000000c6700000|  0%| F|  |TAMS 0x00000000c6600000| PB 0x00000000c6600000| Untracked 
| 103|0x00000000c6700000, 0x00000000c6800000, 0x00000000c6800000|100%| O|  |TAMS 0x00000000c6800000| PB 0x00000000c6700000| Untracked 
| 104|0x00000000c6800000, 0x00000000c6900000, 0x00000000c6900000|100%| O|  |TAMS 0x00000000c6900000| PB 0x00000000c6800000| Untracked 
| 105|0x00000000c6900000, 0x00000000c6900000, 0x00000000c6a00000|  0%| F|  |TAMS 0x00000000c6900000| PB 0x00000000c6900000| Untracked 
| 106|0x00000000c6a00000, 0x00000000c6a00000, 0x00000000c6b00000|  0%| F|  |TAMS 0x00000000c6a00000| PB 0x00000000c6a00000| Untracked 
| 107|0x00000000c6b00000, 0x00000000c6b00000, 0x00000000c6c00000|  0%| F|  |TAMS 0x00000000c6b00000| PB 0x00000000c6b00000| Untracked 
| 108|0x00000000c6c00000, 0x00000000c6c00000, 0x00000000c6d00000|  0%| F|  |TAMS 0x00000000c6c00000| PB 0x00000000c6c00000| Untracked 
| 109|0x00000000c6d00000, 0x00000000c6d00000, 0x00000000c6e00000|  0%| F|  |TAMS 0x00000000c6d00000| PB 0x00000000c6d00000| Untracked 
| 110|0x00000000c6e00000, 0x00000000c6e00000, 0x00000000c6f00000|  0%| F|  |TAMS 0x00000000c6e00000| PB 0x00000000c6e00000| Untracked 
| 111|0x00000000c6f00000, 0x00000000c6f00000, 0x00000000c7000000|  0%| F|  |TAMS 0x00000000c6f00000| PB 0x00000000c6f00000| Untracked 
| 112|0x00000000c7000000, 0x00000000c7000000, 0x00000000c7100000|  0%| F|  |TAMS 0x00000000c7000000| PB 0x00000000c7000000| Untracked 
| 113|0x00000000c7100000, 0x00000000c7200000, 0x00000000c7200000|100%| O|  |TAMS 0x00000000c7200000| PB 0x00000000c7100000| Untracked 
| 114|0x00000000c7200000, 0x00000000c7300000, 0x00000000c7300000|100%| O|  |TAMS 0x00000000c7300000| PB 0x00000000c7200000| Untracked 
| 115|0x00000000c7300000, 0x00000000c7400000, 0x00000000c7400000|100%| O|  |TAMS 0x00000000c7400000| PB 0x00000000c7300000| Untracked 
| 116|0x00000000c7400000, 0x00000000c7400000, 0x00000000c7500000|  0%| F|  |TAMS 0x00000000c7400000| PB 0x00000000c7400000| Untracked 

Card table byte_map: [0x00000235fc420000,0x00000235fc620000] _byte_map_base: 0x00000235fbe20000

Marking Bits: (CMBitMap*) 0x00000235f7f05140
 Bits: [0x00000235fc620000, 0x00000235fd620000)

Polling page: 0x00000235fb790000

Metaspace:

Usage:
  Non-class:      3.27 MB used.
      Class:    330.88 KB used.
       Both:      3.59 MB used.

Virtual space:
  Non-class space:       64.00 MB reserved,       3.38 MB (  5%) committed,  1 nodes.
      Class space:        1.00 GB reserved,     448.00 KB ( <1%) committed,  1 nodes.
             Both:        1.06 GB reserved,       3.81 MB ( <1%) committed. 

Chunk freelists:
   Non-Class:  11.39 MB
       Class:  15.52 MB
        Both:  26.92 MB

MaxMetaspaceSize: unlimited
CompressedClassSpaceSize: 1.00 GB
Initial GC threshold: 21.00 MB
Current GC threshold: 21.00 MB
CDS: on
 - commit_granule_bytes: 65536.
 - commit_granule_words: 8192.
 - virtual_space_node_default_size: 8388608.
 - enlarge_chunks_in_place: 1.
 - use_allocation_guard: 0.


Internal statistics:

num_allocs_failed_limit: 0.
num_arena_births: 106.
num_arena_deaths: 0.
num_vsnodes_births: 2.
num_vsnodes_deaths: 0.
num_space_committed: 61.
num_space_uncommitted: 0.
num_chunks_returned_to_freelist: 0.
num_chunks_taken_from_freelist: 153.
num_chunk_merges: 0.
num_chunk_splits: 100.
num_chunks_enlarged: 57.
num_inconsistent_stats: 0.

CodeHeap 'non-profiled nmethods': size=120000Kb used=741Kb max_used=742Kb free=119258Kb
 bounds [0x000002358fea0000, 0x0000023590110000, 0x00000235973d0000]
CodeHeap 'profiled nmethods': size=120000Kb used=1748Kb max_used=2228Kb free=118251Kb
 bounds [0x00000235883d0000, 0x0000023588640000, 0x000002358f900000]
CodeHeap 'non-nmethods': size=5760Kb used=1356Kb max_used=1425Kb free=4403Kb
 bounds [0x000002358f900000, 0x000002358fb70000, 0x000002358fea0000]
 total_blobs=1664 nmethods=1204 adapters=364
 compilation: enabled
              stopped_count=0, restarted_count=0
 full_count=0

Compilation events (20 events):
Event: 1.793 Thread 0x00000235f7be0d90 1383       3       java.util.zip.CRC32::update (38 bytes)
Event: 1.793 Thread 0x00000235f7be0d90 nmethod 1383 0x00000235883d5410 code [0x00000235883d5600, 0x00000235883d5a38]
Event: 1.902 Thread 0x00000235f7be0d90 1384       3       java.util.zip.GZIPInputStream::read (65 bytes)
Event: 1.902 Thread 0x00000235f7be0d90 nmethod 1384 0x00000235883d6790 code [0x00000235883d69a0, 0x00000235883d6f20]
Event: 1.902 Thread 0x00000235f7be0d90 1385       3       java.util.zip.CRC32::updateBytesCheck (35 bytes)
Event: 1.903 Thread 0x00000235f7be0d90 nmethod 1385 0x0000023588403a10 code [0x0000023588403be0, 0x0000023588403f38]
Event: 1.903 Thread 0x00000235f7be0d90 1386   !   3       java.util.zip.Inflater::needsInput (55 bytes)
Event: 1.903 Thread 0x00000235f7be0d90 nmethod 1386 0x000002358843a110 code [0x000002358843a2c0, 0x000002358843a678]
Event: 1.904 Thread 0x00000235f7be0d90 1387   !   3       java.util.zip.Inflater::inflate (456 bytes)
Event: 1.905 Thread 0x00000235f7be0d90 nmethod 1387 0x00000235883e8e90 code [0x00000235883e9280, 0x00000235883eb1b8]
Event: 1.917 Thread 0x00000235f7be0d90 1388   !   3       java.util.zip.Inflater::setInput (56 bytes)
Event: 1.918 Thread 0x00000235f7be0d90 nmethod 1388 0x000002358850ed10 code [0x000002358850eee0, 0x000002358850f2c8]
Event: 1.923 Thread 0x00000235f7be0d90 1389   !   3       java.io.FileInputStream::read (32 bytes)
Event: 1.923 Thread 0x00000235f7be0d90 nmethod 1389 0x00000235883d9790 code [0x00000235883d9960, 0x00000235883d9b88]
Event: 1.929 Thread 0x00000235f7be0d90 1390       3       java.util.zip.InflaterInputStream::fill (60 bytes)
Event: 1.929 Thread 0x00000235f7be0d90 nmethod 1390 0x00000235885dc410 code [0x00000235885dc620, 0x00000235885dcaa8]
Event: 1.939 Thread 0x00000235f7be0d90 1391       3       java.io.BufferedInputStream::fill (204 bytes)
Event: 1.939 Thread 0x00000235f7be0d90 nmethod 1391 0x0000023588426c10 code [0x0000023588426e80, 0x0000023588427a00]
Event: 1.968 Thread 0x00000235f7be0d90 1392       3       java.util.zip.InflaterInputStream::available (32 bytes)
Event: 1.969 Thread 0x00000235f7be0d90 nmethod 1392 0x00000235884e2a90 code [0x00000235884e2c80, 0x00000235884e3138]

GC Heap History (20 events):
Event: 1.200 GC heap after
{Heap after GC invocations=4 (full 1):
 garbage-first heap   total 27648K, used 15534K [0x00000000c0000000, 0x0000000100000000)
  region size 1024K, 1 young (1024K), 1 survivors (1024K)
 Metaspace       used 3668K, committed 3904K, reserved 1114112K
  class space    used 330K, committed 448K, reserved 1048576K
}
Event: 1.230 GC heap before
{Heap before GC invocations=5 (full 1):
 garbage-first heap   total 34816K, used 19630K [0x00000000c0000000, 0x0000000100000000)
  region size 1024K, 5 young (5120K), 1 survivors (1024K)
 Metaspace       used 3670K, committed 3904K, reserved 1114112K
  class space    used 330K, committed 448K, reserved 1048576K
}
Event: 1.237 GC heap after
{Heap after GC invocations=6 (full 1):
 garbage-first heap   total 34816K, used 17929K [0x00000000c0000000, 0x0000000100000000)
  region size 1024K, 1 young (1024K), 1 survivors (1024K)
 Metaspace       used 3670K, committed 3904K, reserved 1114112K
  class space    used 330K, committed 448K, reserved 1048576K
}
Event: 1.265 GC heap before
{Heap before GC invocations=6 (full 1):
 garbage-first heap   total 34816K, used 24073K [0x00000000c0000000, 0x0000000100000000)
  region size 1024K, 7 young (7168K), 1 survivors (1024K)
 Metaspace       used 3672K, committed 3904K, reserved 1114112K
  class space    used 330K, committed 448K, reserved 1048576K
}
Event: 1.273 GC heap after
{Heap after GC invocations=7 (full 1):
 garbage-first heap   total 34816K, used 20752K [0x00000000c0000000, 0x0000000100000000)
  region size 1024K, 1 young (1024K), 1 survivors (1024K)
 Metaspace       used 3672K, committed 3904K, reserved 1114112K
  class space    used 330K, committed 448K, reserved 1048576K
}
Event: 1.292 GC heap before
{Heap before GC invocations=7 (full 1):
 garbage-first heap   total 34816K, used 24848K [0x00000000c0000000, 0x0000000100000000)
  region size 1024K, 6 young (6144K), 1 survivors (1024K)
 Metaspace       used 3672K, committed 3904K, reserved 1114112K
  class space    used 330K, committed 448K, reserved 1048576K
}
Event: 1.300 GC heap after
{Heap after GC invocations=8 (full 1):
 garbage-first heap   total 92160K, used 23517K [0x00000000c0000000, 0x0000000100000000)
  region size 1024K, 1 young (1024K), 1 survivors (1024K)
 Metaspace       used 3672K, committed 3904K, reserved 1114112K
  class space    used 330K, committed 448K, reserved 1048576K
}
Event: 1.386 GC heap before
{Heap before GC invocations=9 (full 1):
 garbage-first heap   total 92160K, used 35805K [0x00000000c0000000, 0x0000000100000000)
  region size 1024K, 14 young (14336K), 1 survivors (1024K)
 Metaspace       used 3679K, committed 3904K, reserved 1114112K
  class space    used 330K, committed 448K, reserved 1048576K
}
Event: 1.438 GC heap after
{Heap after GC invocations=10 (full 2):
 garbage-first heap   total 92160K, used 26709K [0x00000000c0000000, 0x0000000100000000)
  region size 1024K, 0 young (0K), 0 survivors (0K)
 Metaspace       used 3679K, committed 3904K, reserved 1114112K
  class space    used 330K, committed 448K, reserved 1048576K
}
Event: 1.548 GC heap before
{Heap before GC invocations=10 (full 2):
 garbage-first heap   total 92160K, used 58453K [0x00000000c0000000, 0x0000000100000000)
  region size 1024K, 29 young (29696K), 0 survivors (0K)
 Metaspace       used 3679K, committed 3904K, reserved 1114112K
  class space    used 330K, committed 448K, reserved 1048576K
}
Event: 1.583 GC heap after
{Heap after GC invocations=11 (full 2):
 garbage-first heap   total 92160K, used 46165K [0x00000000c0000000, 0x0000000100000000)
  region size 1024K, 4 young (4096K), 4 survivors (4096K)
 Metaspace       used 3679K, committed 3904K, reserved 1114112K
  class space    used 330K, committed 448K, reserved 1048576K
}
Event: 1.583 GC heap before
{Heap before GC invocations=11 (full 2):
 garbage-first heap   total 92160K, used 46165K [0x00000000c0000000, 0x0000000100000000)
  region size 1024K, 5 young (5120K), 4 survivors (4096K)
 Metaspace       used 3679K, committed 3904K, reserved 1114112K
  class space    used 330K, committed 448K, reserved 1048576K
}
Event: 1.644 GC heap after
{Heap after GC invocations=12 (full 3):
 garbage-first heap   total 92160K, used 45041K [0x00000000c0000000, 0x0000000100000000)
  region size 1024K, 0 young (0K), 0 survivors (0K)
 Metaspace       used 3679K, committed 3904K, reserved 1114112K
  class space    used 330K, committed 448K, reserved 1048576K
}
Event: 1.673 GC heap before
{Heap before GC invocations=12 (full 3):
 garbage-first heap   total 92160K, used 52209K [0x00000000c0000000, 0x0000000100000000)
  region size 1024K, 9 young (9216K), 0 survivors (0K)
 Metaspace       used 3679K, committed 3904K, reserved 1114112K
  class space    used 330K, committed 448K, reserved 1048576K
}
Event: 1.684 GC heap after
{Heap after GC invocations=13 (full 3):
 garbage-first heap   total 92160K, used 50673K [0x00000000c0000000, 0x0000000100000000)
  region size 1024K, 3 young (3072K), 3 survivors (3072K)
 Metaspace       used 3679K, committed 3904K, reserved 1114112K
  class space    used 330K, committed 448K, reserved 1048576K
}
Event: 1.750 GC heap before
{Heap before GC invocations=13 (full 3):
 garbage-first heap   total 119808K, used 71153K [0x00000000c0000000, 0x0000000100000000)
  region size 1024K, 19 young (19456K), 3 survivors (3072K)
 Metaspace       used 3679K, committed 3904K, reserved 1114112K
  class space    used 330K, committed 448K, reserved 1048576K
}
Event: 1.776 GC heap after
{Heap after GC invocations=14 (full 3):
 garbage-first heap   total 119808K, used 65009K [0x00000000c0000000, 0x0000000100000000)
  region size 1024K, 3 young (3072K), 3 survivors (3072K)
 Metaspace       used 3679K, committed 3904K, reserved 1114112K
  class space    used 330K, committed 448K, reserved 1048576K
}
Event: 1.805 GC heap before
{Heap before GC invocations=15 (full 3):
 garbage-first heap   total 119808K, used 72177K [0x00000000c0000000, 0x0000000100000000)
  region size 1024K, 11 young (11264K), 3 survivors (3072K)
 Metaspace       used 3679K, committed 3904K, reserved 1114112K
  class space    used 330K, committed 448K, reserved 1048576K
}
Event: 1.895 GC heap after
{Heap after GC invocations=16 (full 4):
 garbage-first heap   total 119808K, used 67151K [0x00000000c0000000, 0x0000000100000000)
  region size 1024K, 0 young (0K), 0 survivors (0K)
 Metaspace       used 3679K, committed 3904K, reserved 1114112K
  class space    used 330K, committed 448K, reserved 1048576K
}
Event: 1.969 GC heap before
{Heap before GC invocations=16 (full 4):
 garbage-first heap   total 119808K, used 88655K [0x00000000c0000000, 0x0000000100000000)
  region size 1024K, 21 young (21504K), 0 survivors (0K)
 Metaspace       used 3679K, committed 3904K, reserved 1114112K
  class space    used 330K, committed 448K, reserved 1048576K
}

Dll operation events (7 events):
Event: 0.015 Loaded shared library C:\Program Files\Java\jdk-21\bin\java.dll
Event: 0.145 Loaded shared library C:\Program Files\Java\jdk-21\bin\jsvml.dll
Event: 0.191 Loaded shared library C:\Program Files\Java\jdk-21\bin\net.dll
Event: 0.194 Loaded shared library C:\Program Files\Java\jdk-21\bin\nio.dll
Event: 0.199 Loaded shared library C:\Program Files\Java\jdk-21\bin\zip.dll
Event: 0.264 Loaded shared library C:\Users\student\AppData\Local\Programs\Python\Python313\Lib\site-packages\_jpype.cp313-win_amd64.pyd
Event: 0.304 Loaded shared library C:\Program Files\Java\jdk-21\bin\jimage.dll

Deoptimization events (20 events):
Event: 0.512 Thread 0x00000235f7f036f0 DEOPT PACKING pc=0x000002358850f116 sp=0x000000551f6dbc00
Event: 0.512 Thread 0x00000235f7f036f0 DEOPT UNPACKING pc=0x000002358f954e42 sp=0x000000551f6db050 mode 0
Event: 0.589 Thread 0x00000235f7f036f0 Uncommon trap: trap_request=0xffffff45 fr.pc=0x000002358fec6f74 relative=0x0000000000000054
Event: 0.589 Thread 0x00000235f7f036f0 Uncommon trap: reason=unstable_if action=reinterpret pc=0x000002358fec6f74 method=sun.nio.fs.WindowsPathParser.isSlash(C)Z @ 9 c2
Event: 0.589 Thread 0x00000235f7f036f0 DEOPT PACKING pc=0x000002358fec6f74 sp=0x000000551f6dc820
Event: 0.589 Thread 0x00000235f7f036f0 DEOPT UNPACKING pc=0x000002358f9546a2 sp=0x000000551f6dc7a8 mode 2
Event: 0.626 Thread 0x00000235f7f036f0 Uncommon trap: trap_request=0xffffff45 fr.pc=0x000002358fee2ed4 relative=0x0000000000000574
Event: 0.626 Thread 0x00000235f7f036f0 Uncommon trap: reason=unstable_if action=reinterpret pc=0x000002358fee2ed4 method=java.lang.String.<init>(Ljava/nio/charset/Charset;[BII)V @ 415 c2
Event: 0.626 Thread 0x00000235f7f036f0 DEOPT PACKING pc=0x000002358fee2ed4 sp=0x000000551f6dc1b0
Event: 0.626 Thread 0x00000235f7f036f0 DEOPT UNPACKING pc=0x000002358f9546a2 sp=0x000000551f6dc130 mode 2
Event: 0.639 Thread 0x00000235f7f036f0 Uncommon trap: trap_request=0xffffff45 fr.pc=0x000002358feef4b0 relative=0x0000000000000090
Event: 0.639 Thread 0x00000235f7f036f0 Uncommon trap: reason=unstable_if action=reinterpret pc=0x000002358feef4b0 method=jdk.internal.misc.Unsafe.convEndian(ZI)I @ 4 c2
Event: 0.639 Thread 0x00000235f7f036f0 DEOPT PACKING pc=0x000002358feef4b0 sp=0x000000551f6dc3f0
Event: 0.639 Thread 0x00000235f7f036f0 DEOPT UNPACKING pc=0x000002358f9546a2 sp=0x000000551f6dc320 mode 2
Event: 1.009 Thread 0x00000235f7f036f0 DEOPT PACKING pc=0x00000235884e8c7c sp=0x000000551f6dbe00
Event: 1.009 Thread 0x00000235f7f036f0 DEOPT UNPACKING pc=0x000002358f954e42 sp=0x000000551f6db238 mode 0
Event: 1.644 Thread 0x00000235f7f07200 Uncommon trap: trap_request=0xffffff45 fr.pc=0x000002358ff1ae90 relative=0x0000000000000170
Event: 1.644 Thread 0x00000235f7f07200 Uncommon trap: reason=unstable_if action=reinterpret pc=0x000002358ff1ae90 method=java.util.concurrent.locks.ReentrantLock$NonfairSync.initialTryLock()Z @ 10 c2
Event: 1.644 Thread 0x00000235f7f07200 DEOPT PACKING pc=0x000002358ff1ae90 sp=0x000000552855f070
Event: 1.644 Thread 0x00000235f7f07200 DEOPT UNPACKING pc=0x000002358f9546a2 sp=0x000000552855f018 mode 2

Classes loaded (20 events):
Event: 1.034 Loading class jdk/internal/reflect/SerializationConstructorAccessorImpl
Event: 1.034 Loading class jdk/internal/reflect/SerializationConstructorAccessorImpl done
Event: 1.034 Loading class java/util/function/UnaryOperator
Event: 1.035 Loading class java/util/function/UnaryOperator done
Event: 1.035 Loading class java/io/ClassCache$CacheRef
Event: 1.035 Loading class java/io/ClassCache$CacheRef done
Event: 1.035 Loading class java/io/ObjectStreamClass$FieldReflectorKey
Event: 1.035 Loading class java/io/ObjectStreamClass$FieldReflectorKey done
Event: 1.036 Loading class java/io/ObjectStreamClass$FieldReflector
Event: 1.036 Loading class java/io/ObjectStreamClass$FieldReflector done
Event: 1.036 Loading class java/io/ObjectStreamClass$ClassDataSlot
Event: 1.036 Loading class java/io/ObjectStreamClass$ClassDataSlot done
Event: 1.036 Loading class java/io/ObjectInputStream$FieldValues
Event: 1.036 Loading class java/io/ObjectInputStream$GetField
Event: 1.036 Loading class java/io/ObjectInputStream$GetField done
Event: 1.036 Loading class java/io/ObjectInputStream$FieldValues done
Event: 1.036 Loading class java/io/SerialCallbackContext
Event: 1.036 Loading class java/io/SerialCallbackContext done
Event: 1.054 Loading class java/lang/invoke/MethodHandle$1
Event: 1.054 Loading class java/lang/invoke/MethodHandle$1 done

Classes unloaded (0 events):
No events

Classes redefined (0 events):
No events

Internal exceptions (12 events):
Event: 0.270 Thread 0x00000235f7f036f0 Exception <a 'java/lang/NoSuchMethodError'{0x00000000c7c42788}: 'int java.lang.invoke.DirectMethodHandle$Holder.invokeStaticInit(java.lang.Object, java.lang.Object)'> (0x00000000c7c42788) 
thrown [s\open\src\hotspot\share\interpreter\linkResolver.cpp, line 773]
Event: 0.271 Thread 0x00000235f7f036f0 Exception <a 'java/lang/NoSuchMethodError'{0x00000000c7c48ac0}: 'java.lang.Object java.lang.invoke.DirectMethodHandle$Holder.invokeStaticInit(java.lang.Object, int)'> (0x00000000c7c48ac0) 
thrown [s\open\src\hotspot\share\interpreter\linkResolver.cpp, line 773]
Event: 0.274 Thread 0x00000235f7f036f0 Exception <a 'java/lang/NoSuchMethodError'{0x00000000c7c535d8}: 'int java.lang.invoke.DirectMethodHandle$Holder.invokeSpecial(java.lang.Object, java.lang.Object, java.lang.Object)'> (0x00000000c7c535d8) 
thrown [s\open\src\hotspot\share\interpreter\linkResolver.cpp, line 773]
Event: 0.276 Thread 0x00000235f7f036f0 Exception <a 'java/lang/NoSuchMethodError'{0x00000000c7c63938}: 'java.lang.Object java.lang.invoke.DirectMethodHandle$Holder.invokeStatic(java.lang.Object, java.lang.Object, int)'> (0x00000000c7c63938) 
thrown [s\open\src\hotspot\share\interpreter\linkResolver.cpp, line 773]
Event: 0.278 Thread 0x00000235f7f036f0 Exception <a 'java/lang/NoSuchMethodError'{0x00000000c7c6ecb0}: 'void java.lang.invoke.DelegatingMethodHandle$Holder.delegate(java.lang.Object, java.lang.Object, int, java.lang.Object)'> (0x00000000c7c6ecb0) 
thrown [s\open\src\hotspot\share\interpreter\linkResolver.cpp, line 773]
Event: 0.300 Thread 0x00000235f7f036f0 Exception <a 'java/lang/NoSuchMethodError'{0x00000000c7b82078}: 'java.lang.Object java.lang.invoke.Invokers$Holder.invokeExact_MT(java.lang.Object, java.lang.Object, java.lang.Object, java.lang.Object, java.lang.Object)'> (0x00000000c7b82078) 
thrown [s\open\src\hotspot\share\interpreter\linkResolver.cpp, line 773]
Event: 0.342 Thread 0x00000235f7f036f0 Exception <a 'java/lang/NoSuchMethodError'{0x00000000c7a4c9d0}: 'java.lang.Object java.lang.invoke.DirectMethodHandle$Holder.invokeInterface(java.lang.Object, java.lang.Object)'> (0x00000000c7a4c9d0) 
thrown [s\open\src\hotspot\share\interpreter\linkResolver.cpp, line 773]
Event: 0.343 Thread 0x00000235f7f036f0 Exception <a 'java/lang/IncompatibleClassChangeError'{0x00000000c7a4fce8}: Found class java.lang.Object, but interface was expected> (0x00000000c7a4fce8) 
thrown [s\open\src\hotspot\share\interpreter\linkResolver.cpp, line 840]
Event: 0.377 Thread 0x00000235f7f036f0 Exception <a 'java/lang/NoSuchMethodError'{0x00000000c7946138}: method resolution failed> (0x00000000c7946138) 
thrown [s\open\src\hotspot\share\prims\methodHandles.cpp, line 1144]
Event: 1.029 Thread 0x00000235f7f036f0 Exception <a 'java/lang/NoSuchMethodError'{0x00000000c18b8c28}: 'long java.lang.invoke.DirectMethodHandle$Holder.invokeSpecial(java.lang.Object, java.lang.Object)'> (0x00000000c18b8c28) 
thrown [s\open\src\hotspot\share\interpreter\linkResolver.cpp, line 773]
Event: 1.030 Thread 0x00000235f7f036f0 Exception <a 'java/lang/NoSuchMethodError'{0x00000000c18bc050}: 'long java.lang.invoke.Invokers$Holder.invokeExact_MT(java.lang.Object, java.lang.Object)'> (0x00000000c18bc050) 
thrown [s\open\src\hotspot\share\interpreter\linkResolver.cpp, line 773]
Event: 1.037 Thread 0x00000235f7f036f0 Exception <a 'java/lang/NoSuchMethodError'{0x00000000c18ca768}: 'void java.lang.invoke.DirectMethodHandle$Holder.invokeSpecial(java.lang.Object, java.lang.Object, java.lang.Object)'> (0x00000000c18ca768) 
thrown [s\open\src\hotspot\share\interpreter\linkResolver.cpp, line 773]

ZGC Phase Switch (0 events):
No events

VM Operations (20 events):
Event: 1.330 Executing VM operation: G1PauseRemark done
Event: 1.340 Executing VM operation: G1PauseCleanup
Event: 1.340 Executing VM operation: G1PauseCleanup done
Event: 1.386 Executing VM operation: G1CollectFull (System.gc())
Event: 1.438 Executing VM operation: G1CollectFull (System.gc()) done
Event: 1.548 Executing VM operation: G1CollectForAllocation (G1 Evacuation Pause)
Event: 1.583 Executing VM operation: G1CollectForAllocation (G1 Evacuation Pause) done
Event: 1.583 Executing VM operation: G1CollectFull (System.gc())
Event: 1.644 Executing VM operation: G1CollectFull (System.gc()) done
Event: 1.673 Executing VM operation: G1TryInitiateConcMark (G1 Humongous Allocation)
Event: 1.684 Executing VM operation: G1TryInitiateConcMark (G1 Humongous Allocation) done
Event: 1.740 Executing VM operation: G1PauseRemark
Event: 1.742 Executing VM operation: G1PauseRemark done
Event: 1.750 Executing VM operation: G1CollectForAllocation (G1 Evacuation Pause)
Event: 1.776 Executing VM operation: G1CollectForAllocation (G1 Evacuation Pause) done
Event: 1.785 Executing VM operation: G1PauseCleanup
Event: 1.785 Executing VM operation: G1PauseCleanup done
Event: 1.805 Executing VM operation: G1CollectFull (System.gc())
Event: 1.895 Executing VM operation: G1CollectFull (System.gc()) done
Event: 1.969 Executing VM operation: G1CollectForAllocation (G1 Evacuation Pause)

Events (20 events):
Event: 1.741 Thread 0x00000235f78e9b30 flushing nmethod 0x00000235885ac290
Event: 1.741 Thread 0x00000235f78e9b30 flushing nmethod 0x00000235885c9c90
Event: 1.741 Thread 0x00000235f78e9b30 flushing nmethod 0x00000235885d0e90
Event: 1.741 Thread 0x00000235f78e9b30 flushing nmethod 0x00000235885d1490
Event: 1.741 Thread 0x00000235f78e9b30 flushing nmethod 0x00000235885d1b90
Event: 1.741 Thread 0x00000235f78e9b30 flushing nmethod 0x00000235885d4110
Event: 1.741 Thread 0x00000235f78e9b30 flushing nmethod 0x00000235885d5b10
Event: 1.741 Thread 0x00000235f78e9b30 flushing nmethod 0x00000235885e6090
Event: 1.741 Thread 0x00000235f78e9b30 flushing nmethod 0x00000235885e6e90
Event: 1.741 Thread 0x00000235f78e9b30 flushing nmethod 0x00000235885e7c10
Event: 1.741 Thread 0x00000235f78e9b30 flushing nmethod 0x00000235885eb210
Event: 1.741 Thread 0x00000235f78e9b30 flushing nmethod 0x00000235885f1510
Event: 1.784 Thread 0x00000235f5be5ee0 Thread exited: 0x00000235f5be5ee0
Event: 1.792 Thread 0x00000235f7be2200 Thread exited: 0x00000235f7be2200
Event: 1.862 Thread 0x00000235f78e9b30 flushing nmethod 0x000002358ff1ab90
Event: 1.862 Thread 0x00000235f78e9b30 flushing nmethod 0x00000235883d0e10
Event: 1.862 Thread 0x00000235f78e9b30 flushing nmethod 0x0000023588478910
Event: 1.862 Thread 0x00000235f78e9b30 flushing nmethod 0x000002358852e410
Event: 1.862 Thread 0x00000235f78e9b30 flushing nmethod 0x00000235885e3910
Event: 1.862 Thread 0x00000235f78e9b30 flushing nmethod 0x0000023588400210


Dynamic libraries:
0x00007ff778a70000 - 0x00007ff778a8a000 	c:\Users\student\AppData\Local\Programs\Python\Python313\python.exe
0x00007ffce9650000 - 0x00007ffce9867000 	C:\WINDOWS\SYSTEM32\ntdll.dll
0x00007ffce8030000 - 0x00007ffce80f4000 	C:\WINDOWS\System32\KERNEL32.DLL
0x00007ffce6c20000 - 0x00007ffce6ff2000 	C:\WINDOWS\System32\KERNELBASE.dll
0x00007ffce69d0000 - 0x00007ffce6ae1000 	C:\WINDOWS\System32\ucrtbase.dll
0x00007ffc67690000 - 0x00007ffc67ce5000 	c:\Users\student\AppData\Local\Programs\Python\Python313\python313.dll
0x00007ffca1230000 - 0x00007ffca124e000 	c:\Users\student\AppData\Local\Programs\Python\Python313\VCRUNTIME140.dll
0x00007ffce7a90000 - 0x00007ffce7b01000 	C:\WINDOWS\System32\WS2_32.dll
0x00007ffce7d50000 - 0x00007ffce7e64000 	C:\WINDOWS\System32\RPCRT4.dll
0x00007ffce7230000 - 0x00007ffce7258000 	C:\WINDOWS\System32\bcrypt.dll
0x00007ffce78f0000 - 0x00007ffce79a1000 	C:\WINDOWS\System32\ADVAPI32.dll
0x00007ffce8100000 - 0x00007ffce81a7000 	C:\WINDOWS\System32\msvcrt.dll
0x00007ffce7e70000 - 0x00007ffce7f18000 	C:\WINDOWS\System32\sechost.dll
0x00007ffce2050000 - 0x00007ffce205a000 	C:\WINDOWS\SYSTEM32\VERSION.dll
0x00007ffce7260000 - 0x00007ffce72db000 	C:\WINDOWS\System32\bcryptprimitives.dll
0x00000235cb0d0000 - 0x00000235cb0e0000 	c:\Users\student\AppData\Local\Programs\Python\Python313\python3.DLL
0x00007ffccff90000 - 0x00007ffccff9b000 	c:\Users\student\AppData\Local\Programs\Python\Python313\DLLs\_wmi.pyd
0x00007ffce79b0000 - 0x00007ffce7a87000 	C:\WINDOWS\System32\OLEAUT32.dll
0x00007ffce6740000 - 0x00007ffce67da000 	C:\WINDOWS\System32\msvcp_win.dll
0x00007ffce74d0000 - 0x00007ffce7863000 	C:\WINDOWS\System32\combase.dll
0x00007ffce0b60000 - 0x00007ffce0c69000 	C:\WINDOWS\SYSTEM32\PROPSYS.dll
0x00007ffcc5df0000 - 0x00007ffcc5dfc000 	c:\Users\student\AppData\Local\Programs\Python\Python313\VCRUNTIME140_1.dll
0x00007ffc684b0000 - 0x00007ffc685aa000 	C:\Users\student\AppData\Roaming\Python\Python313\site-packages\zmq\backend\cython\_zmq.pyd
0x00007ffce5230000 - 0x00007ffce525d000 	C:\WINDOWS\SYSTEM32\IPHLPAPI.DLL
0x00007ffce5e60000 - 0x00007ffce5e6c000 	C:\WINDOWS\SYSTEM32\CRYPTBASE.DLL
0x00007ffc9d250000 - 0x00007ffc9d266000 	c:\Users\student\AppData\Local\Programs\Python\Python313\DLLs\_socket.pyd
0x00007ffcbf780000 - 0x00007ffcbf789000 	c:\Users\student\AppData\Local\Programs\Python\Python313\DLLs\select.pyd
0x00007ffc81440000 - 0x00007ffc8146d000 	c:\Users\student\AppData\Local\Programs\Python\Python313\DLLs\_ssl.pyd
0x00007ffce7000000 - 0x00007ffce7167000 	C:\WINDOWS\System32\CRYPT32.dll
0x00007ffc5e370000 - 0x00007ffc5e873000 	c:\Users\student\AppData\Local\Programs\Python\Python313\DLLs\libcrypto-3.dll
0x00007ffc812d0000 - 0x00007ffc81393000 	c:\Users\student\AppData\Local\Programs\Python\Python313\DLLs\libssl-3.dll
0x00007ffce72e0000 - 0x00007ffce7491000 	C:\WINDOWS\System32\USER32.dll
0x00007ffce67e0000 - 0x00007ffce6806000 	C:\WINDOWS\System32\win32u.dll
0x00007ffce74a0000 - 0x00007ffce74c9000 	C:\WINDOWS\System32\GDI32.dll
0x00007ffce6af0000 - 0x00007ffce6c13000 	C:\WINDOWS\System32\gdi32full.dll
0x00007ffce81b0000 - 0x00007ffce81e1000 	C:\WINDOWS\System32\IMM32.DLL
0x00007ffca04a0000 - 0x00007ffca04b2000 	c:\Users\student\AppData\Local\Programs\Python\Python313\DLLs\_asyncio.pyd
0x00007ffcbdbe0000 - 0x00007ffcbdbee000 	c:\Users\student\AppData\Local\Programs\Python\Python313\DLLs\_overlapped.pyd
0x00007ffce5bf0000 - 0x00007ffce5c59000 	C:\WINDOWS\system32\mswsock.dll
0x00007ffc9c250000 - 0x00007ffc9c266000 	c:\Users\student\AppData\Local\Programs\Python\Python313\DLLs\_bz2.pyd
0x00007ffc85170000 - 0x00007ffc85197000 	c:\Users\student\AppData\Local\Programs\Python\Python313\DLLs\_lzma.pyd
0x00007ffcdea00000 - 0x00007ffcdea09000 	c:\Users\student\AppData\Local\Programs\Python\Python313\DLLs\_queue.pyd
0x00007ffc9bd60000 - 0x00007ffc9bd72000 	c:\Users\student\AppData\Local\Programs\Python\Python313\DLLs\_hashlib.pyd
0x00007ffcbd5b0000 - 0x00007ffcbd5b8000 	C:\Users\student\AppData\Roaming\Python\Python313\site-packages\tornado\speedups.pyd
0x00007ffc81470000 - 0x00007ffc81492000 	c:\Users\student\AppData\Local\Programs\Python\Python313\DLLs\_ctypes.pyd
0x00007ffce7b40000 - 0x00007ffce7ce0000 	C:\WINDOWS\System32\ole32.dll
0x00007ffcbf750000 - 0x00007ffcbf75b000 	c:\Users\student\AppData\Local\Programs\Python\Python313\DLLs\libffi-8.dll
0x00007ffc682f0000 - 0x00007ffc68336000 	c:\Users\student\AppData\Local\Programs\Python\Python313\DLLs\_decimal.pyd
0x00007ffcbd120000 - 0x00007ffcbd128000 	c:\Users\student\AppData\Local\Programs\Python\Python313\DLLs\_uuid.pyd
0x00007ffce84a0000 - 0x00007ffce8d42000 	C:\WINDOWS\System32\shell32.DLL
0x00007ffce6810000 - 0x00007ffce694f000 	C:\WINDOWS\System32\wintypes.dll
0x00007ffc9bd00000 - 0x00007ffc9bd20000 	c:\Users\student\AppData\Local\Programs\Python\Python313\DLLs\_sqlite3.pyd
0x00007ffc67420000 - 0x00007ffc675a3000 	c:\Users\student\AppData\Local\Programs\Python\Python313\DLLs\sqlite3.dll
0x00007ffc68060000 - 0x00007ffc68093000 	c:\Users\student\AppData\Local\Programs\Python\Python313\DLLs\pyexpat.pyd
0x00007ffc7fa70000 - 0x00007ffc7fb1f000 	c:\Users\student\AppData\Local\Programs\Python\Python313\DLLs\unicodedata.pyd
0x00007ffce5770000 - 0x00007ffce5788000 	C:\WINDOWS\SYSTEM32\kernel.appcore.dll
0x00007ffce3d90000 - 0x00007ffce3e44000 	C:\WINDOWS\system32\uxtheme.dll
0x00007ffce7f80000 - 0x00007ffce8030000 	C:\WINDOWS\System32\clbcatq.dll
0x00007ffcca610000 - 0x00007ffcca62d000 	C:\WINDOWS\SYSTEM32\amsi.dll
0x00007ffce5ce0000 - 0x00007ffce5d08000 	C:\WINDOWS\SYSTEM32\USERENV.dll
0x00007ffce6670000 - 0x00007ffce669b000 	C:\WINDOWS\SYSTEM32\profapi.dll
0x00007ffcc8220000 - 0x00007ffcc82c2000 	C:\ProgramData\Microsoft\Windows Defender\Platform\4.18.25090.3009-0\MpOav.dll
0x00007ffcc8160000 - 0x00007ffcc81f8000 	C:\Program Files\AhnLab\V3IS90\AMSI\AMSI0001\v3amsi64.dll
0x00007ffc9c1b0000 - 0x00007ffc9c1c4000 	C:\Users\student\AppData\Roaming\Python\Python313\site-packages\psutil\_psutil_windows.pyd
0x00007ffce8fa0000 - 0x00007ffce8fa8000 	C:\WINDOWS\System32\PSAPI.DLL
0x00007ffccb100000 - 0x00007ffccb150000 	C:\WINDOWS\SYSTEM32\pdh.dll
0x00007ffce6060000 - 0x00007ffce60ad000 	C:\WINDOWS\SYSTEM32\POWRPROF.dll
0x00007ffce6010000 - 0x00007ffce6023000 	C:\WINDOWS\SYSTEM32\UMPDC.dll
0x00007ffce5520000 - 0x00007ffce5534000 	C:\WINDOWS\SYSTEM32\wtsapi32.dll
0x00007ffce7b10000 - 0x00007ffce7b19000 	C:\WINDOWS\System32\NSI.dll
0x00007ffce0c90000 - 0x00007ffce0ca9000 	C:\WINDOWS\SYSTEM32\dhcpcsvc6.DLL
0x00007ffce0c70000 - 0x00007ffce0c8f000 	C:\WINDOWS\SYSTEM32\dhcpcsvc.DLL
0x00007ffce5260000 - 0x00007ffce5358000 	C:\WINDOWS\SYSTEM32\DNSAPI.dll
0x00007ffc68280000 - 0x00007ffc682e6000 	C:\Users\student\AppData\Roaming\Python\Python313\site-packages\debugpy\_vendored\pydevd\_pydevd_bundle\pydevd_cython.cp313-win_amd64.pyd
0x00007ffc671e0000 - 0x00007ffc6723a000 	C:\Users\student\AppData\Roaming\Python\Python313\site-packages\debugpy\_vendored\pydevd\_pydevd_sys_monitoring\_pydevd_sys_monitoring_cython.cp313-win_amd64.pyd
0x00007ffce10f0000 - 0x00007ffce1167000 	c:\Users\student\AppData\Local\Programs\Python\Python313\Lib\site-packages\_jpype.cp313-win_amd64.pyd
0x00007ffccd230000 - 0x00007ffccd2bd000 	C:\WINDOWS\SYSTEM32\MSVCP140.dll
0x00007ffcb0910000 - 0x00007ffcb0d7e000 	c:\Users\student\AppData\Local\Programs\Python\Python313\Lib\site-packages\numpy\_core\_multiarray_umath.cp313-win_amd64.pyd
0x00007ffccaea0000 - 0x00007ffccaf2d000 	c:\Users\student\AppData\Local\Programs\Python\Python313\Lib\site-packages\numpy.libs\msvcp140-a4c2229bdc2a2a630acdc095b4d86008.dll
0x00007ffcaf590000 - 0x00007ffcb090e000 	c:\Users\student\AppData\Local\Programs\Python\Python313\Lib\site-packages\numpy.libs\libscipy_openblas64_-860d95b1c38e637ce4509f5fa24fbf2a.dll
0x00007ffce1d10000 - 0x00007ffce1d2e000 	c:\Users\student\AppData\Local\Programs\Python\Python313\Lib\site-packages\numpy\linalg\_umath_linalg.cp313-win_amd64.pyd
0x00007ffce1750000 - 0x00007ffce1772000 	c:\Users\student\AppData\Local\Programs\Python\Python313\Lib\site-packages\scipy\_lib\_ccallback_c.cp313-win_amd64.pyd
0x00007ffce36c0000 - 0x00007ffce36c7000 	c:\Users\student\AppData\Local\Programs\Python\Python313\Lib\site-packages\charset_normalizer\md.cp313-win_amd64.pyd
0x00007ffce1720000 - 0x00007ffce1745000 	c:\Users\student\AppData\Local\Programs\Python\Python313\Lib\site-packages\charset_normalizer\md__mypyc.cp313-win_amd64.pyd
0x00007ffcde860000 - 0x00007ffcde899000 	c:\Users\student\AppData\Local\Programs\Python\Python313\Lib\site-packages\numpy\random\_bounded_integers.cp313-win_amd64.pyd
0x00007ffcd61f0000 - 0x00007ffcd621d000 	c:\Users\student\AppData\Local\Programs\Python\Python313\Lib\site-packages\numpy\random\bit_generator.cp313-win_amd64.pyd
0x00007ffcceeb0000 - 0x00007ffcceedc000 	c:\Users\student\AppData\Local\Programs\Python\Python313\Lib\site-packages\numpy\random\_common.cp313-win_amd64.pyd
0x00007ffcc84a0000 - 0x00007ffcc8555000 	c:\Users\student\AppData\Local\Programs\Python\Python313\Lib\site-packages\numpy\random\_generator.cp313-win_amd64.pyd
0x00007ffcd61d0000 - 0x00007ffcd61eb000 	c:\Users\student\AppData\Local\Programs\Python\Python313\Lib\site-packages\numpy\random\_pcg64.cp313-win_amd64.pyd
0x00007ffcd6050000 - 0x00007ffcd6069000 	c:\Users\student\AppData\Local\Programs\Python\Python313\Lib\site-packages\numpy\random\_mt19937.cp313-win_amd64.pyd
0x00007ffccee50000 - 0x00007ffccee68000 	c:\Users\student\AppData\Local\Programs\Python\Python313\Lib\site-packages\numpy\random\_philox.cp313-win_amd64.pyd
0x00007ffcce3a0000 - 0x00007ffcce3b3000 	c:\Users\student\AppData\Local\Programs\Python\Python313\Lib\site-packages\numpy\random\_sfc64.cp313-win_amd64.pyd
0x00007ffccae00000 - 0x00007ffccae99000 	c:\Users\student\AppData\Local\Programs\Python\Python313\Lib\site-packages\numpy\random\mtrand.cp313-win_amd64.pyd
0x00007ffcc8450000 - 0x00007ffcc8497000 	c:\Users\student\AppData\Local\Programs\Python\Python313\Lib\site-packages\numpy\fft\_pocketfft_umath.cp313-win_amd64.pyd
0x00007ffcaf190000 - 0x00007ffcaf583000 	c:\Users\student\AppData\Local\Programs\Python\Python313\Lib\site-packages\scipy\sparse\_sparsetools.cp313-win_amd64.pyd
0x00007ffcc2a30000 - 0x00007ffcc2ab9000 	c:\Users\student\AppData\Local\Programs\Python\Python313\Lib\site-packages\scipy\sparse\_csparsetools.cp313-win_amd64.pyd
0x00007ffcc2880000 - 0x00007ffcc28b4000 	c:\Users\student\AppData\Local\Programs\Python\Python313\Lib\site-packages\scipy\_cyutility.cp313-win_amd64.pyd
0x00007ffce3140000 - 0x00007ffce3150000 	c:\Users\student\AppData\Local\Programs\Python\Python313\Lib\site-packages\wrapt\_wrappers.cp313-win_amd64.pyd
0x00007ffcb3570000 - 0x00007ffcb36f8000 	c:\Users\student\AppData\Local\Programs\Python\Python313\Lib\site-packages\scipy\spatial\_ckdtree.cp313-win_amd64.pyd
0x00007ffcbdaf0000 - 0x00007ffcbdbd3000 	c:\Users\student\AppData\Local\Programs\Python\Python313\Lib\site-packages\scipy\spatial\_qhull.cp313-win_amd64.pyd
0x00007ffcce380000 - 0x00007ffcce397000 	c:\Users\student\AppData\Local\Programs\Python\Python313\Lib\site-packages\scipy\_lib\messagestream.cp313-win_amd64.pyd
0x00007ffcbe050000 - 0x00007ffcbe10b000 	c:\Users\student\AppData\Local\Programs\Python\Python313\Lib\site-packages\scipy\linalg\_fblas.cp313-win_amd64.pyd
0x00007ffca97c0000 - 0x00007ffcaab1d000 	c:\Users\student\AppData\Local\Programs\Python\Python313\Lib\site-packages\scipy.libs\libscipy_openblas-48c358d105077551cc9cc3ba79387ed5.dll
0x00007ffcaef50000 - 0x00007ffcaf181000 	c:\Users\student\AppData\Local\Programs\Python\Python313\Lib\site-packages\scipy\linalg\_flapack.cp313-win_amd64.pyd
0x00007ffcbf7b0000 - 0x00007ffcbf820000 	c:\Users\student\AppData\Local\Programs\Python\Python313\Lib\site-packages\scipy\linalg\_cythonized_array_utils.cp313-win_amd64.pyd
0x00007ffcbdf00000 - 0x00007ffcbdf87000 	c:\Users\student\AppData\Local\Programs\Python\Python313\Lib\site-packages\scipy\linalg\cython_lapack.cp313-win_amd64.pyd
0x00007ffcccd10000 - 0x00007ffcccd3d000 	c:\Users\student\AppData\Local\Programs\Python\Python313\Lib\site-packages\scipy\linalg\_solve_toeplitz.cp313-win_amd64.pyd
0x00007ffcc2850000 - 0x00007ffcc2877000 	c:\Users\student\AppData\Local\Programs\Python\Python313\Lib\site-packages\scipy\linalg\_decomp_lu_cython.cp313-win_amd64.pyd
0x00007ffcbe1b0000 - 0x00007ffcbe1eb000 	c:\Users\student\AppData\Local\Programs\Python\Python313\Lib\site-packages\scipy\linalg\_matfuncs_schur_sqrtm.cp313-win_amd64.pyd
0x00007ffcbde10000 - 0x00007ffcbde51000 	c:\Users\student\AppData\Local\Programs\Python\Python313\Lib\site-packages\scipy\linalg\_matfuncs_expm.cp313-win_amd64.pyd
0x00007ffcb3000000 - 0x00007ffcb310a000 	c:\Users\student\AppData\Local\Programs\Python\Python313\Lib\site-packages\scipy\linalg\_linalg_pythran.cp313-win_amd64.pyd
0x00007ffcbda90000 - 0x00007ffcbdae4000 	c:\Users\student\AppData\Local\Programs\Python\Python313\Lib\site-packages\scipy\linalg\_decomp_update.cp313-win_amd64.pyd
0x00007ffcc1b00000 - 0x00007ffcc1b2e000 	c:\Users\student\AppData\Local\Programs\Python\Python313\Lib\site-packages\scipy\linalg\cython_blas.cp313-win_amd64.pyd
0x00007ffccc550000 - 0x00007ffccc56e000 	c:\Users\student\AppData\Local\Programs\Python\Python313\Lib\site-packages\scipy\spatial\_voronoi.cp313-win_amd64.pyd
0x00007ffcb2220000 - 0x00007ffcb2397000 	c:\Users\student\AppData\Local\Programs\Python\Python313\Lib\site-packages\scipy\special\_ufuncs.cp313-win_amd64.pyd
0x00007ffcaed00000 - 0x00007ffcaef42000 	c:\Users\student\AppData\Local\Programs\Python\Python313\Lib\site-packages\scipy\special\_ufuncs_cxx.cp313-win_amd64.pyd
0x00007ffcbded0000 - 0x00007ffcbdef9000 	c:\Users\student\AppData\Local\Programs\Python\Python313\Lib\site-packages\scipy\special\_ellip_harm_2.cp313-win_amd64.pyd
0x00007ffcae570000 - 0x00007ffcae7a5000 	c:\Users\student\AppData\Local\Programs\Python\Python313\Lib\site-packages\scipy\special\_special_ufuncs.cp313-win_amd64.pyd
0x00007ffcae3f0000 - 0x00007ffcae568000 	c:\Users\student\AppData\Local\Programs\Python\Python313\Lib\site-packages\scipy\special\_gufuncs.cp313-win_amd64.pyd
0x00007ffcbd5d0000 - 0x00007ffcbd620000 	c:\Users\student\AppData\Local\Programs\Python\Python313\Lib\site-packages\scipy\special\_specfun.cp313-win_amd64.pyd
0x00007ffccc500000 - 0x00007ffccc514000 	c:\Users\student\AppData\Local\Programs\Python\Python313\Lib\site-packages\scipy\special\_comb.cp313-win_amd64.pyd
0x00007ffcc2520000 - 0x00007ffcc2540000 	c:\Users\student\AppData\Local\Programs\Python\Python313\Lib\site-packages\scipy\spatial\_hausdorff.cp313-win_amd64.pyd
0x00007ffcaeba0000 - 0x00007ffcaecff000 	c:\Users\student\AppData\Local\Programs\Python\Python313\Lib\site-packages\scipy\spatial\_distance_pybind.cp313-win_amd64.pyd
0x00007ffcbd580000 - 0x00007ffcbd5a3000 	c:\Users\student\AppData\Local\Programs\Python\Python313\Lib\site-packages\scipy\spatial\_distance_wrap.cp313-win_amd64.pyd
0x00007ffcbcab0000 - 0x00007ffcbcb11000 	c:\Users\student\AppData\Local\Programs\Python\Python313\Lib\site-packages\scipy\spatial\transform\_rigid_transform.cp313-win_amd64.pyd
0x00007ffcae320000 - 0x00007ffcae3e5000 	c:\Users\student\AppData\Local\Programs\Python\Python313\Lib\site-packages\scipy\spatial\transform\_rotation.cp313-win_amd64.pyd
0x00007ffcae290000 - 0x00007ffcae31c000 	c:\Users\student\AppData\Local\Programs\Python\Python313\Lib\site-packages\scipy\sparse\linalg\_dsolve\_superlu.cp313-win_amd64.pyd
0x00007ffcae1a0000 - 0x00007ffcae28b000 	c:\Users\student\AppData\Local\Programs\Python\Python313\Lib\site-packages\scipy\sparse\linalg\_eigen\arpack\_arpack.cp313-win_amd64.pyd

dbghelp: loaded successfully - version: 4.0.5 - missing functions: none
symbol engine: initialized successfully - sym options: 0x614 - pdb path: .;c:\Users\student\AppData\Local\Programs\Python\Python313;C:\WINDOWS\SYSTEM32;c:\Users\student\AppData\Local\Programs\Python\Python313\DLLs;C:\Users\student\AppData\Roaming\Python\Python313\site-packages\zmq\backend\cython;C:\Users\student\AppData\Roaming\Python\Python313\site-packages\tornado;C:\ProgramData\Microsoft\Windows Defender\Platform\4.18.25090.3009-0;C:\Program Files\AhnLab\V3IS90\AMSI\AMSI0001;C:\Users\student\AppData\Roaming\Python\Python313\site-packages\psutil;C:\Users\student\AppData\Roaming\Python\Python313\site-packages\debugpy\_vendored\pydevd\_pydevd_bundle;C:\Users\student\AppData\Roaming\Python\Python313\site-packages\debugpy\_vendored\pydevd\_pydevd_sys_monitoring;c:\Users\student\AppData\Local\Programs\Python\Python313\Lib\site-packages;c:\Users\student\AppData\Local\Programs\Python\Python313\Lib\site-packages\numpy\_core;c:\Users\student\AppData\Local\Programs\Python\Python313\Lib\site-packages\numpy.libs;c:\Users\student\AppData\Local\Programs\Python\Python313\Lib\site-packages\numpy\linalg;c:\Users\student\AppData\Local\Programs\Python\Python313\Lib\site-packages\scipy\_lib;c:\Users\student\AppData\Local\Programs\Python\Python313\Lib\site-packages\charset_normalizer;c:\Users\student\AppData\Local\Programs\Python\Python313\Lib\site-packages\numpy\random;c:\Users\student\AppData\Local\Programs\Python\Python313\Lib\site-packages\numpy\fft;c:\Users\student\AppData\Local\Programs\Python\Python313\Lib\site-packages\scipy\sparse;c:\Users\student\AppData\Local\Programs\Python\Python313\Lib\site-packages\scipy;c:\Users\student\AppData\Local\Programs\Python\Python313\Lib\site-packages\wrapt;c:\Users\student\AppData\Local\Programs\Python\Python313\Lib\site-packages\scipy\spatial;c:\Users\student\AppData\Local\Programs\Python\Python313\Lib\site-packages\scipy\linalg;c:\Users\student\AppData\Local\Programs\Python\Python313\Lib\site-packages\scipy.libs;c:\Users\student\AppData\Local\Programs\Python\Python313\Lib\site-packages\scipy\special;c:\Users\student\AppData\Local\Programs\Python\Python313\Lib\site-packages\scipy\spatial\transform;c:\Users\student\AppData\Local\Programs\Python\Python313\Lib\site-packages\scipy\sparse\linalg\_dsolve;c:\Users\student\AppData\Local\Programs\Python\Python313\Lib\site-packages\scipy\sparse\linalg\_eigen\arpack;c:\Users\student\AppData\Local\Programs\Python\Python313\Lib\site-packages\scipy\sparse\linalg\_propack;c:\Users\student\AppData\Local\Programs\Python\Python313\Lib\site-packages\scipy\optimize;c:\Users\student\AppData\Local\Programs\Python\Python313\Lib\site-packages\scipy\optimize\_trlib;c:\Users\student\AppData\Local\Programs\Python\Python313\Lib\site-packages\scipy\optimize\_lsq;c:\Users\student\AppData\Local\Programs\Python\Python313\Lib\site-packages\scipy\optimize\_highspy;c:\Users\student\AppData\Local\Programs\Python\Python313\Lib\site-packages\scipy\_lib\_uarray;c:\Users\student\AppData\Local\Programs\Python\Python313\Lib\site-packages\scipy\fft\_pocketfft;c:\Users\student\AppData\Local\Programs\Python\Python313\Lib\site-packages\scipy\integrate;c:\Users\student\AppData\Local\Programs\Python\Python313\Lib\site-packages\scipy\interpolate;c:\Users\student\AppData\Local\Programs\Python\Python313\Lib\site-packages\scipy\stats;c:\Users\student\AppData\Local\Programs\Python\Python313\Lib\site-packages\scipy\stats\_levy_stable;c:\Users\student\AppData\Local\Programs\Python\Python313\Lib\site-packages\scipy\sparse\csgraph;c:\Users\student\AppData\Local\Programs\Python\Python313\Lib\site-packages\scipy\stats\_rcont;c:\Users\student\AppData\Local\Programs\Python\Python313\Lib\site-packages\scipy\ndimage;c:\Users\student\AppData\Local\Programs\Python\Python313\Lib\site-packages\gensim;c:\Users\student\AppData\Local\Programs\Python\Python313\Lib\site-packages\gensim\corpora;c:\Users\student\AppData\Local\Programs\Python\Python313\Lib\site-packages\gensim\models;c:\Users\student\AppData\Local\Programs\Python\Python313\Lib\site-packages\gensim\similarities;c:\Users\student\AppData\Local\Programs\Python\Python313\Lib\site-packages\sklearn\__check_build;c:\Users\student\AppData\Local\Programs\Python\Python313\Lib\site-packages\sklearn\.libs;c:\Users\student\AppData\Local\Programs\Python\Python313\Lib\site-packages\pandas\_libs;c:\Users\student\AppData\Local\Programs\Python\Python313\Lib\site-packages\pandas\_libs\tslibs;c:\Users\student\AppData\Local\Programs\Python\Python313\Lib\site-packages\pandas\_libs\window;c:\Users\student\AppData\Local\Programs\Python\Python313\Lib\site-packages\sklearn\utils;c:\Users\student\AppData\Local\Programs\Python\Python313\Lib\site-packages\sklearn;c:\Users\student\AppData\Local\Programs\Python\Python313\Lib\site-packages\sklearn\metrics\cluster;c:\Users\student\AppData\Local\Programs\Python\Python313\Lib\site-packages\sklearn\preprocessing;c:\Users\student\AppData\Local\Programs\Python\Python313\Lib\site-packages\sklearn\metrics;c:\Users\student\AppData\Local\Programs\Python\Python313\Lib\site-packages\sklearn\metrics\_pairwise_distances_reduction;c:\Users\student\AppData\Local\Programs\Python\Python313\Lib\site-packages\sklearn\linear_model;c:\Users\student\AppData\Local\Programs\Python\Python313\Lib\site-packages\sklearn\_loss;c:\Users\student\AppData\Local\Programs\Python\Python313\Lib\site-packages\sklearn\svm;c:\Users\student\AppData\Local\Programs\Python\Python313\Lib\site-packages\sklearn\decomposition;c:\Users\student\AppData\Local\Programs\Python\Python313\Lib\site-packages\sklearn\neighbors;c:\Users\student\AppData\Local\Programs\Python\Python313\Lib\site-packages\sklearn\manifold;c:\Users\student\AppData\Local\Programs\Python\Python313\Lib\site-packages\sklearn\tree;c:\Users\student\AppData\Local\Programs\Python\Python313\Lib\site-packages\matplotlib;c:\Users\student\AppData\Local\Programs\Python\Python313\Lib\site-packages\PIL;c:\Users\student\AppData\Local\Programs\Python\Python313\Lib\site-packages\kiwisolver;c:\Users\student\AppData\Local\Programs\Python\Python313\Lib\site-packages\torch\lib;c:\Users\student\AppData\Local\Programs\Python\Python313\Lib\site-packages\torch;C:\Program Files\Java\jdk-21\bin\server;C:\Program Files\Java\jdk-21\bin

VM Arguments:
jvm_args: -Dfile.encoding=UTF8 -ea -Xmx1024m 
java_command: <unknown>
java_class_path (initial): C:\Users\student\AppData\Local\Programs\Python\Python313\Lib\site-packages\konlpy\java;C:\Users\student\AppData\Local\Programs\Python\Python313\Lib\site-packages\konlpy\java\bin;C:\Users\student\AppData\Local\Programs\Python\Python313\Lib\site-packages\konlpy\java\aho-corasick.jar;C:\Users\student\AppData\Local\Programs\Python\Python313\Lib\site-packages\konlpy\java\jhannanum-0.8.4.jar;C:\Users\student\AppData\Local\Programs\Python\Python313\Lib\site-packages\konlpy\java\kkma-2.0.jar;C:\Users\student\AppData\Local\Programs\Python\Python313\Lib\site-packages\konlpy\java\komoran-3.0.jar;C:\Users\student\AppData\Local\Programs\Python\Python313\Lib\site-packages\konlpy\java\open-korean-text-2.1.0.jar;C:\Users\student\AppData\Local\Programs\Python\Python313\Lib\site-packages\konlpy\java\scala-library-2.12.3.jar;C:\Users\student\AppData\Local\Programs\Python\Python313\Lib\site-packages\konlpy\java\shineware-common-1.0.jar;C:\Users\student\AppData\Local\Programs\Python\Python313\Lib\site-packages\konlpy\java\shineware-ds-1.0.jar;C:\Users\student\AppData\Local\Programs\Python\Python313\Lib\site-packages\konlpy\java\snakeyaml-1.12.jar;C:\Users\student\AppData\Local\Programs\Python\Python313\Lib\site-packages\konlpy\java\twitter-text-1.14.7.jar;C:\Users\student\AppData\Local\Programs\Python\Python313\Lib\site-packages\konlpy\java\jhannanum-0.8.4.jar;C:\Users\student\AppData\Local\Programs\Python\Python313\Lib\site-packages\konlpy\java\kkma-2.0.jar;C:\Users\student\AppData\Local\Programs\Python\Python313\Lib\site-packages\konlpy\java\aho-corasick.jar;C:\Users\student\AppData\Local\Programs\Python\Python313\Lib\site-packages\konlpy\java\shineware-common-1.0.jar;C:\Users\student\AppData\Local\Programs\Python\Python313\Lib\site-packages\konlpy\java\shineware-ds-1.0.jar;C:\Users\student\AppData\Local\Programs\Python\Python313\Lib\site-packages\konlpy\java\komoran-3.0.jar;C:\Users\student\AppData\Local\Programs\Python\Python313\Lib\site-packages\konlpy\java\snakeyaml-1.12.jar;C:\Users\student\AppData\Local\Programs\Python\Python313\Lib\site-packages\konlpy\java\scala-library-2.12.3.jar;C:\Users\student\AppData\Local\Programs\Python\Python313\Lib\site-packages\konlpy\java\open-korean-text-2.1.0.jar;C:\Users\student\AppData\Local\Programs\Python\Python313\Lib\site-packages\konlpy\java\twitter-text-1.14.7.jar;C:\Users\student\AppData\Local\Programs\Python\Python313\Lib\site-packages\konlpy\java\aho-corasick.jar;C:\Users\student\AppData\Local\Programs\Python\Python313\Lib\site-packages\konlpy\java\jhannanum-0.8.4.jar;C:\Users\student\AppData\Local\Programs\Python\Python313\Lib\site-packages\konlpy\java\kkma-2.0.jar;C:\Users\student\AppData\Local\Programs\Python\Python313\Lib\site-packages\konlpy\java\komoran-3.0.jar;C:\Users\student\AppData\Local\Programs\Python\Python313\Lib\site-packages\konlpy\java\open-korean-text-2.1.0.jar;C:\Users\student\AppData\Local\Programs\Python\Python313\Lib\site-packages\konlpy\java\scala-library-2.12.3.jar;C:\Users\student\AppData\Local\Programs\Python\Python313\Lib\site-packages\konlpy\java\shineware-common-1.0.jar;C:\Users\student\AppData\Local\Programs\Python\Python313\Lib\site-packages\konlpy\java\shineware-ds-1.0.jar;C:\Users\student\AppData\Local\Programs\Python\Python313\Lib\site-packages\konlpy\java\snakeyaml-1.12.jar;C:\Users\student\AppData\Local\Programs\Python\Python313\Lib\site-packages\konlpy\java\twitter-text-1.14.7.jar;c:\Users\student\AppData\Local\Programs\Python\Python313\Lib\site-packages\org.jpype.jar
Launcher Type: generic

[Global flags]
     intx CICompilerCount                          = 4                                         {product} {ergonomic}
     uint ConcGCThreads                            = 2                                         {product} {ergonomic}
     uint G1ConcRefinementThreads                  = 8                                         {product} {ergonomic}
   size_t G1HeapRegionSize                         = 1048576                                   {product} {ergonomic}
    uintx GCDrainStackTargetSize                   = 64                                        {product} {ergonomic}
   size_t InitialHeapSize                          = 134217728                                 {product} {ergonomic}
   size_t MarkStackSize                            = 4194304                                   {product} {ergonomic}
   size_t MaxHeapSize                              = 1073741824                                {product} {command line}
   size_t MaxNewSize                               = 643825664                                 {product} {ergonomic}
   size_t MinHeapDeltaBytes                        = 1048576                                   {product} {ergonomic}
   size_t MinHeapSize                              = 8388608                                   {product} {ergonomic}
    uintx NonNMethodCodeHeapSize                   = 5839372                                {pd product} {ergonomic}
    uintx NonProfiledCodeHeapSize                  = 122909434                              {pd product} {ergonomic}
    uintx ProfiledCodeHeapSize                     = 122909434                              {pd product} {ergonomic}
    uintx ReservedCodeCacheSize                    = 251658240                              {pd product} {ergonomic}
     bool SegmentedCodeCache                       = true                                      {product} {ergonomic}
   size_t SoftMaxHeapSize                          = 1073741824                             {manageable} {ergonomic}
     bool UseCompressedOops                        = true                           {product lp64_product} {ergonomic}
     bool UseG1GC                                  = true                                      {product} {ergonomic}
     bool UseLargePagesIndividualAllocation        = false                                  {pd product} {ergonomic}

Logging:
Log output configuration:
 #0: stdout all=warning uptime,level,tags foldmultilines=false
 #1: stderr all=off uptime,level,tags foldmultilines=false

Environment Variables:
JAVA_HOME=C:\Program Files\Java\jdk-21
PATH=c:\Users\student\AppData\Local\Programs\Python\Python313;c:\Users\student\AppData\Roaming\Python\Python313\Scripts;C:\Program Files\Java\jdk-21\bin;C:\Windows\system32;C:\Windows;C:\Windows\System32\Wbem;C:\Windows\System32\WindowsPowerShell\v1.0\;C:\Windows\System32\OpenSSH\;C:\Program Files\NVIDIA Corporation\NVIDIA NGX;C:\WINDOWS\system32;C:\WINDOWS;C:\WINDOWS\System32\Wbem;C:\WINDOWS\System32\WindowsPowerShell\v1.0\;C:\WINDOWS\System32\OpenSSH\;C:\Program Files\dotnet\;C:\Program Files\Git\cmd;C:\Users\student\AppData\Local\Programs\Python\Python313\Scripts\;C:\Users\student\AppData\Local\Programs\Python\Python313\;C:\Users\student\AppData\Local\Programs\Python\Launcher\;C:\Users\student\AppData\Local\Microsoft\WindowsApps;C:\Users\student\AppData\Local\Programs\Microsoft VS Code\bin;C:\Program Files\MySQL\MySQL Server 8.0\bin;C:\Users\student\AppData\Local\GitHubDesktop\bin;;C:\Program Files\Java\jdk-21\bin;C:\Windows\system32;C:\Windows;C:\Windows\System32\Wbem;C:\Windows\System32\WindowsPowerShell\v1.0\;C:\Windows\System32\OpenSSH\;C:\Program Files\NVIDIA Corporation\NVIDIA NGX;C:\WINDOWS\system32;C:\WINDOWS;C:\WINDOWS\System32\Wbem;C:\WINDOWS\System32\WindowsPowerShell\v1.0\;C:\WINDOWS\System32\OpenSSH\;C:\Program Files\dotnet\;C:\Program Files\Git\cmd;C:\Users\student\AppData\Local\Programs\Python\Python313\Scripts\;C:\Users\student\AppData\Local\Programs\Python\Python313\;C:\Users\student\AppData\Local\Programs\Python\Launcher\;C:\Users\student\AppData\Local\Microsoft\WindowsApps;C:\Users\student\AppData\Local\Programs\Microsoft VS Code\bin;C:\Program Files\MySQL\MySQL Server 8.0\bin;C:\Users\student\AppData\Local\GitHubDesktop\bin;
USERNAME=student
TERM=xterm-color
OS=Windows_NT
PROCESSOR_IDENTIFIER=Intel64 Family 6 Model 94 Stepping 3, GenuineIntel
TMP=C:\Users\student\AppData\Local\Temp
TEMP=C:\Users\student\AppData\Local\Temp




Periodic native trim disabled

---------------  S Y S T E M  ---------------

OS:
 Windows 11 , 64 bit Build 22621 (10.0.22621.5415)
OS uptime: 0 days 6:42 hours

CPU: total 8 (initial active 8) (4 cores per cpu, 2 threads per core) family 6 model 94 stepping 3 microcode 0xd6, cx8, cmov, fxsr, ht, mmx, 3dnowpref, sse, sse2, sse3, ssse3, sse4.1, sse4.2, popcnt, lzcnt, tsc, tscinvbit, avx, avx2, aes, erms, clmul, bmi1, bmi2, rtm, adx, fma, vzeroupper, clflush, clflushopt, rdtscp, f16c
Processor Information for all 8 processors :
  Max Mhz: 3401, Current Mhz: 3401, Mhz Limit: 3401

Memory: 4k page, system-wide physical 8129M (798M free)
TotalPageFile size 32705M (AvailPageFile size 79M)
current process WorkingSet (physical memory assigned to process): 593M, peak: 599M
current process commit charge ("private bytes"): 1068M, peak: 1302M

vm_info: Java HotSpot(TM) 64-Bit Server VM (21.0.8+12-LTS-250) for windows-amd64 JRE (21.0.8+12-LTS-250), built on 2025-06-27T08:11:22Z by "mach5one" with MS VC++ 17.6 (VS2022)

END.
